Warning: you requested the nanomsg event logger, but bmv2 was compiled without -DBMELOG, and the event logger cannot be activated
You disabled logging macros when building this binary; however, the log level is currenty set to include 'debug' and possibly 'trace' messages; therefore the logs will be missing most messages
Calling target program-options parser
Adding interface l6-eth1 as port 1
Adding interface l6-eth2 as port 2
Adding interface l6-eth3 as port 3
Adding interface l6-eth4 as port 4
Adding interface l6-cpu-eth0 as port 5
Server listening on 0.0.0.0:50006
[17:54:01.112] [bmv2] [I] [thread 67888] Starting Thrift server on port 9096
[17:54:01.112] [bmv2] [I] [thread 67888] Thrift server was started
[17:54:13.067] [bmv2] [D] [thread 68661] simple_switch target has been notified of a config swap
[17:54:26.621] [bmv2] [T] [thread 72833] bm_get_config
[17:54:26.630] [bmv2] [T] [thread 72833] mirroring_sesssion_add
[17:54:26.631] [bmv2] [T] [thread 72833] bm_table_add_entry
[17:54:26.632] [bmv2] [T] [thread 72833] bm_table_add_entry
[17:54:26.632] [bmv2] [T] [thread 72833] bm_table_add_entry
[17:54:26.636] [bmv2] [T] [thread 72833] bm_table_add_entry
[17:54:26.637] [bmv2] [T] [thread 72833] bm_table_add_entry
[17:54:26.638] [bmv2] [T] [thread 72833] bm_table_add_entry
[17:54:26.638] [bmv2] [T] [thread 72833] bm_table_add_entry
[17:54:26.638] [bmv2] [T] [thread 72833] bm_table_add_entry
[17:54:26.639] [bmv2] [T] [thread 72833] bm_table_add_entry
[17:54:26.639] [bmv2] [T] [thread 72833] bm_table_add_entry
[17:54:26.640] [bmv2] [T] [thread 72833] bm_table_add_entry
[17:54:26.641] [bmv2] [T] [thread 72833] bm_table_add_entry
[17:54:26.642] [bmv2] [T] [thread 72833] bm_table_add_entry
[17:54:26.644] [bmv2] [T] [thread 72833] bm_table_add_entry
[17:54:26.645] [bmv2] [T] [thread 72833] bm_table_add_entry
[17:54:26.645] [bmv2] [T] [thread 72833] bm_table_add_entry
[17:54:26.646] [bmv2] [T] [thread 72833] bm_table_add_entry
[17:54:26.646] [bmv2] [T] [thread 72833] bm_table_add_entry
[17:54:26.647] [bmv2] [T] [thread 72833] bm_table_add_entry
[17:54:26.647] [bmv2] [T] [thread 72833] bm_table_add_entry
[17:54:26.648] [bmv2] [T] [thread 72833] bm_table_add_entry
[17:54:26.649] [bmv2] [T] [thread 72833] bm_table_add_entry
[17:54:26.649] [bmv2] [T] [thread 72833] bm_table_add_entry
[17:54:26.650] [bmv2] [T] [thread 72833] bm_table_add_entry
[17:54:26.650] [bmv2] [T] [thread 72833] bm_table_add_entry
[17:54:26.651] [bmv2] [T] [thread 72833] bm_table_add_entry
[17:54:26.651] [bmv2] [T] [thread 72833] bm_table_add_entry
[17:54:26.652] [bmv2] [T] [thread 72833] bm_table_add_entry
[17:54:26.652] [bmv2] [T] [thread 72833] bm_table_add_entry
[17:54:26.653] [bmv2] [T] [thread 72833] bm_table_add_entry
[17:54:26.653] [bmv2] [T] [thread 72833] bm_table_add_entry
[17:54:26.654] [bmv2] [T] [thread 72833] bm_table_add_entry
[17:54:26.654] [bmv2] [T] [thread 72833] bm_table_add_entry
[17:54:26.655] [bmv2] [T] [thread 72833] bm_table_add_entry
[17:54:26.655] [bmv2] [T] [thread 72833] bm_table_add_entry
[17:54:26.656] [bmv2] [T] [thread 72833] bm_table_add_entry
[17:54:26.656] [bmv2] [T] [thread 72833] bm_table_add_entry
[17:54:26.657] [bmv2] [T] [thread 72833] bm_table_add_entry
[17:54:26.657] [bmv2] [T] [thread 72833] bm_table_add_entry
[17:54:26.658] [bmv2] [T] [thread 72833] bm_table_add_entry
[17:54:26.658] [bmv2] [T] [thread 72833] bm_table_add_entry
[17:54:26.659] [bmv2] [T] [thread 72833] bm_table_add_entry
[17:54:26.660] [bmv2] [T] [thread 72833] bm_table_add_entry
[17:54:26.660] [bmv2] [T] [thread 72833] bm_table_add_entry
[17:54:26.661] [bmv2] [T] [thread 72833] bm_table_add_entry
[17:54:26.661] [bmv2] [T] [thread 72833] bm_table_add_entry
[17:54:26.662] [bmv2] [T] [thread 72833] bm_table_add_entry
[17:54:26.662] [bmv2] [T] [thread 72833] bm_table_add_entry
[17:54:26.663] [bmv2] [T] [thread 72833] bm_table_add_entry
[17:54:26.663] [bmv2] [T] [thread 72833] bm_table_add_entry
[17:54:26.664] [bmv2] [T] [thread 72833] bm_table_add_entry
[17:54:26.664] [bmv2] [T] [thread 72833] bm_table_add_entry
[17:54:26.664] [bmv2] [T] [thread 72833] bm_table_add_entry
[17:54:26.665] [bmv2] [T] [thread 72833] bm_table_add_entry
[17:54:26.665] [bmv2] [T] [thread 72833] bm_table_add_entry
[17:54:26.666] [bmv2] [T] [thread 72833] bm_table_add_entry
[17:54:26.667] [bmv2] [T] [thread 72833] bm_table_add_entry
[17:54:26.667] [bmv2] [T] [thread 72833] bm_table_add_entry
[17:54:26.668] [bmv2] [T] [thread 72833] bm_table_add_entry
[17:54:26.669] [bmv2] [T] [thread 72833] bm_table_add_entry
[17:54:26.669] [bmv2] [T] [thread 72833] bm_table_add_entry
[17:54:26.670] [bmv2] [T] [thread 72833] bm_table_add_entry
[17:54:26.671] [bmv2] [T] [thread 72833] bm_table_add_entry
[17:54:26.671] [bmv2] [T] [thread 72833] bm_table_add_entry
[17:54:26.672] [bmv2] [T] [thread 72833] bm_table_add_entry
[17:54:26.673] [bmv2] [T] [thread 72833] bm_table_add_entry
[17:54:26.673] [bmv2] [T] [thread 72833] bm_table_add_entry
[17:54:26.674] [bmv2] [T] [thread 72833] bm_table_add_entry
[17:54:26.675] [bmv2] [T] [thread 72833] bm_table_add_entry
[17:54:26.676] [bmv2] [T] [thread 72833] bm_table_add_entry
[17:54:26.677] [bmv2] [T] [thread 72833] bm_table_add_entry
[17:54:26.677] [bmv2] [T] [thread 72833] bm_table_add_entry
[17:54:26.678] [bmv2] [T] [thread 72833] bm_table_add_entry
[17:54:26.682] [bmv2] [T] [thread 72833] bm_table_add_entry
[17:54:26.682] [bmv2] [T] [thread 72833] bm_table_add_entry
[17:54:26.683] [bmv2] [T] [thread 72833] bm_table_add_entry
[17:54:26.683] [bmv2] [T] [thread 72833] bm_table_add_entry
[17:54:26.684] [bmv2] [T] [thread 72833] bm_table_add_entry
[17:54:26.685] [bmv2] [T] [thread 72833] bm_table_add_entry
[17:54:26.685] [bmv2] [T] [thread 72833] bm_table_add_entry
[17:54:26.686] [bmv2] [T] [thread 72833] bm_table_add_entry
[17:54:26.686] [bmv2] [T] [thread 72833] bm_table_add_entry
[17:54:26.687] [bmv2] [T] [thread 72833] bm_table_add_entry
[17:54:26.688] [bmv2] [T] [thread 72833] bm_table_add_entry
[17:54:26.689] [bmv2] [T] [thread 72833] bm_table_add_entry
[17:54:26.690] [bmv2] [T] [thread 72833] bm_table_add_entry
[17:54:26.690] [bmv2] [T] [thread 72833] bm_table_add_entry
[17:54:26.691] [bmv2] [T] [thread 72833] bm_table_add_entry
[17:54:26.692] [bmv2] [T] [thread 72833] bm_table_add_entry
[17:54:26.692] [bmv2] [T] [thread 72833] bm_table_add_entry
[17:54:26.693] [bmv2] [T] [thread 72833] bm_table_add_entry
[17:54:26.693] [bmv2] [T] [thread 72833] bm_table_add_entry
[17:54:26.694] [bmv2] [T] [thread 72833] bm_table_add_entry
[17:54:26.694] [bmv2] [T] [thread 72833] bm_table_add_entry
[17:54:26.695] [bmv2] [T] [thread 72833] bm_table_add_entry
[17:54:26.696] [bmv2] [T] [thread 72833] bm_table_add_entry
[17:54:26.696] [bmv2] [T] [thread 72833] bm_table_add_entry
[17:54:26.697] [bmv2] [T] [thread 72833] bm_table_add_entry
[17:55:44.872] [bmv2] [T] [thread 78210] bm_get_config
[17:55:44.879] [bmv2] [T] [thread 78210] mirroring_sesssion_add
[17:55:44.879] [bmv2] [T] [thread 78210] bm_table_add_entry
[17:55:44.879] [bmv2] [E] [thread 78210] Error when trying to add entry to table 'int_vxlan_ingress.local_forward.tb_local_forward': DUPLICATE_ENTRY
[17:55:44.880] [bmv2] [T] [thread 78210] bm_table_add_entry
[17:55:44.880] [bmv2] [E] [thread 78210] Error when trying to add entry to table 'int_vxlan_ingress.local_forward.tb_local_forward': DUPLICATE_ENTRY
[17:55:44.881] [bmv2] [T] [thread 78210] bm_table_add_entry
[17:55:44.881] [bmv2] [E] [thread 78210] Error when trying to add entry to table 'int_vxlan_ingress.vxlan_ingress_downstream.tb_dst_ip_to_mac': DUPLICATE_ENTRY
[17:55:44.882] [bmv2] [T] [thread 78210] bm_table_add_entry
[17:55:44.882] [bmv2] [E] [thread 78210] Error when trying to add entry to table 'int_vxlan_ingress.vxlan_ingress_downstream.tb_dst_ip_to_mac': DUPLICATE_ENTRY
[17:55:44.883] [bmv2] [T] [thread 78210] bm_table_add_entry
[17:55:44.883] [bmv2] [E] [thread 78210] Error when trying to add entry to table 'int_vxlan_ingress.vxlan_ingress_downstream.tb_dst_ip_to_mac': DUPLICATE_ENTRY
[17:55:44.883] [bmv2] [T] [thread 78210] bm_table_add_entry
[17:55:44.883] [bmv2] [E] [thread 78210] Error when trying to add entry to table 'int_vxlan_ingress.vxlan_ingress_downstream.tb_dst_ip_to_mac': DUPLICATE_ENTRY
[17:55:44.884] [bmv2] [T] [thread 78210] bm_table_add_entry
[17:55:44.884] [bmv2] [E] [thread 78210] Error when trying to add entry to table 'int_vxlan_ingress.vxlan_ingress_downstream.tb_dst_ip_to_mac': DUPLICATE_ENTRY
[17:55:44.885] [bmv2] [T] [thread 78210] bm_table_add_entry
[17:55:44.885] [bmv2] [E] [thread 78210] Error when trying to add entry to table 'int_vxlan_ingress.vxlan_ingress_downstream.tb_dst_ip_to_mac': DUPLICATE_ENTRY
[17:55:44.886] [bmv2] [T] [thread 78210] bm_table_add_entry
[17:55:44.886] [bmv2] [E] [thread 78210] Error when trying to add entry to table 'int_vxlan_ingress.vxlan_ingress_downstream.tb_dst_ip_to_mac': DUPLICATE_ENTRY
[17:55:44.887] [bmv2] [T] [thread 78210] bm_table_add_entry
[17:55:44.887] [bmv2] [E] [thread 78210] Error when trying to add entry to table 'int_vxlan_ingress.vxlan_ingress_downstream.tb_dst_ip_to_mac': DUPLICATE_ENTRY
[17:55:44.887] [bmv2] [T] [thread 78210] bm_table_add_entry
[17:55:44.887] [bmv2] [E] [thread 78210] Error when trying to add entry to table 'int_vxlan_ingress.vxlan_ingress_downstream.tb_dst_ip_to_mac': DUPLICATE_ENTRY
[17:55:44.888] [bmv2] [T] [thread 78210] bm_table_add_entry
[17:55:44.888] [bmv2] [E] [thread 78210] Error when trying to add entry to table 'int_vxlan_ingress.vxlan_ingress_downstream.tb_dst_ip_to_mac': DUPLICATE_ENTRY
[17:55:44.888] [bmv2] [T] [thread 78210] bm_table_add_entry
[17:55:44.888] [bmv2] [E] [thread 78210] Error when trying to add entry to table 'int_vxlan_ingress.vxlan_ingress_downstream.tb_dst_ip_to_mac': DUPLICATE_ENTRY
[17:55:44.889] [bmv2] [T] [thread 78210] bm_table_add_entry
[17:55:44.889] [bmv2] [E] [thread 78210] Error when trying to add entry to table 'int_vxlan_ingress.vxlan_ingress_downstream.tb_dst_ip_to_mac': DUPLICATE_ENTRY
[17:55:44.890] [bmv2] [T] [thread 78210] bm_table_add_entry
[17:55:44.890] [bmv2] [E] [thread 78210] Error when trying to add entry to table 'int_vxlan_ingress.vxlan_ingress_downstream.tb_dst_ip_to_mac': DUPLICATE_ENTRY
[17:55:44.891] [bmv2] [T] [thread 78210] bm_table_add_entry
[17:55:44.891] [bmv2] [E] [thread 78210] Error when trying to add entry to table 'int_vxlan_ingress.vxlan_ingress_downstream.tb_dst_ip_to_mac': DUPLICATE_ENTRY
[17:55:44.891] [bmv2] [T] [thread 78210] bm_table_add_entry
[17:55:44.891] [bmv2] [E] [thread 78210] Error when trying to add entry to table 'int_vxlan_ingress.vxlan_ingress_downstream.tb_dst_ip_to_mac': DUPLICATE_ENTRY
[17:55:44.892] [bmv2] [T] [thread 78210] bm_table_add_entry
[17:55:44.892] [bmv2] [E] [thread 78210] Error when trying to add entry to table 'int_vxlan_ingress.vxlan_ingress_downstream.tb_dst_ip_to_mac': DUPLICATE_ENTRY
[17:55:44.893] [bmv2] [T] [thread 78210] bm_table_add_entry
[17:55:44.893] [bmv2] [E] [thread 78210] Error when trying to add entry to table 'int_vxlan_ingress.vxlan_ingress_downstream.tb_vtep': DUPLICATE_ENTRY
[17:55:44.893] [bmv2] [T] [thread 78210] bm_table_add_entry
[17:55:44.893] [bmv2] [E] [thread 78210] Error when trying to add entry to table 'int_vxlan_ingress.vxlan_ingress_downstream.tb_vtep': DUPLICATE_ENTRY
[17:55:44.894] [bmv2] [T] [thread 78210] bm_table_add_entry
[17:55:44.894] [bmv2] [E] [thread 78210] Error when trying to add entry to table 'int_vxlan_ingress.vxlan_ingress_downstream.tb_vxlan_segment': DUPLICATE_ENTRY
[17:55:44.895] [bmv2] [T] [thread 78210] bm_table_add_entry
[17:55:44.895] [bmv2] [E] [thread 78210] Error when trying to add entry to table 'int_vxlan_ingress.vxlan_ingress_downstream.tb_peer_vtep': DUPLICATE_ENTRY
[17:55:44.895] [bmv2] [T] [thread 78210] bm_table_add_entry
[17:55:44.895] [bmv2] [E] [thread 78210] Error when trying to add entry to table 'int_vxlan_ingress.vxlan_ingress_downstream.tb_peer_vtep': DUPLICATE_ENTRY
[17:55:44.896] [bmv2] [T] [thread 78210] bm_table_add_entry
[17:55:44.896] [bmv2] [E] [thread 78210] Error when trying to add entry to table 'int_vxlan_ingress.vxlan_ingress_downstream.tb_peer_vtep': DUPLICATE_ENTRY
[17:55:44.903] [bmv2] [T] [thread 78210] bm_table_add_entry
[17:55:44.903] [bmv2] [E] [thread 78210] Error when trying to add entry to table 'int_vxlan_ingress.vxlan_ingress_downstream.tb_peer_vtep': DUPLICATE_ENTRY
[17:55:44.904] [bmv2] [T] [thread 78210] bm_table_add_entry
[17:55:44.904] [bmv2] [E] [thread 78210] Error when trying to add entry to table 'int_vxlan_ingress.vxlan_ingress_downstream.tb_peer_vtep': DUPLICATE_ENTRY
[17:55:44.904] [bmv2] [T] [thread 78210] bm_table_add_entry
[17:55:44.904] [bmv2] [E] [thread 78210] Error when trying to add entry to table 'int_vxlan_ingress.vxlan_ingress_downstream.tb_peer_vtep': DUPLICATE_ENTRY
[17:55:44.905] [bmv2] [T] [thread 78210] bm_table_add_entry
[17:55:44.905] [bmv2] [E] [thread 78210] Error when trying to add entry to table 'int_vxlan_ingress.vxlan_ingress_downstream.tb_peer_vtep': DUPLICATE_ENTRY
[17:55:44.905] [bmv2] [T] [thread 78210] bm_table_add_entry
[17:55:44.905] [bmv2] [E] [thread 78210] Error when trying to add entry to table 'int_vxlan_ingress.vxlan_ingress_downstream.tb_peer_vtep': DUPLICATE_ENTRY
[17:55:44.906] [bmv2] [T] [thread 78210] bm_table_add_entry
[17:55:44.906] [bmv2] [E] [thread 78210] Error when trying to add entry to table 'int_vxlan_ingress.vxlan_ingress_downstream.tb_peer_vtep': DUPLICATE_ENTRY
[17:55:44.906] [bmv2] [T] [thread 78210] bm_table_add_entry
[17:55:44.906] [bmv2] [E] [thread 78210] Error when trying to add entry to table 'int_vxlan_ingress.vxlan_ingress_downstream.tb_peer_vtep': DUPLICATE_ENTRY
[17:55:44.907] [bmv2] [T] [thread 78210] bm_table_add_entry
[17:55:44.907] [bmv2] [E] [thread 78210] Error when trying to add entry to table 'int_vxlan_ingress.vxlan_ingress_downstream.tb_peer_vtep': DUPLICATE_ENTRY
[17:55:44.908] [bmv2] [T] [thread 78210] bm_table_add_entry
[17:55:44.908] [bmv2] [E] [thread 78210] Error when trying to add entry to table 'int_vxlan_ingress.vxlan_ingress_downstream.tb_peer_vtep': DUPLICATE_ENTRY
[17:55:44.908] [bmv2] [T] [thread 78210] bm_table_add_entry
[17:55:44.908] [bmv2] [E] [thread 78210] Error when trying to add entry to table 'int_vxlan_ingress.vxlan_ingress_downstream.tb_peer_vtep': DUPLICATE_ENTRY
[17:55:44.909] [bmv2] [T] [thread 78210] bm_table_add_entry
[17:55:44.909] [bmv2] [E] [thread 78210] Error when trying to add entry to table 'int_vxlan_ingress.vxlan_ingress_downstream.tb_peer_vtep': DUPLICATE_ENTRY
[17:55:44.909] [bmv2] [T] [thread 78210] bm_table_add_entry
[17:55:44.910] [bmv2] [E] [thread 78210] Error when trying to add entry to table 'int_vxlan_ingress.int_source_activation.tb_activate_source': DUPLICATE_ENTRY
[17:55:44.910] [bmv2] [T] [thread 78210] bm_table_add_entry
[17:55:44.910] [bmv2] [E] [thread 78210] Error when trying to add entry to table 'int_vxlan_ingress.int_source_activation.tb_activate_source': DUPLICATE_ENTRY
[17:55:44.911] [bmv2] [T] [thread 78210] bm_table_add_entry
[17:55:44.911] [bmv2] [E] [thread 78210] Error when trying to add entry to table 'int_vxlan_ingress.int_source_activation.tb_flow_monitor': DUPLICATE_ENTRY
[17:55:44.911] [bmv2] [T] [thread 78210] bm_table_add_entry
[17:55:44.911] [bmv2] [E] [thread 78210] Error when trying to add entry to table 'int_vxlan_ingress.int_source_activation.tb_flow_monitor': DUPLICATE_ENTRY
[17:55:44.912] [bmv2] [T] [thread 78210] bm_table_add_entry
[17:55:44.912] [bmv2] [E] [thread 78210] Error when trying to add entry to table 'int_vxlan_ingress.int_source_activation.tb_flow_monitor': DUPLICATE_ENTRY
[17:55:44.913] [bmv2] [T] [thread 78210] bm_table_add_entry
[17:55:44.913] [bmv2] [E] [thread 78210] Error when trying to add entry to table 'int_vxlan_ingress.int_source_activation.tb_flow_monitor': DUPLICATE_ENTRY
[17:55:44.913] [bmv2] [T] [thread 78210] bm_table_add_entry
[17:55:44.913] [bmv2] [E] [thread 78210] Error when trying to add entry to table 'int_vxlan_ingress.int_source_activation.tb_flow_monitor': DUPLICATE_ENTRY
[17:55:44.914] [bmv2] [T] [thread 78210] bm_table_add_entry
[17:55:44.914] [bmv2] [E] [thread 78210] Error when trying to add entry to table 'int_vxlan_ingress.int_source_activation.tb_flow_monitor': DUPLICATE_ENTRY
[17:55:44.914] [bmv2] [T] [thread 78210] bm_table_add_entry
[17:55:44.914] [bmv2] [E] [thread 78210] Error when trying to add entry to table 'int_vxlan_ingress.int_source_activation.tb_flow_monitor': DUPLICATE_ENTRY
[17:55:44.915] [bmv2] [T] [thread 78210] bm_table_add_entry
[17:55:44.915] [bmv2] [E] [thread 78210] Error when trying to add entry to table 'int_vxlan_ingress.int_source_activation.tb_flow_monitor': DUPLICATE_ENTRY
[17:55:44.915] [bmv2] [T] [thread 78210] bm_table_add_entry
[17:55:44.915] [bmv2] [E] [thread 78210] Error when trying to add entry to table 'int_vxlan_ingress.int_source_activation.tb_flow_monitor': DUPLICATE_ENTRY
[17:55:44.916] [bmv2] [T] [thread 78210] bm_table_add_entry
[17:55:44.916] [bmv2] [E] [thread 78210] Error when trying to add entry to table 'int_vxlan_ingress.int_source_activation.tb_flow_monitor': DUPLICATE_ENTRY
[17:55:44.917] [bmv2] [T] [thread 78210] bm_table_add_entry
[17:55:44.917] [bmv2] [E] [thread 78210] Error when trying to add entry to table 'int_vxlan_ingress.int_source_activation.tb_flow_monitor': DUPLICATE_ENTRY
[17:55:44.917] [bmv2] [T] [thread 78210] bm_table_add_entry
[17:55:44.917] [bmv2] [E] [thread 78210] Error when trying to add entry to table 'int_vxlan_ingress.int_source_activation.tb_flow_monitor': DUPLICATE_ENTRY
[17:55:44.918] [bmv2] [T] [thread 78210] bm_table_add_entry
[17:55:44.918] [bmv2] [E] [thread 78210] Error when trying to add entry to table 'int_vxlan_ingress.int_source_activation.tb_flow_monitor': DUPLICATE_ENTRY
[17:55:44.919] [bmv2] [T] [thread 78210] bm_table_add_entry
[17:55:44.919] [bmv2] [E] [thread 78210] Error when trying to add entry to table 'int_vxlan_ingress.int_source_activation.tb_flow_monitor': DUPLICATE_ENTRY
[17:55:44.919] [bmv2] [T] [thread 78210] bm_table_add_entry
[17:55:44.920] [bmv2] [E] [thread 78210] Error when trying to add entry to table 'int_vxlan_ingress.int_source_activation.tb_flow_monitor': DUPLICATE_ENTRY
[17:55:44.920] [bmv2] [T] [thread 78210] bm_table_add_entry
[17:55:44.920] [bmv2] [E] [thread 78210] Error when trying to add entry to table 'int_vxlan_ingress.int_source_activation.tb_flow_monitor': DUPLICATE_ENTRY
[17:55:44.921] [bmv2] [T] [thread 78210] bm_table_add_entry
[17:55:44.921] [bmv2] [E] [thread 78210] Error when trying to add entry to table 'int_vxlan_ingress.int_source_activation.tb_flow_monitor': DUPLICATE_ENTRY
[17:55:44.922] [bmv2] [T] [thread 78210] bm_table_add_entry
[17:55:44.922] [bmv2] [E] [thread 78210] Error when trying to add entry to table 'int_vxlan_ingress.int_source_activation.tb_flow_monitor': DUPLICATE_ENTRY
[17:55:44.922] [bmv2] [T] [thread 78210] bm_table_add_entry
[17:55:44.922] [bmv2] [E] [thread 78210] Error when trying to add entry to table 'int_vxlan_ingress.int_source_activation.tb_flow_monitor': DUPLICATE_ENTRY
[17:55:44.923] [bmv2] [T] [thread 78210] bm_table_add_entry
[17:55:44.923] [bmv2] [E] [thread 78210] Error when trying to add entry to table 'int_vxlan_ingress.int_source_activation.tb_flow_monitor': DUPLICATE_ENTRY
[17:55:44.924] [bmv2] [T] [thread 78210] bm_table_add_entry
[17:55:44.924] [bmv2] [E] [thread 78210] Error when trying to add entry to table 'int_vxlan_ingress.int_source_activation.tb_flow_monitor': DUPLICATE_ENTRY
[17:55:44.924] [bmv2] [T] [thread 78210] bm_table_add_entry
[17:55:44.925] [bmv2] [E] [thread 78210] Error when trying to add entry to table 'int_vxlan_ingress.int_source_activation.tb_flow_monitor': DUPLICATE_ENTRY
[17:55:44.925] [bmv2] [T] [thread 78210] bm_table_add_entry
[17:55:44.925] [bmv2] [E] [thread 78210] Error when trying to add entry to table 'int_vxlan_ingress.int_source_activation.tb_flow_monitor': DUPLICATE_ENTRY
[17:55:44.926] [bmv2] [T] [thread 78210] bm_table_add_entry
[17:55:44.926] [bmv2] [E] [thread 78210] Error when trying to add entry to table 'int_vxlan_ingress.int_source_activation.tb_flow_monitor': DUPLICATE_ENTRY
[17:55:44.927] [bmv2] [T] [thread 78210] bm_table_add_entry
[17:55:44.927] [bmv2] [E] [thread 78210] Error when trying to add entry to table 'int_vxlan_ingress.int_source_activation.tb_flow_monitor': DUPLICATE_ENTRY
[17:55:44.928] [bmv2] [T] [thread 78210] bm_table_add_entry
[17:55:44.928] [bmv2] [E] [thread 78210] Error when trying to add entry to table 'int_vxlan_ingress.int_source_activation.tb_flow_monitor': DUPLICATE_ENTRY
[17:55:44.928] [bmv2] [T] [thread 78210] bm_table_add_entry
[17:55:44.928] [bmv2] [E] [thread 78210] Error when trying to add entry to table 'int_vxlan_ingress.int_source_activation.tb_flow_monitor': DUPLICATE_ENTRY
[17:55:44.929] [bmv2] [T] [thread 78210] bm_table_add_entry
[17:55:44.929] [bmv2] [E] [thread 78210] Error when trying to add entry to table 'int_vxlan_ingress.int_source_activation.tb_flow_monitor': DUPLICATE_ENTRY
[17:55:44.930] [bmv2] [T] [thread 78210] bm_table_add_entry
[17:55:44.930] [bmv2] [E] [thread 78210] Error when trying to add entry to table 'int_vxlan_ingress.int_source_activation.tb_flow_monitor': DUPLICATE_ENTRY
[17:55:44.931] [bmv2] [T] [thread 78210] bm_table_add_entry
[17:55:44.931] [bmv2] [E] [thread 78210] Error when trying to add entry to table 'int_vxlan_ingress.int_source_activation.tb_flow_monitor': DUPLICATE_ENTRY
[17:55:44.932] [bmv2] [T] [thread 78210] bm_table_add_entry
[17:55:44.932] [bmv2] [E] [thread 78210] Error when trying to add entry to table 'int_vxlan_ingress.int_source_activation.tb_flow_monitor': DUPLICATE_ENTRY
[17:55:44.933] [bmv2] [T] [thread 78210] bm_table_add_entry
[17:55:44.933] [bmv2] [E] [thread 78210] Error when trying to add entry to table 'int_vxlan_ingress.int_source_activation.tb_flow_monitor': DUPLICATE_ENTRY
[17:55:44.934] [bmv2] [T] [thread 78210] bm_table_add_entry
[17:55:44.934] [bmv2] [E] [thread 78210] Error when trying to add entry to table 'int_vxlan_ingress.int_source_activation.tb_flow_monitor': DUPLICATE_ENTRY
[17:55:44.935] [bmv2] [T] [thread 78210] bm_table_add_entry
[17:55:44.935] [bmv2] [E] [thread 78210] Error when trying to add entry to table 'int_vxlan_ingress.int_source_activation.tb_flow_monitor': DUPLICATE_ENTRY
[17:55:44.936] [bmv2] [T] [thread 78210] bm_table_add_entry
[17:55:44.937] [bmv2] [E] [thread 78210] Error when trying to add entry to table 'int_vxlan_ingress.int_source_activation.tb_flow_monitor': DUPLICATE_ENTRY
[17:55:44.937] [bmv2] [T] [thread 78210] bm_table_add_entry
[17:55:44.937] [bmv2] [E] [thread 78210] Error when trying to add entry to table 'int_vxlan_ingress.int_source_activation.tb_flow_monitor': DUPLICATE_ENTRY
[17:55:44.938] [bmv2] [T] [thread 78210] bm_table_add_entry
[17:55:44.938] [bmv2] [E] [thread 78210] Error when trying to add entry to table 'int_vxlan_ingress.int_source_activation.tb_flow_monitor': DUPLICATE_ENTRY
[17:55:44.938] [bmv2] [T] [thread 78210] bm_table_add_entry
[17:55:44.938] [bmv2] [E] [thread 78210] Error when trying to add entry to table 'int_vxlan_ingress.int_source_activation.tb_flow_monitor': DUPLICATE_ENTRY
[17:55:44.938] [bmv2] [T] [thread 78210] bm_table_add_entry
[17:55:44.939] [bmv2] [E] [thread 78210] Error when trying to add entry to table 'int_vxlan_ingress.int_source_activation.tb_flow_monitor': DUPLICATE_ENTRY
[17:55:44.939] [bmv2] [T] [thread 78210] bm_table_add_entry
[17:55:44.939] [bmv2] [E] [thread 78210] Error when trying to add entry to table 'int_vxlan_ingress.int_source_activation.tb_flow_monitor': DUPLICATE_ENTRY
[17:55:44.939] [bmv2] [T] [thread 78210] bm_table_add_entry
[17:55:44.939] [bmv2] [E] [thread 78210] Error when trying to add entry to table 'int_vxlan_ingress.int_source_activation.tb_flow_monitor': DUPLICATE_ENTRY
[17:55:44.939] [bmv2] [T] [thread 78210] bm_table_add_entry
[17:55:44.940] [bmv2] [E] [thread 78210] Error when trying to add entry to table 'int_vxlan_ingress.int_source_activation.tb_flow_monitor': DUPLICATE_ENTRY
[17:55:44.940] [bmv2] [T] [thread 78210] bm_table_add_entry
[17:55:44.940] [bmv2] [E] [thread 78210] Error when trying to add entry to table 'int_vxlan_ingress.int_source_activation.tb_flow_monitor': DUPLICATE_ENTRY
[17:55:44.940] [bmv2] [T] [thread 78210] bm_table_add_entry
[17:55:44.940] [bmv2] [E] [thread 78210] Error when trying to add entry to table 'int_vxlan_ingress.int_source_activation.tb_flow_monitor': DUPLICATE_ENTRY
[17:55:44.940] [bmv2] [T] [thread 78210] bm_table_add_entry
[17:55:44.940] [bmv2] [E] [thread 78210] Error when trying to add entry to table 'int_vxlan_ingress.int_source_activation.tb_flow_monitor': DUPLICATE_ENTRY
[17:55:44.941] [bmv2] [T] [thread 78210] bm_table_add_entry
[17:55:44.941] [bmv2] [E] [thread 78210] Error when trying to add entry to table 'int_vxlan_ingress.int_source_activation.tb_flow_monitor': DUPLICATE_ENTRY
[17:55:44.941] [bmv2] [T] [thread 78210] bm_table_add_entry
[17:55:44.941] [bmv2] [E] [thread 78210] Error when trying to add entry to table 'int_vxlan_ingress.int_source_activation.tb_flow_monitor': DUPLICATE_ENTRY
[17:55:44.941] [bmv2] [T] [thread 78210] bm_table_add_entry
[17:55:44.942] [bmv2] [E] [thread 78210] Error when trying to add entry to table 'int_vxlan_ingress.int_source_activation.tb_flow_monitor': DUPLICATE_ENTRY
[17:55:44.942] [bmv2] [T] [thread 78210] bm_table_add_entry
[17:55:44.942] [bmv2] [E] [thread 78210] Error when trying to add entry to table 'int_vxlan_ingress.int_source_activation.tb_flow_monitor': DUPLICATE_ENTRY
[17:55:44.942] [bmv2] [T] [thread 78210] bm_table_add_entry
[17:55:44.943] [bmv2] [E] [thread 78210] Error when trying to add entry to table 'int_vxlan_ingress.int_source_activation.tb_flow_monitor': DUPLICATE_ENTRY
[17:55:44.943] [bmv2] [T] [thread 78210] bm_table_add_entry
[17:55:44.943] [bmv2] [E] [thread 78210] Error when trying to add entry to table 'int_vxlan_ingress.int_source_activation.tb_flow_monitor': DUPLICATE_ENTRY
[17:55:44.943] [bmv2] [T] [thread 78210] bm_table_add_entry
[17:55:44.943] [bmv2] [E] [thread 78210] Error when trying to add entry to table 'int_vxlan_ingress.int_source_activation.tb_flow_monitor': DUPLICATE_ENTRY
[17:55:44.944] [bmv2] [T] [thread 78210] bm_table_add_entry
[17:55:44.944] [bmv2] [E] [thread 78210] Error when trying to add entry to table 'int_vxlan_ingress.int_source_activation.tb_flow_monitor': DUPLICATE_ENTRY
[17:55:44.944] [bmv2] [T] [thread 78210] bm_table_add_entry
[17:55:44.944] [bmv2] [E] [thread 78210] Error when trying to add entry to table 'int_vxlan_ingress.int_source_activation.tb_flow_monitor': DUPLICATE_ENTRY
[17:55:44.944] [bmv2] [T] [thread 78210] bm_table_add_entry
[17:55:44.944] [bmv2] [E] [thread 78210] Error when trying to add entry to table 'int_vxlan_ingress.int_source_activation.tb_flow_monitor': DUPLICATE_ENTRY
[17:55:44.944] [bmv2] [T] [thread 78210] bm_table_add_entry
[17:55:44.944] [bmv2] [E] [thread 78210] Error when trying to add entry to table 'int_vxlan_ingress.int_source_activation.tb_flow_monitor': DUPLICATE_ENTRY
[17:55:44.944] [bmv2] [T] [thread 78210] bm_table_add_entry
[17:55:44.945] [bmv2] [E] [thread 78210] Error when trying to add entry to table 'int_vxlan_ingress.vxlan_ingress_upstream.tb_vxlan_forward_l2': DUPLICATE_ENTRY
[17:55:44.945] [bmv2] [T] [thread 78210] bm_table_add_entry
[17:55:44.945] [bmv2] [E] [thread 78210] Error when trying to add entry to table 'int_vxlan_ingress.vxlan_ingress_upstream.tb_vxlan_forward_l2': DUPLICATE_ENTRY
[17:55:44.945] [bmv2] [T] [thread 78210] bm_table_add_entry
[17:55:44.945] [bmv2] [E] [thread 78210] Error when trying to add entry to table 'int_vxlan_ingress.int_sink_config.tb_int_sink': DUPLICATE_ENTRY
[17:55:44.945] [bmv2] [T] [thread 78210] bm_table_add_entry
[17:55:44.945] [bmv2] [E] [thread 78210] Error when trying to add entry to table 'int_vxlan_ingress.int_sink_config.tb_int_sink': DUPLICATE_ENTRY
[17:55:44.945] [bmv2] [T] [thread 78210] bm_table_add_entry
[17:55:44.945] [bmv2] [E] [thread 78210] Error when trying to add entry to table 'int_vxlan_egress.int_transit.tb_int_transit': DUPLICATE_ENTRY
