Warning: you requested the nanomsg event logger, but bmv2 was compiled without -DBMELOG, and the event logger cannot be activated
You disabled logging macros when building this binary; however, the log level is currenty set to include 'debug' and possibly 'trace' messages; therefore the logs will be missing most messages
Calling target program-options parser
Adding interface l4-eth1 as port 1
Adding interface l4-eth2 as port 2
Adding interface l4-eth3 as port 3
Adding interface l4-eth4 as port 4
Adding interface l4-cpu-eth0 as port 5
Server listening on 0.0.0.0:50004
[17:53:53.101] [bmv2] [I] [thread 67849] Starting Thrift server on port 9094
[17:53:53.102] [bmv2] [I] [thread 67849] Thrift server was started
[17:54:12.913] [bmv2] [D] [thread 68588] simple_switch target has been notified of a config swap
[17:54:26.340] [bmv2] [T] [thread 72826] bm_get_config
[17:54:26.346] [bmv2] [T] [thread 72826] mirroring_sesssion_add
[17:54:26.347] [bmv2] [T] [thread 72826] bm_table_add_entry
[17:54:26.348] [bmv2] [T] [thread 72826] bm_table_add_entry
[17:54:26.348] [bmv2] [T] [thread 72826] bm_table_add_entry
[17:54:26.349] [bmv2] [T] [thread 72826] bm_table_add_entry
[17:54:26.349] [bmv2] [T] [thread 72826] bm_table_add_entry
[17:54:26.350] [bmv2] [T] [thread 72826] bm_table_add_entry
[17:54:26.350] [bmv2] [T] [thread 72826] bm_table_add_entry
[17:54:26.351] [bmv2] [T] [thread 72826] bm_table_add_entry
[17:54:26.351] [bmv2] [T] [thread 72826] bm_table_add_entry
[17:54:26.352] [bmv2] [T] [thread 72826] bm_table_add_entry
[17:54:26.352] [bmv2] [T] [thread 72826] bm_table_add_entry
[17:54:26.353] [bmv2] [T] [thread 72826] bm_table_add_entry
[17:54:26.353] [bmv2] [T] [thread 72826] bm_table_add_entry
[17:54:26.354] [bmv2] [T] [thread 72826] bm_table_add_entry
[17:54:26.354] [bmv2] [T] [thread 72826] bm_table_add_entry
[17:54:26.355] [bmv2] [T] [thread 72826] bm_table_add_entry
[17:54:26.356] [bmv2] [T] [thread 72826] bm_table_add_entry
[17:54:26.356] [bmv2] [T] [thread 72826] bm_table_add_entry
[17:54:26.357] [bmv2] [T] [thread 72826] bm_table_add_entry
[17:54:26.358] [bmv2] [T] [thread 72826] bm_table_add_entry
[17:54:26.358] [bmv2] [T] [thread 72826] bm_table_add_entry
[17:54:26.359] [bmv2] [T] [thread 72826] bm_table_add_entry
[17:54:26.360] [bmv2] [T] [thread 72826] bm_table_add_entry
[17:54:26.360] [bmv2] [T] [thread 72826] bm_table_add_entry
[17:54:26.361] [bmv2] [T] [thread 72826] bm_table_add_entry
[17:54:26.362] [bmv2] [T] [thread 72826] bm_table_add_entry
[17:54:26.362] [bmv2] [T] [thread 72826] bm_table_add_entry
[17:54:26.363] [bmv2] [T] [thread 72826] bm_table_add_entry
[17:54:26.363] [bmv2] [T] [thread 72826] bm_table_add_entry
[17:54:26.364] [bmv2] [T] [thread 72826] bm_table_add_entry
[17:54:26.365] [bmv2] [T] [thread 72826] bm_table_add_entry
[17:54:26.365] [bmv2] [T] [thread 72826] bm_table_add_entry
[17:54:26.366] [bmv2] [T] [thread 72826] bm_table_add_entry
[17:54:26.367] [bmv2] [T] [thread 72826] bm_table_add_entry
[17:54:26.367] [bmv2] [T] [thread 72826] bm_table_add_entry
[17:54:26.368] [bmv2] [T] [thread 72826] bm_table_add_entry
[17:54:26.369] [bmv2] [T] [thread 72826] bm_table_add_entry
[17:54:26.370] [bmv2] [T] [thread 72826] bm_table_add_entry
[17:54:26.371] [bmv2] [T] [thread 72826] bm_table_add_entry
[17:54:26.371] [bmv2] [T] [thread 72826] bm_table_add_entry
[17:54:26.372] [bmv2] [T] [thread 72826] bm_table_add_entry
[17:54:26.377] [bmv2] [T] [thread 72826] bm_table_add_entry
[17:54:26.377] [bmv2] [T] [thread 72826] bm_table_add_entry
[17:54:26.377] [bmv2] [T] [thread 72826] bm_table_add_entry
[17:54:26.378] [bmv2] [T] [thread 72826] bm_table_add_entry
[17:54:26.378] [bmv2] [T] [thread 72826] bm_table_add_entry
[17:54:26.379] [bmv2] [T] [thread 72826] bm_table_add_entry
[17:54:26.380] [bmv2] [T] [thread 72826] bm_table_add_entry
[17:54:26.380] [bmv2] [T] [thread 72826] bm_table_add_entry
[17:54:26.381] [bmv2] [T] [thread 72826] bm_table_add_entry
[17:54:26.381] [bmv2] [T] [thread 72826] bm_table_add_entry
[17:54:26.382] [bmv2] [T] [thread 72826] bm_table_add_entry
[17:54:26.382] [bmv2] [T] [thread 72826] bm_table_add_entry
[17:54:26.383] [bmv2] [T] [thread 72826] bm_table_add_entry
[17:54:26.384] [bmv2] [T] [thread 72826] bm_table_add_entry
[17:54:26.384] [bmv2] [T] [thread 72826] bm_table_add_entry
[17:54:26.385] [bmv2] [T] [thread 72826] bm_table_add_entry
[17:54:26.385] [bmv2] [T] [thread 72826] bm_table_add_entry
[17:54:26.386] [bmv2] [T] [thread 72826] bm_table_add_entry
[17:54:26.387] [bmv2] [T] [thread 72826] bm_table_add_entry
[17:54:26.388] [bmv2] [T] [thread 72826] bm_table_add_entry
[17:54:26.389] [bmv2] [T] [thread 72826] bm_table_add_entry
[17:54:26.389] [bmv2] [T] [thread 72826] bm_table_add_entry
[17:54:26.390] [bmv2] [T] [thread 72826] bm_table_add_entry
[17:54:26.390] [bmv2] [T] [thread 72826] bm_table_add_entry
[17:54:26.391] [bmv2] [T] [thread 72826] bm_table_add_entry
[17:54:26.391] [bmv2] [T] [thread 72826] bm_table_add_entry
[17:54:26.392] [bmv2] [T] [thread 72826] bm_table_add_entry
[17:54:26.393] [bmv2] [T] [thread 72826] bm_table_add_entry
[17:54:26.393] [bmv2] [T] [thread 72826] bm_table_add_entry
[17:54:26.394] [bmv2] [T] [thread 72826] bm_table_add_entry
[17:54:26.395] [bmv2] [T] [thread 72826] bm_table_add_entry
[17:54:26.395] [bmv2] [T] [thread 72826] bm_table_add_entry
[17:54:26.396] [bmv2] [T] [thread 72826] bm_table_add_entry
[17:54:26.396] [bmv2] [T] [thread 72826] bm_table_add_entry
[17:54:26.399] [bmv2] [T] [thread 72826] bm_table_add_entry
[17:54:26.400] [bmv2] [T] [thread 72826] bm_table_add_entry
[17:54:26.400] [bmv2] [T] [thread 72826] bm_table_add_entry
[17:54:26.401] [bmv2] [T] [thread 72826] bm_table_add_entry
[17:54:26.401] [bmv2] [T] [thread 72826] bm_table_add_entry
[17:54:26.402] [bmv2] [T] [thread 72826] bm_table_add_entry
[17:54:26.402] [bmv2] [T] [thread 72826] bm_table_add_entry
[17:54:26.403] [bmv2] [T] [thread 72826] bm_table_add_entry
[17:54:26.403] [bmv2] [T] [thread 72826] bm_table_add_entry
[17:54:26.404] [bmv2] [T] [thread 72826] bm_table_add_entry
[17:54:26.404] [bmv2] [T] [thread 72826] bm_table_add_entry
[17:54:26.405] [bmv2] [T] [thread 72826] bm_table_add_entry
[17:54:26.406] [bmv2] [T] [thread 72826] bm_table_add_entry
[17:54:26.407] [bmv2] [T] [thread 72826] bm_table_add_entry
[17:54:26.407] [bmv2] [T] [thread 72826] bm_table_add_entry
[17:54:26.408] [bmv2] [T] [thread 72826] bm_table_add_entry
[17:54:26.408] [bmv2] [T] [thread 72826] bm_table_add_entry
[17:54:26.409] [bmv2] [T] [thread 72826] bm_table_add_entry
[17:54:26.409] [bmv2] [T] [thread 72826] bm_table_add_entry
[17:54:26.410] [bmv2] [T] [thread 72826] bm_table_add_entry
[17:54:26.411] [bmv2] [T] [thread 72826] bm_table_add_entry
[17:54:26.411] [bmv2] [T] [thread 72826] bm_table_add_entry
[17:54:26.412] [bmv2] [T] [thread 72826] bm_table_add_entry
[17:55:44.638] [bmv2] [T] [thread 78204] bm_get_config
[17:55:44.647] [bmv2] [T] [thread 78204] mirroring_sesssion_add
[17:55:44.648] [bmv2] [T] [thread 78204] bm_table_add_entry
[17:55:44.648] [bmv2] [E] [thread 78204] Error when trying to add entry to table 'int_vxlan_ingress.local_forward.tb_local_forward': DUPLICATE_ENTRY
[17:55:44.649] [bmv2] [T] [thread 78204] bm_table_add_entry
[17:55:44.649] [bmv2] [E] [thread 78204] Error when trying to add entry to table 'int_vxlan_ingress.local_forward.tb_local_forward': DUPLICATE_ENTRY
[17:55:44.650] [bmv2] [T] [thread 78204] bm_table_add_entry
[17:55:44.650] [bmv2] [E] [thread 78204] Error when trying to add entry to table 'int_vxlan_ingress.vxlan_ingress_downstream.tb_dst_ip_to_mac': DUPLICATE_ENTRY
[17:55:44.651] [bmv2] [T] [thread 78204] bm_table_add_entry
[17:55:44.651] [bmv2] [E] [thread 78204] Error when trying to add entry to table 'int_vxlan_ingress.vxlan_ingress_downstream.tb_dst_ip_to_mac': DUPLICATE_ENTRY
[17:55:44.652] [bmv2] [T] [thread 78204] bm_table_add_entry
[17:55:44.652] [bmv2] [E] [thread 78204] Error when trying to add entry to table 'int_vxlan_ingress.vxlan_ingress_downstream.tb_dst_ip_to_mac': DUPLICATE_ENTRY
[17:55:44.652] [bmv2] [T] [thread 78204] bm_table_add_entry
[17:55:44.652] [bmv2] [E] [thread 78204] Error when trying to add entry to table 'int_vxlan_ingress.vxlan_ingress_downstream.tb_dst_ip_to_mac': DUPLICATE_ENTRY
[17:55:44.652] [bmv2] [T] [thread 78204] bm_table_add_entry
[17:55:44.652] [bmv2] [E] [thread 78204] Error when trying to add entry to table 'int_vxlan_ingress.vxlan_ingress_downstream.tb_dst_ip_to_mac': DUPLICATE_ENTRY
[17:55:44.653] [bmv2] [T] [thread 78204] bm_table_add_entry
[17:55:44.653] [bmv2] [E] [thread 78204] Error when trying to add entry to table 'int_vxlan_ingress.vxlan_ingress_downstream.tb_dst_ip_to_mac': DUPLICATE_ENTRY
[17:55:44.653] [bmv2] [T] [thread 78204] bm_table_add_entry
[17:55:44.654] [bmv2] [E] [thread 78204] Error when trying to add entry to table 'int_vxlan_ingress.vxlan_ingress_downstream.tb_dst_ip_to_mac': DUPLICATE_ENTRY
[17:55:44.654] [bmv2] [T] [thread 78204] bm_table_add_entry
[17:55:44.654] [bmv2] [E] [thread 78204] Error when trying to add entry to table 'int_vxlan_ingress.vxlan_ingress_downstream.tb_dst_ip_to_mac': DUPLICATE_ENTRY
[17:55:44.655] [bmv2] [T] [thread 78204] bm_table_add_entry
[17:55:44.655] [bmv2] [E] [thread 78204] Error when trying to add entry to table 'int_vxlan_ingress.vxlan_ingress_downstream.tb_dst_ip_to_mac': DUPLICATE_ENTRY
[17:55:44.655] [bmv2] [T] [thread 78204] bm_table_add_entry
[17:55:44.655] [bmv2] [E] [thread 78204] Error when trying to add entry to table 'int_vxlan_ingress.vxlan_ingress_downstream.tb_dst_ip_to_mac': DUPLICATE_ENTRY
[17:55:44.655] [bmv2] [T] [thread 78204] bm_table_add_entry
[17:55:44.655] [bmv2] [E] [thread 78204] Error when trying to add entry to table 'int_vxlan_ingress.vxlan_ingress_downstream.tb_dst_ip_to_mac': DUPLICATE_ENTRY
[17:55:44.656] [bmv2] [T] [thread 78204] bm_table_add_entry
[17:55:44.656] [bmv2] [E] [thread 78204] Error when trying to add entry to table 'int_vxlan_ingress.vxlan_ingress_downstream.tb_dst_ip_to_mac': DUPLICATE_ENTRY
[17:55:44.656] [bmv2] [T] [thread 78204] bm_table_add_entry
[17:55:44.658] [bmv2] [E] [thread 78204] Error when trying to add entry to table 'int_vxlan_ingress.vxlan_ingress_downstream.tb_dst_ip_to_mac': DUPLICATE_ENTRY
[17:55:44.658] [bmv2] [T] [thread 78204] bm_table_add_entry
[17:55:44.658] [bmv2] [E] [thread 78204] Error when trying to add entry to table 'int_vxlan_ingress.vxlan_ingress_downstream.tb_dst_ip_to_mac': DUPLICATE_ENTRY
[17:55:44.658] [bmv2] [T] [thread 78204] bm_table_add_entry
[17:55:44.658] [bmv2] [E] [thread 78204] Error when trying to add entry to table 'int_vxlan_ingress.vxlan_ingress_downstream.tb_dst_ip_to_mac': DUPLICATE_ENTRY
[17:55:44.658] [bmv2] [T] [thread 78204] bm_table_add_entry
[17:55:44.658] [bmv2] [E] [thread 78204] Error when trying to add entry to table 'int_vxlan_ingress.vxlan_ingress_downstream.tb_dst_ip_to_mac': DUPLICATE_ENTRY
[17:55:44.659] [bmv2] [T] [thread 78204] bm_table_add_entry
[17:55:44.659] [bmv2] [E] [thread 78204] Error when trying to add entry to table 'int_vxlan_ingress.vxlan_ingress_downstream.tb_vtep': DUPLICATE_ENTRY
[17:55:44.659] [bmv2] [T] [thread 78204] bm_table_add_entry
[17:55:44.659] [bmv2] [E] [thread 78204] Error when trying to add entry to table 'int_vxlan_ingress.vxlan_ingress_downstream.tb_vtep': DUPLICATE_ENTRY
[17:55:44.659] [bmv2] [T] [thread 78204] bm_table_add_entry
[17:55:44.659] [bmv2] [E] [thread 78204] Error when trying to add entry to table 'int_vxlan_ingress.vxlan_ingress_downstream.tb_vxlan_segment': DUPLICATE_ENTRY
[17:55:44.659] [bmv2] [T] [thread 78204] bm_table_add_entry
[17:55:44.659] [bmv2] [E] [thread 78204] Error when trying to add entry to table 'int_vxlan_ingress.vxlan_ingress_downstream.tb_peer_vtep': DUPLICATE_ENTRY
[17:55:44.660] [bmv2] [T] [thread 78204] bm_table_add_entry
[17:55:44.660] [bmv2] [E] [thread 78204] Error when trying to add entry to table 'int_vxlan_ingress.vxlan_ingress_downstream.tb_peer_vtep': DUPLICATE_ENTRY
[17:55:44.660] [bmv2] [T] [thread 78204] bm_table_add_entry
[17:55:44.660] [bmv2] [E] [thread 78204] Error when trying to add entry to table 'int_vxlan_ingress.vxlan_ingress_downstream.tb_peer_vtep': DUPLICATE_ENTRY
[17:55:44.660] [bmv2] [T] [thread 78204] bm_table_add_entry
[17:55:44.660] [bmv2] [E] [thread 78204] Error when trying to add entry to table 'int_vxlan_ingress.vxlan_ingress_downstream.tb_peer_vtep': DUPLICATE_ENTRY
[17:55:44.660] [bmv2] [T] [thread 78204] bm_table_add_entry
[17:55:44.660] [bmv2] [E] [thread 78204] Error when trying to add entry to table 'int_vxlan_ingress.vxlan_ingress_downstream.tb_peer_vtep': DUPLICATE_ENTRY
[17:55:44.661] [bmv2] [T] [thread 78204] bm_table_add_entry
[17:55:44.661] [bmv2] [E] [thread 78204] Error when trying to add entry to table 'int_vxlan_ingress.vxlan_ingress_downstream.tb_peer_vtep': DUPLICATE_ENTRY
[17:55:44.661] [bmv2] [T] [thread 78204] bm_table_add_entry
[17:55:44.661] [bmv2] [E] [thread 78204] Error when trying to add entry to table 'int_vxlan_ingress.vxlan_ingress_downstream.tb_peer_vtep': DUPLICATE_ENTRY
[17:55:44.661] [bmv2] [T] [thread 78204] bm_table_add_entry
[17:55:44.661] [bmv2] [E] [thread 78204] Error when trying to add entry to table 'int_vxlan_ingress.vxlan_ingress_downstream.tb_peer_vtep': DUPLICATE_ENTRY
[17:55:44.662] [bmv2] [T] [thread 78204] bm_table_add_entry
[17:55:44.662] [bmv2] [E] [thread 78204] Error when trying to add entry to table 'int_vxlan_ingress.vxlan_ingress_downstream.tb_peer_vtep': DUPLICATE_ENTRY
[17:55:44.662] [bmv2] [T] [thread 78204] bm_table_add_entry
[17:55:44.662] [bmv2] [E] [thread 78204] Error when trying to add entry to table 'int_vxlan_ingress.vxlan_ingress_downstream.tb_peer_vtep': DUPLICATE_ENTRY
[17:55:44.662] [bmv2] [T] [thread 78204] bm_table_add_entry
[17:55:44.662] [bmv2] [E] [thread 78204] Error when trying to add entry to table 'int_vxlan_ingress.vxlan_ingress_downstream.tb_peer_vtep': DUPLICATE_ENTRY
[17:55:44.662] [bmv2] [T] [thread 78204] bm_table_add_entry
[17:55:44.662] [bmv2] [E] [thread 78204] Error when trying to add entry to table 'int_vxlan_ingress.vxlan_ingress_downstream.tb_peer_vtep': DUPLICATE_ENTRY
[17:55:44.663] [bmv2] [T] [thread 78204] bm_table_add_entry
[17:55:44.663] [bmv2] [E] [thread 78204] Error when trying to add entry to table 'int_vxlan_ingress.vxlan_ingress_downstream.tb_peer_vtep': DUPLICATE_ENTRY
[17:55:44.663] [bmv2] [T] [thread 78204] bm_table_add_entry
[17:55:44.663] [bmv2] [E] [thread 78204] Error when trying to add entry to table 'int_vxlan_ingress.vxlan_ingress_downstream.tb_peer_vtep': DUPLICATE_ENTRY
[17:55:44.663] [bmv2] [T] [thread 78204] bm_table_add_entry
[17:55:44.663] [bmv2] [E] [thread 78204] Error when trying to add entry to table 'int_vxlan_ingress.int_source_activation.tb_activate_source': DUPLICATE_ENTRY
[17:55:44.663] [bmv2] [T] [thread 78204] bm_table_add_entry
[17:55:44.663] [bmv2] [E] [thread 78204] Error when trying to add entry to table 'int_vxlan_ingress.int_source_activation.tb_activate_source': DUPLICATE_ENTRY
[17:55:44.664] [bmv2] [T] [thread 78204] bm_table_add_entry
[17:55:44.664] [bmv2] [E] [thread 78204] Error when trying to add entry to table 'int_vxlan_ingress.int_source_activation.tb_flow_monitor': DUPLICATE_ENTRY
[17:55:44.664] [bmv2] [T] [thread 78204] bm_table_add_entry
[17:55:44.664] [bmv2] [E] [thread 78204] Error when trying to add entry to table 'int_vxlan_ingress.int_source_activation.tb_flow_monitor': DUPLICATE_ENTRY
[17:55:44.664] [bmv2] [T] [thread 78204] bm_table_add_entry
[17:55:44.664] [bmv2] [E] [thread 78204] Error when trying to add entry to table 'int_vxlan_ingress.int_source_activation.tb_flow_monitor': DUPLICATE_ENTRY
[17:55:44.665] [bmv2] [T] [thread 78204] bm_table_add_entry
[17:55:44.665] [bmv2] [E] [thread 78204] Error when trying to add entry to table 'int_vxlan_ingress.int_source_activation.tb_flow_monitor': DUPLICATE_ENTRY
[17:55:44.665] [bmv2] [T] [thread 78204] bm_table_add_entry
[17:55:44.665] [bmv2] [E] [thread 78204] Error when trying to add entry to table 'int_vxlan_ingress.int_source_activation.tb_flow_monitor': DUPLICATE_ENTRY
[17:55:44.666] [bmv2] [T] [thread 78204] bm_table_add_entry
[17:55:44.666] [bmv2] [E] [thread 78204] Error when trying to add entry to table 'int_vxlan_ingress.int_source_activation.tb_flow_monitor': DUPLICATE_ENTRY
[17:55:44.666] [bmv2] [T] [thread 78204] bm_table_add_entry
[17:55:44.666] [bmv2] [E] [thread 78204] Error when trying to add entry to table 'int_vxlan_ingress.int_source_activation.tb_flow_monitor': DUPLICATE_ENTRY
[17:55:44.666] [bmv2] [T] [thread 78204] bm_table_add_entry
[17:55:44.666] [bmv2] [E] [thread 78204] Error when trying to add entry to table 'int_vxlan_ingress.int_source_activation.tb_flow_monitor': DUPLICATE_ENTRY
[17:55:44.667] [bmv2] [T] [thread 78204] bm_table_add_entry
[17:55:44.667] [bmv2] [E] [thread 78204] Error when trying to add entry to table 'int_vxlan_ingress.int_source_activation.tb_flow_monitor': DUPLICATE_ENTRY
[17:55:44.667] [bmv2] [T] [thread 78204] bm_table_add_entry
[17:55:44.667] [bmv2] [E] [thread 78204] Error when trying to add entry to table 'int_vxlan_ingress.int_source_activation.tb_flow_monitor': DUPLICATE_ENTRY
[17:55:44.668] [bmv2] [T] [thread 78204] bm_table_add_entry
[17:55:44.668] [bmv2] [E] [thread 78204] Error when trying to add entry to table 'int_vxlan_ingress.int_source_activation.tb_flow_monitor': DUPLICATE_ENTRY
[17:55:44.668] [bmv2] [T] [thread 78204] bm_table_add_entry
[17:55:44.668] [bmv2] [E] [thread 78204] Error when trying to add entry to table 'int_vxlan_ingress.int_source_activation.tb_flow_monitor': DUPLICATE_ENTRY
[17:55:44.669] [bmv2] [T] [thread 78204] bm_table_add_entry
[17:55:44.669] [bmv2] [E] [thread 78204] Error when trying to add entry to table 'int_vxlan_ingress.int_source_activation.tb_flow_monitor': DUPLICATE_ENTRY
[17:55:44.669] [bmv2] [T] [thread 78204] bm_table_add_entry
[17:55:44.669] [bmv2] [E] [thread 78204] Error when trying to add entry to table 'int_vxlan_ingress.int_source_activation.tb_flow_monitor': DUPLICATE_ENTRY
[17:55:44.670] [bmv2] [T] [thread 78204] bm_table_add_entry
[17:55:44.670] [bmv2] [E] [thread 78204] Error when trying to add entry to table 'int_vxlan_ingress.int_source_activation.tb_flow_monitor': DUPLICATE_ENTRY
[17:55:44.670] [bmv2] [T] [thread 78204] bm_table_add_entry
[17:55:44.670] [bmv2] [E] [thread 78204] Error when trying to add entry to table 'int_vxlan_ingress.int_source_activation.tb_flow_monitor': DUPLICATE_ENTRY
[17:55:44.671] [bmv2] [T] [thread 78204] bm_table_add_entry
[17:55:44.671] [bmv2] [E] [thread 78204] Error when trying to add entry to table 'int_vxlan_ingress.int_source_activation.tb_flow_monitor': DUPLICATE_ENTRY
[17:55:44.671] [bmv2] [T] [thread 78204] bm_table_add_entry
[17:55:44.671] [bmv2] [E] [thread 78204] Error when trying to add entry to table 'int_vxlan_ingress.int_source_activation.tb_flow_monitor': DUPLICATE_ENTRY
[17:55:44.672] [bmv2] [T] [thread 78204] bm_table_add_entry
[17:55:44.672] [bmv2] [E] [thread 78204] Error when trying to add entry to table 'int_vxlan_ingress.int_source_activation.tb_flow_monitor': DUPLICATE_ENTRY
[17:55:44.672] [bmv2] [T] [thread 78204] bm_table_add_entry
[17:55:44.672] [bmv2] [E] [thread 78204] Error when trying to add entry to table 'int_vxlan_ingress.int_source_activation.tb_flow_monitor': DUPLICATE_ENTRY
[17:55:44.672] [bmv2] [T] [thread 78204] bm_table_add_entry
[17:55:44.673] [bmv2] [E] [thread 78204] Error when trying to add entry to table 'int_vxlan_ingress.int_source_activation.tb_flow_monitor': DUPLICATE_ENTRY
[17:55:44.673] [bmv2] [T] [thread 78204] bm_table_add_entry
[17:55:44.673] [bmv2] [E] [thread 78204] Error when trying to add entry to table 'int_vxlan_ingress.int_source_activation.tb_flow_monitor': DUPLICATE_ENTRY
[17:55:44.674] [bmv2] [T] [thread 78204] bm_table_add_entry
[17:55:44.674] [bmv2] [E] [thread 78204] Error when trying to add entry to table 'int_vxlan_ingress.int_source_activation.tb_flow_monitor': DUPLICATE_ENTRY
[17:55:44.674] [bmv2] [T] [thread 78204] bm_table_add_entry
[17:55:44.674] [bmv2] [E] [thread 78204] Error when trying to add entry to table 'int_vxlan_ingress.int_source_activation.tb_flow_monitor': DUPLICATE_ENTRY
[17:55:44.674] [bmv2] [T] [thread 78204] bm_table_add_entry
[17:55:44.674] [bmv2] [E] [thread 78204] Error when trying to add entry to table 'int_vxlan_ingress.int_source_activation.tb_flow_monitor': DUPLICATE_ENTRY
[17:55:44.675] [bmv2] [T] [thread 78204] bm_table_add_entry
[17:55:44.675] [bmv2] [E] [thread 78204] Error when trying to add entry to table 'int_vxlan_ingress.int_source_activation.tb_flow_monitor': DUPLICATE_ENTRY
[17:55:44.675] [bmv2] [T] [thread 78204] bm_table_add_entry
[17:55:44.675] [bmv2] [E] [thread 78204] Error when trying to add entry to table 'int_vxlan_ingress.int_source_activation.tb_flow_monitor': DUPLICATE_ENTRY
[17:55:44.675] [bmv2] [T] [thread 78204] bm_table_add_entry
[17:55:44.675] [bmv2] [E] [thread 78204] Error when trying to add entry to table 'int_vxlan_ingress.int_source_activation.tb_flow_monitor': DUPLICATE_ENTRY
[17:55:44.675] [bmv2] [T] [thread 78204] bm_table_add_entry
[17:55:44.675] [bmv2] [E] [thread 78204] Error when trying to add entry to table 'int_vxlan_ingress.int_source_activation.tb_flow_monitor': DUPLICATE_ENTRY
[17:55:44.676] [bmv2] [T] [thread 78204] bm_table_add_entry
[17:55:44.676] [bmv2] [E] [thread 78204] Error when trying to add entry to table 'int_vxlan_ingress.int_source_activation.tb_flow_monitor': DUPLICATE_ENTRY
[17:55:44.677] [bmv2] [T] [thread 78204] bm_table_add_entry
[17:55:44.677] [bmv2] [E] [thread 78204] Error when trying to add entry to table 'int_vxlan_ingress.int_source_activation.tb_flow_monitor': DUPLICATE_ENTRY
[17:55:44.677] [bmv2] [T] [thread 78204] bm_table_add_entry
[17:55:44.677] [bmv2] [E] [thread 78204] Error when trying to add entry to table 'int_vxlan_ingress.int_source_activation.tb_flow_monitor': DUPLICATE_ENTRY
[17:55:44.677] [bmv2] [T] [thread 78204] bm_table_add_entry
[17:55:44.678] [bmv2] [E] [thread 78204] Error when trying to add entry to table 'int_vxlan_ingress.int_source_activation.tb_flow_monitor': DUPLICATE_ENTRY
[17:55:44.678] [bmv2] [T] [thread 78204] bm_table_add_entry
[17:55:44.678] [bmv2] [E] [thread 78204] Error when trying to add entry to table 'int_vxlan_ingress.int_source_activation.tb_flow_monitor': DUPLICATE_ENTRY
[17:55:44.678] [bmv2] [T] [thread 78204] bm_table_add_entry
[17:55:44.678] [bmv2] [E] [thread 78204] Error when trying to add entry to table 'int_vxlan_ingress.int_source_activation.tb_flow_monitor': DUPLICATE_ENTRY
[17:55:44.678] [bmv2] [T] [thread 78204] bm_table_add_entry
[17:55:44.678] [bmv2] [E] [thread 78204] Error when trying to add entry to table 'int_vxlan_ingress.int_source_activation.tb_flow_monitor': DUPLICATE_ENTRY
[17:55:44.679] [bmv2] [T] [thread 78204] bm_table_add_entry
[17:55:44.679] [bmv2] [E] [thread 78204] Error when trying to add entry to table 'int_vxlan_ingress.int_source_activation.tb_flow_monitor': DUPLICATE_ENTRY
[17:55:44.679] [bmv2] [T] [thread 78204] bm_table_add_entry
[17:55:44.679] [bmv2] [E] [thread 78204] Error when trying to add entry to table 'int_vxlan_ingress.int_source_activation.tb_flow_monitor': DUPLICATE_ENTRY
[17:55:44.679] [bmv2] [T] [thread 78204] bm_table_add_entry
[17:55:44.679] [bmv2] [E] [thread 78204] Error when trying to add entry to table 'int_vxlan_ingress.int_source_activation.tb_flow_monitor': DUPLICATE_ENTRY
[17:55:44.679] [bmv2] [T] [thread 78204] bm_table_add_entry
[17:55:44.679] [bmv2] [E] [thread 78204] Error when trying to add entry to table 'int_vxlan_ingress.int_source_activation.tb_flow_monitor': DUPLICATE_ENTRY
[17:55:44.679] [bmv2] [T] [thread 78204] bm_table_add_entry
[17:55:44.679] [bmv2] [E] [thread 78204] Error when trying to add entry to table 'int_vxlan_ingress.int_source_activation.tb_flow_monitor': DUPLICATE_ENTRY
[17:55:44.680] [bmv2] [T] [thread 78204] bm_table_add_entry
[17:55:44.680] [bmv2] [E] [thread 78204] Error when trying to add entry to table 'int_vxlan_ingress.int_source_activation.tb_flow_monitor': DUPLICATE_ENTRY
[17:55:44.680] [bmv2] [T] [thread 78204] bm_table_add_entry
[17:55:44.680] [bmv2] [E] [thread 78204] Error when trying to add entry to table 'int_vxlan_ingress.int_source_activation.tb_flow_monitor': DUPLICATE_ENTRY
[17:55:44.680] [bmv2] [T] [thread 78204] bm_table_add_entry
[17:55:44.680] [bmv2] [E] [thread 78204] Error when trying to add entry to table 'int_vxlan_ingress.int_source_activation.tb_flow_monitor': DUPLICATE_ENTRY
[17:55:44.681] [bmv2] [T] [thread 78204] bm_table_add_entry
[17:55:44.681] [bmv2] [E] [thread 78204] Error when trying to add entry to table 'int_vxlan_ingress.int_source_activation.tb_flow_monitor': DUPLICATE_ENTRY
[17:55:44.681] [bmv2] [T] [thread 78204] bm_table_add_entry
[17:55:44.681] [bmv2] [E] [thread 78204] Error when trying to add entry to table 'int_vxlan_ingress.int_source_activation.tb_flow_monitor': DUPLICATE_ENTRY
[17:55:44.681] [bmv2] [T] [thread 78204] bm_table_add_entry
[17:55:44.682] [bmv2] [E] [thread 78204] Error when trying to add entry to table 'int_vxlan_ingress.int_source_activation.tb_flow_monitor': DUPLICATE_ENTRY
[17:55:44.682] [bmv2] [T] [thread 78204] bm_table_add_entry
[17:55:44.682] [bmv2] [E] [thread 78204] Error when trying to add entry to table 'int_vxlan_ingress.int_source_activation.tb_flow_monitor': DUPLICATE_ENTRY
[17:55:44.682] [bmv2] [T] [thread 78204] bm_table_add_entry
[17:55:44.682] [bmv2] [E] [thread 78204] Error when trying to add entry to table 'int_vxlan_ingress.int_source_activation.tb_flow_monitor': DUPLICATE_ENTRY
[17:55:44.682] [bmv2] [T] [thread 78204] bm_table_add_entry
[17:55:44.682] [bmv2] [E] [thread 78204] Error when trying to add entry to table 'int_vxlan_ingress.int_source_activation.tb_flow_monitor': DUPLICATE_ENTRY
[17:55:44.683] [bmv2] [T] [thread 78204] bm_table_add_entry
[17:55:44.683] [bmv2] [E] [thread 78204] Error when trying to add entry to table 'int_vxlan_ingress.int_source_activation.tb_flow_monitor': DUPLICATE_ENTRY
[17:55:44.683] [bmv2] [T] [thread 78204] bm_table_add_entry
[17:55:44.683] [bmv2] [E] [thread 78204] Error when trying to add entry to table 'int_vxlan_ingress.int_source_activation.tb_flow_monitor': DUPLICATE_ENTRY
[17:55:44.683] [bmv2] [T] [thread 78204] bm_table_add_entry
[17:55:44.683] [bmv2] [E] [thread 78204] Error when trying to add entry to table 'int_vxlan_ingress.int_source_activation.tb_flow_monitor': DUPLICATE_ENTRY
[17:55:44.684] [bmv2] [T] [thread 78204] bm_table_add_entry
[17:55:44.684] [bmv2] [E] [thread 78204] Error when trying to add entry to table 'int_vxlan_ingress.int_source_activation.tb_flow_monitor': DUPLICATE_ENTRY
[17:55:44.684] [bmv2] [T] [thread 78204] bm_table_add_entry
[17:55:44.684] [bmv2] [E] [thread 78204] Error when trying to add entry to table 'int_vxlan_ingress.int_source_activation.tb_flow_monitor': DUPLICATE_ENTRY
[17:55:44.684] [bmv2] [T] [thread 78204] bm_table_add_entry
[17:55:44.684] [bmv2] [E] [thread 78204] Error when trying to add entry to table 'int_vxlan_ingress.int_source_activation.tb_flow_monitor': DUPLICATE_ENTRY
[17:55:44.685] [bmv2] [T] [thread 78204] bm_table_add_entry
[17:55:44.685] [bmv2] [E] [thread 78204] Error when trying to add entry to table 'int_vxlan_ingress.vxlan_ingress_upstream.tb_vxlan_forward_l2': DUPLICATE_ENTRY
[17:55:44.685] [bmv2] [T] [thread 78204] bm_table_add_entry
[17:55:44.685] [bmv2] [E] [thread 78204] Error when trying to add entry to table 'int_vxlan_ingress.vxlan_ingress_upstream.tb_vxlan_forward_l2': DUPLICATE_ENTRY
[17:55:44.685] [bmv2] [T] [thread 78204] bm_table_add_entry
[17:55:44.685] [bmv2] [E] [thread 78204] Error when trying to add entry to table 'int_vxlan_ingress.int_sink_config.tb_int_sink': DUPLICATE_ENTRY
[17:55:44.685] [bmv2] [T] [thread 78204] bm_table_add_entry
[17:55:44.685] [bmv2] [E] [thread 78204] Error when trying to add entry to table 'int_vxlan_ingress.int_sink_config.tb_int_sink': DUPLICATE_ENTRY
[17:55:44.686] [bmv2] [T] [thread 78204] bm_table_add_entry
[17:55:44.686] [bmv2] [E] [thread 78204] Error when trying to add entry to table 'int_vxlan_egress.int_transit.tb_int_transit': DUPLICATE_ENTRY
