Warning: you requested the nanomsg event logger, but bmv2 was compiled without -DBMELOG, and the event logger cannot be activated
You disabled logging macros when building this binary; however, the log level is currenty set to include 'debug' and possibly 'trace' messages; therefore the logs will be missing most messages
Calling target program-options parser
Adding interface l5-eth1 as port 1
Adding interface l5-eth2 as port 2
Adding interface l5-eth3 as port 3
Adding interface l5-eth4 as port 4
Adding interface l5-cpu-eth0 as port 5
Server listening on 0.0.0.0:50005
[17:53:57.158] [bmv2] [I] [thread 67867] Starting Thrift server on port 9095
[17:53:57.159] [bmv2] [I] [thread 67867] Thrift server was started
[17:54:12.974] [bmv2] [D] [thread 68620] simple_switch target has been notified of a config swap
[17:54:26.475] [bmv2] [T] [thread 72829] bm_get_config
[17:54:26.483] [bmv2] [T] [thread 72829] mirroring_sesssion_add
[17:54:26.484] [bmv2] [T] [thread 72829] bm_table_add_entry
[17:54:26.485] [bmv2] [T] [thread 72829] bm_table_add_entry
[17:54:26.485] [bmv2] [T] [thread 72829] bm_table_add_entry
[17:54:26.486] [bmv2] [T] [thread 72829] bm_table_add_entry
[17:54:26.487] [bmv2] [T] [thread 72829] bm_table_add_entry
[17:54:26.488] [bmv2] [T] [thread 72829] bm_table_add_entry
[17:54:26.488] [bmv2] [T] [thread 72829] bm_table_add_entry
[17:54:26.489] [bmv2] [T] [thread 72829] bm_table_add_entry
[17:54:26.490] [bmv2] [T] [thread 72829] bm_table_add_entry
[17:54:26.490] [bmv2] [T] [thread 72829] bm_table_add_entry
[17:54:26.492] [bmv2] [T] [thread 72829] bm_table_add_entry
[17:54:26.492] [bmv2] [T] [thread 72829] bm_table_add_entry
[17:54:26.493] [bmv2] [T] [thread 72829] bm_table_add_entry
[17:54:26.494] [bmv2] [T] [thread 72829] bm_table_add_entry
[17:54:26.494] [bmv2] [T] [thread 72829] bm_table_add_entry
[17:54:26.496] [bmv2] [T] [thread 72829] bm_table_add_entry
[17:54:26.496] [bmv2] [T] [thread 72829] bm_table_add_entry
[17:54:26.497] [bmv2] [T] [thread 72829] bm_table_add_entry
[17:54:26.497] [bmv2] [T] [thread 72829] bm_table_add_entry
[17:54:26.498] [bmv2] [T] [thread 72829] bm_table_add_entry
[17:54:26.499] [bmv2] [T] [thread 72829] bm_table_add_entry
[17:54:26.500] [bmv2] [T] [thread 72829] bm_table_add_entry
[17:54:26.500] [bmv2] [T] [thread 72829] bm_table_add_entry
[17:54:26.501] [bmv2] [T] [thread 72829] bm_table_add_entry
[17:54:26.502] [bmv2] [T] [thread 72829] bm_table_add_entry
[17:54:26.503] [bmv2] [T] [thread 72829] bm_table_add_entry
[17:54:26.503] [bmv2] [T] [thread 72829] bm_table_add_entry
[17:54:26.504] [bmv2] [T] [thread 72829] bm_table_add_entry
[17:54:26.505] [bmv2] [T] [thread 72829] bm_table_add_entry
[17:54:26.506] [bmv2] [T] [thread 72829] bm_table_add_entry
[17:54:26.506] [bmv2] [T] [thread 72829] bm_table_add_entry
[17:54:26.507] [bmv2] [T] [thread 72829] bm_table_add_entry
[17:54:26.508] [bmv2] [T] [thread 72829] bm_table_add_entry
[17:54:26.509] [bmv2] [T] [thread 72829] bm_table_add_entry
[17:54:26.509] [bmv2] [T] [thread 72829] bm_table_add_entry
[17:54:26.510] [bmv2] [T] [thread 72829] bm_table_add_entry
[17:54:26.511] [bmv2] [T] [thread 72829] bm_table_add_entry
[17:54:26.511] [bmv2] [T] [thread 72829] bm_table_add_entry
[17:54:26.513] [bmv2] [T] [thread 72829] bm_table_add_entry
[17:54:26.516] [bmv2] [T] [thread 72829] bm_table_add_entry
[17:54:26.517] [bmv2] [T] [thread 72829] bm_table_add_entry
[17:54:26.517] [bmv2] [T] [thread 72829] bm_table_add_entry
[17:54:26.518] [bmv2] [T] [thread 72829] bm_table_add_entry
[17:54:26.518] [bmv2] [T] [thread 72829] bm_table_add_entry
[17:54:26.519] [bmv2] [T] [thread 72829] bm_table_add_entry
[17:54:26.519] [bmv2] [T] [thread 72829] bm_table_add_entry
[17:54:26.520] [bmv2] [T] [thread 72829] bm_table_add_entry
[17:54:26.521] [bmv2] [T] [thread 72829] bm_table_add_entry
[17:54:26.522] [bmv2] [T] [thread 72829] bm_table_add_entry
[17:54:26.522] [bmv2] [T] [thread 72829] bm_table_add_entry
[17:54:26.523] [bmv2] [T] [thread 72829] bm_table_add_entry
[17:54:26.524] [bmv2] [T] [thread 72829] bm_table_add_entry
[17:54:26.525] [bmv2] [T] [thread 72829] bm_table_add_entry
[17:54:26.526] [bmv2] [T] [thread 72829] bm_table_add_entry
[17:54:26.527] [bmv2] [T] [thread 72829] bm_table_add_entry
[17:54:26.527] [bmv2] [T] [thread 72829] bm_table_add_entry
[17:54:26.528] [bmv2] [T] [thread 72829] bm_table_add_entry
[17:54:26.529] [bmv2] [T] [thread 72829] bm_table_add_entry
[17:54:26.530] [bmv2] [T] [thread 72829] bm_table_add_entry
[17:54:26.530] [bmv2] [T] [thread 72829] bm_table_add_entry
[17:54:26.531] [bmv2] [T] [thread 72829] bm_table_add_entry
[17:54:26.533] [bmv2] [T] [thread 72829] bm_table_add_entry
[17:54:26.533] [bmv2] [T] [thread 72829] bm_table_add_entry
[17:54:26.534] [bmv2] [T] [thread 72829] bm_table_add_entry
[17:54:26.535] [bmv2] [T] [thread 72829] bm_table_add_entry
[17:54:26.535] [bmv2] [T] [thread 72829] bm_table_add_entry
[17:54:26.536] [bmv2] [T] [thread 72829] bm_table_add_entry
[17:54:26.537] [bmv2] [T] [thread 72829] bm_table_add_entry
[17:54:26.538] [bmv2] [T] [thread 72829] bm_table_add_entry
[17:54:26.538] [bmv2] [T] [thread 72829] bm_table_add_entry
[17:54:26.539] [bmv2] [T] [thread 72829] bm_table_add_entry
[17:54:26.540] [bmv2] [T] [thread 72829] bm_table_add_entry
[17:54:26.541] [bmv2] [T] [thread 72829] bm_table_add_entry
[17:54:26.541] [bmv2] [T] [thread 72829] bm_table_add_entry
[17:54:26.541] [bmv2] [T] [thread 72829] bm_table_add_entry
[17:54:26.542] [bmv2] [T] [thread 72829] bm_table_add_entry
[17:54:26.542] [bmv2] [T] [thread 72829] bm_table_add_entry
[17:54:26.542] [bmv2] [T] [thread 72829] bm_table_add_entry
[17:54:26.542] [bmv2] [T] [thread 72829] bm_table_add_entry
[17:54:26.543] [bmv2] [T] [thread 72829] bm_table_add_entry
[17:54:26.543] [bmv2] [T] [thread 72829] bm_table_add_entry
[17:54:26.543] [bmv2] [T] [thread 72829] bm_table_add_entry
[17:54:26.543] [bmv2] [T] [thread 72829] bm_table_add_entry
[17:54:26.544] [bmv2] [T] [thread 72829] bm_table_add_entry
[17:54:26.544] [bmv2] [T] [thread 72829] bm_table_add_entry
[17:54:26.544] [bmv2] [T] [thread 72829] bm_table_add_entry
[17:54:26.545] [bmv2] [T] [thread 72829] bm_table_add_entry
[17:54:26.545] [bmv2] [T] [thread 72829] bm_table_add_entry
[17:54:26.545] [bmv2] [T] [thread 72829] bm_table_add_entry
[17:54:26.545] [bmv2] [T] [thread 72829] bm_table_add_entry
[17:54:26.546] [bmv2] [T] [thread 72829] bm_table_add_entry
[17:54:26.546] [bmv2] [T] [thread 72829] bm_table_add_entry
[17:54:26.546] [bmv2] [T] [thread 72829] bm_table_add_entry
[17:54:26.546] [bmv2] [T] [thread 72829] bm_table_add_entry
[17:54:26.546] [bmv2] [T] [thread 72829] bm_table_add_entry
[17:54:26.547] [bmv2] [T] [thread 72829] bm_table_add_entry
[17:54:26.547] [bmv2] [T] [thread 72829] bm_table_add_entry
[17:54:26.547] [bmv2] [T] [thread 72829] bm_table_add_entry
[17:55:44.749] [bmv2] [T] [thread 78207] bm_get_config
[17:55:44.755] [bmv2] [T] [thread 78207] mirroring_sesssion_add
[17:55:44.756] [bmv2] [T] [thread 78207] bm_table_add_entry
[17:55:44.756] [bmv2] [E] [thread 78207] Error when trying to add entry to table 'int_vxlan_ingress.local_forward.tb_local_forward': DUPLICATE_ENTRY
[17:55:44.757] [bmv2] [T] [thread 78207] bm_table_add_entry
[17:55:44.757] [bmv2] [E] [thread 78207] Error when trying to add entry to table 'int_vxlan_ingress.local_forward.tb_local_forward': DUPLICATE_ENTRY
[17:55:44.764] [bmv2] [T] [thread 78207] bm_table_add_entry
[17:55:44.764] [bmv2] [E] [thread 78207] Error when trying to add entry to table 'int_vxlan_ingress.vxlan_ingress_downstream.tb_dst_ip_to_mac': DUPLICATE_ENTRY
[17:55:44.764] [bmv2] [T] [thread 78207] bm_table_add_entry
[17:55:44.764] [bmv2] [E] [thread 78207] Error when trying to add entry to table 'int_vxlan_ingress.vxlan_ingress_downstream.tb_dst_ip_to_mac': DUPLICATE_ENTRY
[17:55:44.765] [bmv2] [T] [thread 78207] bm_table_add_entry
[17:55:44.765] [bmv2] [E] [thread 78207] Error when trying to add entry to table 'int_vxlan_ingress.vxlan_ingress_downstream.tb_dst_ip_to_mac': DUPLICATE_ENTRY
[17:55:44.765] [bmv2] [T] [thread 78207] bm_table_add_entry
[17:55:44.765] [bmv2] [E] [thread 78207] Error when trying to add entry to table 'int_vxlan_ingress.vxlan_ingress_downstream.tb_dst_ip_to_mac': DUPLICATE_ENTRY
[17:55:44.765] [bmv2] [T] [thread 78207] bm_table_add_entry
[17:55:44.765] [bmv2] [E] [thread 78207] Error when trying to add entry to table 'int_vxlan_ingress.vxlan_ingress_downstream.tb_dst_ip_to_mac': DUPLICATE_ENTRY
[17:55:44.766] [bmv2] [T] [thread 78207] bm_table_add_entry
[17:55:44.766] [bmv2] [E] [thread 78207] Error when trying to add entry to table 'int_vxlan_ingress.vxlan_ingress_downstream.tb_dst_ip_to_mac': DUPLICATE_ENTRY
[17:55:44.766] [bmv2] [T] [thread 78207] bm_table_add_entry
[17:55:44.766] [bmv2] [E] [thread 78207] Error when trying to add entry to table 'int_vxlan_ingress.vxlan_ingress_downstream.tb_dst_ip_to_mac': DUPLICATE_ENTRY
[17:55:44.766] [bmv2] [T] [thread 78207] bm_table_add_entry
[17:55:44.766] [bmv2] [E] [thread 78207] Error when trying to add entry to table 'int_vxlan_ingress.vxlan_ingress_downstream.tb_dst_ip_to_mac': DUPLICATE_ENTRY
[17:55:44.766] [bmv2] [T] [thread 78207] bm_table_add_entry
[17:55:44.766] [bmv2] [E] [thread 78207] Error when trying to add entry to table 'int_vxlan_ingress.vxlan_ingress_downstream.tb_dst_ip_to_mac': DUPLICATE_ENTRY
[17:55:44.767] [bmv2] [T] [thread 78207] bm_table_add_entry
[17:55:44.767] [bmv2] [E] [thread 78207] Error when trying to add entry to table 'int_vxlan_ingress.vxlan_ingress_downstream.tb_dst_ip_to_mac': DUPLICATE_ENTRY
[17:55:44.767] [bmv2] [T] [thread 78207] bm_table_add_entry
[17:55:44.767] [bmv2] [E] [thread 78207] Error when trying to add entry to table 'int_vxlan_ingress.vxlan_ingress_downstream.tb_dst_ip_to_mac': DUPLICATE_ENTRY
[17:55:44.767] [bmv2] [T] [thread 78207] bm_table_add_entry
[17:55:44.767] [bmv2] [E] [thread 78207] Error when trying to add entry to table 'int_vxlan_ingress.vxlan_ingress_downstream.tb_dst_ip_to_mac': DUPLICATE_ENTRY
[17:55:44.767] [bmv2] [T] [thread 78207] bm_table_add_entry
[17:55:44.767] [bmv2] [E] [thread 78207] Error when trying to add entry to table 'int_vxlan_ingress.vxlan_ingress_downstream.tb_dst_ip_to_mac': DUPLICATE_ENTRY
[17:55:44.768] [bmv2] [T] [thread 78207] bm_table_add_entry
[17:55:44.768] [bmv2] [E] [thread 78207] Error when trying to add entry to table 'int_vxlan_ingress.vxlan_ingress_downstream.tb_dst_ip_to_mac': DUPLICATE_ENTRY
[17:55:44.768] [bmv2] [T] [thread 78207] bm_table_add_entry
[17:55:44.768] [bmv2] [E] [thread 78207] Error when trying to add entry to table 'int_vxlan_ingress.vxlan_ingress_downstream.tb_dst_ip_to_mac': DUPLICATE_ENTRY
[17:55:44.768] [bmv2] [T] [thread 78207] bm_table_add_entry
[17:55:44.768] [bmv2] [E] [thread 78207] Error when trying to add entry to table 'int_vxlan_ingress.vxlan_ingress_downstream.tb_dst_ip_to_mac': DUPLICATE_ENTRY
[17:55:44.768] [bmv2] [T] [thread 78207] bm_table_add_entry
[17:55:44.768] [bmv2] [E] [thread 78207] Error when trying to add entry to table 'int_vxlan_ingress.vxlan_ingress_downstream.tb_vtep': DUPLICATE_ENTRY
[17:55:44.769] [bmv2] [T] [thread 78207] bm_table_add_entry
[17:55:44.770] [bmv2] [E] [thread 78207] Error when trying to add entry to table 'int_vxlan_ingress.vxlan_ingress_downstream.tb_vtep': DUPLICATE_ENTRY
[17:55:44.770] [bmv2] [T] [thread 78207] bm_table_add_entry
[17:55:44.770] [bmv2] [E] [thread 78207] Error when trying to add entry to table 'int_vxlan_ingress.vxlan_ingress_downstream.tb_vxlan_segment': DUPLICATE_ENTRY
[17:55:44.770] [bmv2] [T] [thread 78207] bm_table_add_entry
[17:55:44.770] [bmv2] [E] [thread 78207] Error when trying to add entry to table 'int_vxlan_ingress.vxlan_ingress_downstream.tb_peer_vtep': DUPLICATE_ENTRY
[17:55:44.770] [bmv2] [T] [thread 78207] bm_table_add_entry
[17:55:44.770] [bmv2] [E] [thread 78207] Error when trying to add entry to table 'int_vxlan_ingress.vxlan_ingress_downstream.tb_peer_vtep': DUPLICATE_ENTRY
[17:55:44.771] [bmv2] [T] [thread 78207] bm_table_add_entry
[17:55:44.771] [bmv2] [E] [thread 78207] Error when trying to add entry to table 'int_vxlan_ingress.vxlan_ingress_downstream.tb_peer_vtep': DUPLICATE_ENTRY
[17:55:44.771] [bmv2] [T] [thread 78207] bm_table_add_entry
[17:55:44.771] [bmv2] [E] [thread 78207] Error when trying to add entry to table 'int_vxlan_ingress.vxlan_ingress_downstream.tb_peer_vtep': DUPLICATE_ENTRY
[17:55:44.771] [bmv2] [T] [thread 78207] bm_table_add_entry
[17:55:44.771] [bmv2] [E] [thread 78207] Error when trying to add entry to table 'int_vxlan_ingress.vxlan_ingress_downstream.tb_peer_vtep': DUPLICATE_ENTRY
[17:55:44.771] [bmv2] [T] [thread 78207] bm_table_add_entry
[17:55:44.771] [bmv2] [E] [thread 78207] Error when trying to add entry to table 'int_vxlan_ingress.vxlan_ingress_downstream.tb_peer_vtep': DUPLICATE_ENTRY
[17:55:44.772] [bmv2] [T] [thread 78207] bm_table_add_entry
[17:55:44.772] [bmv2] [E] [thread 78207] Error when trying to add entry to table 'int_vxlan_ingress.vxlan_ingress_downstream.tb_peer_vtep': DUPLICATE_ENTRY
[17:55:44.772] [bmv2] [T] [thread 78207] bm_table_add_entry
[17:55:44.772] [bmv2] [E] [thread 78207] Error when trying to add entry to table 'int_vxlan_ingress.vxlan_ingress_downstream.tb_peer_vtep': DUPLICATE_ENTRY
[17:55:44.772] [bmv2] [T] [thread 78207] bm_table_add_entry
[17:55:44.773] [bmv2] [E] [thread 78207] Error when trying to add entry to table 'int_vxlan_ingress.vxlan_ingress_downstream.tb_peer_vtep': DUPLICATE_ENTRY
[17:55:44.773] [bmv2] [T] [thread 78207] bm_table_add_entry
[17:55:44.773] [bmv2] [E] [thread 78207] Error when trying to add entry to table 'int_vxlan_ingress.vxlan_ingress_downstream.tb_peer_vtep': DUPLICATE_ENTRY
[17:55:44.773] [bmv2] [T] [thread 78207] bm_table_add_entry
[17:55:44.773] [bmv2] [E] [thread 78207] Error when trying to add entry to table 'int_vxlan_ingress.vxlan_ingress_downstream.tb_peer_vtep': DUPLICATE_ENTRY
[17:55:44.774] [bmv2] [T] [thread 78207] bm_table_add_entry
[17:55:44.774] [bmv2] [E] [thread 78207] Error when trying to add entry to table 'int_vxlan_ingress.vxlan_ingress_downstream.tb_peer_vtep': DUPLICATE_ENTRY
[17:55:44.774] [bmv2] [T] [thread 78207] bm_table_add_entry
[17:55:44.774] [bmv2] [E] [thread 78207] Error when trying to add entry to table 'int_vxlan_ingress.vxlan_ingress_downstream.tb_peer_vtep': DUPLICATE_ENTRY
[17:55:44.774] [bmv2] [T] [thread 78207] bm_table_add_entry
[17:55:44.774] [bmv2] [E] [thread 78207] Error when trying to add entry to table 'int_vxlan_ingress.vxlan_ingress_downstream.tb_peer_vtep': DUPLICATE_ENTRY
[17:55:44.774] [bmv2] [T] [thread 78207] bm_table_add_entry
[17:55:44.774] [bmv2] [E] [thread 78207] Error when trying to add entry to table 'int_vxlan_ingress.int_source_activation.tb_activate_source': DUPLICATE_ENTRY
[17:55:44.774] [bmv2] [T] [thread 78207] bm_table_add_entry
[17:55:44.774] [bmv2] [E] [thread 78207] Error when trying to add entry to table 'int_vxlan_ingress.int_source_activation.tb_activate_source': DUPLICATE_ENTRY
[17:55:44.775] [bmv2] [T] [thread 78207] bm_table_add_entry
[17:55:44.775] [bmv2] [E] [thread 78207] Error when trying to add entry to table 'int_vxlan_ingress.int_source_activation.tb_flow_monitor': DUPLICATE_ENTRY
[17:55:44.775] [bmv2] [T] [thread 78207] bm_table_add_entry
[17:55:44.775] [bmv2] [E] [thread 78207] Error when trying to add entry to table 'int_vxlan_ingress.int_source_activation.tb_flow_monitor': DUPLICATE_ENTRY
[17:55:44.775] [bmv2] [T] [thread 78207] bm_table_add_entry
[17:55:44.775] [bmv2] [E] [thread 78207] Error when trying to add entry to table 'int_vxlan_ingress.int_source_activation.tb_flow_monitor': DUPLICATE_ENTRY
[17:55:44.776] [bmv2] [T] [thread 78207] bm_table_add_entry
[17:55:44.776] [bmv2] [E] [thread 78207] Error when trying to add entry to table 'int_vxlan_ingress.int_source_activation.tb_flow_monitor': DUPLICATE_ENTRY
[17:55:44.776] [bmv2] [T] [thread 78207] bm_table_add_entry
[17:55:44.776] [bmv2] [E] [thread 78207] Error when trying to add entry to table 'int_vxlan_ingress.int_source_activation.tb_flow_monitor': DUPLICATE_ENTRY
[17:55:44.776] [bmv2] [T] [thread 78207] bm_table_add_entry
[17:55:44.776] [bmv2] [E] [thread 78207] Error when trying to add entry to table 'int_vxlan_ingress.int_source_activation.tb_flow_monitor': DUPLICATE_ENTRY
[17:55:44.776] [bmv2] [T] [thread 78207] bm_table_add_entry
[17:55:44.776] [bmv2] [E] [thread 78207] Error when trying to add entry to table 'int_vxlan_ingress.int_source_activation.tb_flow_monitor': DUPLICATE_ENTRY
[17:55:44.777] [bmv2] [T] [thread 78207] bm_table_add_entry
[17:55:44.777] [bmv2] [E] [thread 78207] Error when trying to add entry to table 'int_vxlan_ingress.int_source_activation.tb_flow_monitor': DUPLICATE_ENTRY
[17:55:44.777] [bmv2] [T] [thread 78207] bm_table_add_entry
[17:55:44.778] [bmv2] [E] [thread 78207] Error when trying to add entry to table 'int_vxlan_ingress.int_source_activation.tb_flow_monitor': DUPLICATE_ENTRY
[17:55:44.779] [bmv2] [T] [thread 78207] bm_table_add_entry
[17:55:44.779] [bmv2] [E] [thread 78207] Error when trying to add entry to table 'int_vxlan_ingress.int_source_activation.tb_flow_monitor': DUPLICATE_ENTRY
[17:55:44.780] [bmv2] [T] [thread 78207] bm_table_add_entry
[17:55:44.780] [bmv2] [E] [thread 78207] Error when trying to add entry to table 'int_vxlan_ingress.int_source_activation.tb_flow_monitor': DUPLICATE_ENTRY
[17:55:44.781] [bmv2] [T] [thread 78207] bm_table_add_entry
[17:55:44.781] [bmv2] [E] [thread 78207] Error when trying to add entry to table 'int_vxlan_ingress.int_source_activation.tb_flow_monitor': DUPLICATE_ENTRY
[17:55:44.782] [bmv2] [T] [thread 78207] bm_table_add_entry
[17:55:44.782] [bmv2] [E] [thread 78207] Error when trying to add entry to table 'int_vxlan_ingress.int_source_activation.tb_flow_monitor': DUPLICATE_ENTRY
[17:55:44.783] [bmv2] [T] [thread 78207] bm_table_add_entry
[17:55:44.783] [bmv2] [E] [thread 78207] Error when trying to add entry to table 'int_vxlan_ingress.int_source_activation.tb_flow_monitor': DUPLICATE_ENTRY
[17:55:44.785] [bmv2] [T] [thread 78207] bm_table_add_entry
[17:55:44.785] [bmv2] [E] [thread 78207] Error when trying to add entry to table 'int_vxlan_ingress.int_source_activation.tb_flow_monitor': DUPLICATE_ENTRY
[17:55:44.786] [bmv2] [T] [thread 78207] bm_table_add_entry
[17:55:44.786] [bmv2] [E] [thread 78207] Error when trying to add entry to table 'int_vxlan_ingress.int_source_activation.tb_flow_monitor': DUPLICATE_ENTRY
[17:55:44.787] [bmv2] [T] [thread 78207] bm_table_add_entry
[17:55:44.787] [bmv2] [E] [thread 78207] Error when trying to add entry to table 'int_vxlan_ingress.int_source_activation.tb_flow_monitor': DUPLICATE_ENTRY
[17:55:44.787] [bmv2] [T] [thread 78207] bm_table_add_entry
[17:55:44.787] [bmv2] [E] [thread 78207] Error when trying to add entry to table 'int_vxlan_ingress.int_source_activation.tb_flow_monitor': DUPLICATE_ENTRY
[17:55:44.787] [bmv2] [T] [thread 78207] bm_table_add_entry
[17:55:44.787] [bmv2] [E] [thread 78207] Error when trying to add entry to table 'int_vxlan_ingress.int_source_activation.tb_flow_monitor': DUPLICATE_ENTRY
[17:55:44.788] [bmv2] [T] [thread 78207] bm_table_add_entry
[17:55:44.788] [bmv2] [E] [thread 78207] Error when trying to add entry to table 'int_vxlan_ingress.int_source_activation.tb_flow_monitor': DUPLICATE_ENTRY
[17:55:44.788] [bmv2] [T] [thread 78207] bm_table_add_entry
[17:55:44.788] [bmv2] [E] [thread 78207] Error when trying to add entry to table 'int_vxlan_ingress.int_source_activation.tb_flow_monitor': DUPLICATE_ENTRY
[17:55:44.788] [bmv2] [T] [thread 78207] bm_table_add_entry
[17:55:44.788] [bmv2] [E] [thread 78207] Error when trying to add entry to table 'int_vxlan_ingress.int_source_activation.tb_flow_monitor': DUPLICATE_ENTRY
[17:55:44.789] [bmv2] [T] [thread 78207] bm_table_add_entry
[17:55:44.789] [bmv2] [E] [thread 78207] Error when trying to add entry to table 'int_vxlan_ingress.int_source_activation.tb_flow_monitor': DUPLICATE_ENTRY
[17:55:44.790] [bmv2] [T] [thread 78207] bm_table_add_entry
[17:55:44.790] [bmv2] [E] [thread 78207] Error when trying to add entry to table 'int_vxlan_ingress.int_source_activation.tb_flow_monitor': DUPLICATE_ENTRY
[17:55:44.790] [bmv2] [T] [thread 78207] bm_table_add_entry
[17:55:44.790] [bmv2] [E] [thread 78207] Error when trying to add entry to table 'int_vxlan_ingress.int_source_activation.tb_flow_monitor': DUPLICATE_ENTRY
[17:55:44.790] [bmv2] [T] [thread 78207] bm_table_add_entry
[17:55:44.790] [bmv2] [E] [thread 78207] Error when trying to add entry to table 'int_vxlan_ingress.int_source_activation.tb_flow_monitor': DUPLICATE_ENTRY
[17:55:44.791] [bmv2] [T] [thread 78207] bm_table_add_entry
[17:55:44.791] [bmv2] [E] [thread 78207] Error when trying to add entry to table 'int_vxlan_ingress.int_source_activation.tb_flow_monitor': DUPLICATE_ENTRY
[17:55:44.791] [bmv2] [T] [thread 78207] bm_table_add_entry
[17:55:44.791] [bmv2] [E] [thread 78207] Error when trying to add entry to table 'int_vxlan_ingress.int_source_activation.tb_flow_monitor': DUPLICATE_ENTRY
[17:55:44.792] [bmv2] [T] [thread 78207] bm_table_add_entry
[17:55:44.792] [bmv2] [E] [thread 78207] Error when trying to add entry to table 'int_vxlan_ingress.int_source_activation.tb_flow_monitor': DUPLICATE_ENTRY
[17:55:44.792] [bmv2] [T] [thread 78207] bm_table_add_entry
[17:55:44.792] [bmv2] [E] [thread 78207] Error when trying to add entry to table 'int_vxlan_ingress.int_source_activation.tb_flow_monitor': DUPLICATE_ENTRY
[17:55:44.792] [bmv2] [T] [thread 78207] bm_table_add_entry
[17:55:44.792] [bmv2] [E] [thread 78207] Error when trying to add entry to table 'int_vxlan_ingress.int_source_activation.tb_flow_monitor': DUPLICATE_ENTRY
[17:55:44.793] [bmv2] [T] [thread 78207] bm_table_add_entry
[17:55:44.793] [bmv2] [E] [thread 78207] Error when trying to add entry to table 'int_vxlan_ingress.int_source_activation.tb_flow_monitor': DUPLICATE_ENTRY
[17:55:44.793] [bmv2] [T] [thread 78207] bm_table_add_entry
[17:55:44.793] [bmv2] [E] [thread 78207] Error when trying to add entry to table 'int_vxlan_ingress.int_source_activation.tb_flow_monitor': DUPLICATE_ENTRY
[17:55:44.793] [bmv2] [T] [thread 78207] bm_table_add_entry
[17:55:44.794] [bmv2] [E] [thread 78207] Error when trying to add entry to table 'int_vxlan_ingress.int_source_activation.tb_flow_monitor': DUPLICATE_ENTRY
[17:55:44.794] [bmv2] [T] [thread 78207] bm_table_add_entry
[17:55:44.795] [bmv2] [E] [thread 78207] Error when trying to add entry to table 'int_vxlan_ingress.int_source_activation.tb_flow_monitor': DUPLICATE_ENTRY
[17:55:44.795] [bmv2] [T] [thread 78207] bm_table_add_entry
[17:55:44.795] [bmv2] [E] [thread 78207] Error when trying to add entry to table 'int_vxlan_ingress.int_source_activation.tb_flow_monitor': DUPLICATE_ENTRY
[17:55:44.795] [bmv2] [T] [thread 78207] bm_table_add_entry
[17:55:44.795] [bmv2] [E] [thread 78207] Error when trying to add entry to table 'int_vxlan_ingress.int_source_activation.tb_flow_monitor': DUPLICATE_ENTRY
[17:55:44.796] [bmv2] [T] [thread 78207] bm_table_add_entry
[17:55:44.796] [bmv2] [E] [thread 78207] Error when trying to add entry to table 'int_vxlan_ingress.int_source_activation.tb_flow_monitor': DUPLICATE_ENTRY
[17:55:44.796] [bmv2] [T] [thread 78207] bm_table_add_entry
[17:55:44.797] [bmv2] [E] [thread 78207] Error when trying to add entry to table 'int_vxlan_ingress.int_source_activation.tb_flow_monitor': DUPLICATE_ENTRY
[17:55:44.797] [bmv2] [T] [thread 78207] bm_table_add_entry
[17:55:44.797] [bmv2] [E] [thread 78207] Error when trying to add entry to table 'int_vxlan_ingress.int_source_activation.tb_flow_monitor': DUPLICATE_ENTRY
[17:55:44.797] [bmv2] [T] [thread 78207] bm_table_add_entry
[17:55:44.797] [bmv2] [E] [thread 78207] Error when trying to add entry to table 'int_vxlan_ingress.int_source_activation.tb_flow_monitor': DUPLICATE_ENTRY
[17:55:44.797] [bmv2] [T] [thread 78207] bm_table_add_entry
[17:55:44.798] [bmv2] [E] [thread 78207] Error when trying to add entry to table 'int_vxlan_ingress.int_source_activation.tb_flow_monitor': DUPLICATE_ENTRY
[17:55:44.798] [bmv2] [T] [thread 78207] bm_table_add_entry
[17:55:44.798] [bmv2] [E] [thread 78207] Error when trying to add entry to table 'int_vxlan_ingress.int_source_activation.tb_flow_monitor': DUPLICATE_ENTRY
[17:55:44.798] [bmv2] [T] [thread 78207] bm_table_add_entry
[17:55:44.798] [bmv2] [E] [thread 78207] Error when trying to add entry to table 'int_vxlan_ingress.int_source_activation.tb_flow_monitor': DUPLICATE_ENTRY
[17:55:44.799] [bmv2] [T] [thread 78207] bm_table_add_entry
[17:55:44.799] [bmv2] [E] [thread 78207] Error when trying to add entry to table 'int_vxlan_ingress.int_source_activation.tb_flow_monitor': DUPLICATE_ENTRY
[17:55:44.799] [bmv2] [T] [thread 78207] bm_table_add_entry
[17:55:44.799] [bmv2] [E] [thread 78207] Error when trying to add entry to table 'int_vxlan_ingress.int_source_activation.tb_flow_monitor': DUPLICATE_ENTRY
[17:55:44.799] [bmv2] [T] [thread 78207] bm_table_add_entry
[17:55:44.799] [bmv2] [E] [thread 78207] Error when trying to add entry to table 'int_vxlan_ingress.int_source_activation.tb_flow_monitor': DUPLICATE_ENTRY
[17:55:44.800] [bmv2] [T] [thread 78207] bm_table_add_entry
[17:55:44.800] [bmv2] [E] [thread 78207] Error when trying to add entry to table 'int_vxlan_ingress.int_source_activation.tb_flow_monitor': DUPLICATE_ENTRY
[17:55:44.800] [bmv2] [T] [thread 78207] bm_table_add_entry
[17:55:44.800] [bmv2] [E] [thread 78207] Error when trying to add entry to table 'int_vxlan_ingress.int_source_activation.tb_flow_monitor': DUPLICATE_ENTRY
[17:55:44.800] [bmv2] [T] [thread 78207] bm_table_add_entry
[17:55:44.800] [bmv2] [E] [thread 78207] Error when trying to add entry to table 'int_vxlan_ingress.int_source_activation.tb_flow_monitor': DUPLICATE_ENTRY
[17:55:44.801] [bmv2] [T] [thread 78207] bm_table_add_entry
[17:55:44.801] [bmv2] [E] [thread 78207] Error when trying to add entry to table 'int_vxlan_ingress.int_source_activation.tb_flow_monitor': DUPLICATE_ENTRY
[17:55:44.801] [bmv2] [T] [thread 78207] bm_table_add_entry
[17:55:44.801] [bmv2] [E] [thread 78207] Error when trying to add entry to table 'int_vxlan_ingress.int_source_activation.tb_flow_monitor': DUPLICATE_ENTRY
[17:55:44.802] [bmv2] [T] [thread 78207] bm_table_add_entry
[17:55:44.802] [bmv2] [E] [thread 78207] Error when trying to add entry to table 'int_vxlan_ingress.int_source_activation.tb_flow_monitor': DUPLICATE_ENTRY
[17:55:44.802] [bmv2] [T] [thread 78207] bm_table_add_entry
[17:55:44.802] [bmv2] [E] [thread 78207] Error when trying to add entry to table 'int_vxlan_ingress.int_source_activation.tb_flow_monitor': DUPLICATE_ENTRY
[17:55:44.802] [bmv2] [T] [thread 78207] bm_table_add_entry
[17:55:44.802] [bmv2] [E] [thread 78207] Error when trying to add entry to table 'int_vxlan_ingress.int_source_activation.tb_flow_monitor': DUPLICATE_ENTRY
[17:55:44.803] [bmv2] [T] [thread 78207] bm_table_add_entry
[17:55:44.803] [bmv2] [E] [thread 78207] Error when trying to add entry to table 'int_vxlan_ingress.int_source_activation.tb_flow_monitor': DUPLICATE_ENTRY
[17:55:44.803] [bmv2] [T] [thread 78207] bm_table_add_entry
[17:55:44.803] [bmv2] [E] [thread 78207] Error when trying to add entry to table 'int_vxlan_ingress.vxlan_ingress_upstream.tb_vxlan_forward_l2': DUPLICATE_ENTRY
[17:55:44.803] [bmv2] [T] [thread 78207] bm_table_add_entry
[17:55:44.803] [bmv2] [E] [thread 78207] Error when trying to add entry to table 'int_vxlan_ingress.vxlan_ingress_upstream.tb_vxlan_forward_l2': DUPLICATE_ENTRY
[17:55:44.803] [bmv2] [T] [thread 78207] bm_table_add_entry
[17:55:44.804] [bmv2] [E] [thread 78207] Error when trying to add entry to table 'int_vxlan_ingress.int_sink_config.tb_int_sink': DUPLICATE_ENTRY
[17:55:44.804] [bmv2] [T] [thread 78207] bm_table_add_entry
[17:55:44.804] [bmv2] [E] [thread 78207] Error when trying to add entry to table 'int_vxlan_ingress.int_sink_config.tb_int_sink': DUPLICATE_ENTRY
[17:55:44.804] [bmv2] [T] [thread 78207] bm_table_add_entry
[17:55:44.804] [bmv2] [E] [thread 78207] Error when trying to add entry to table 'int_vxlan_egress.int_transit.tb_int_transit': DUPLICATE_ENTRY
