Warning: you requested the nanomsg event logger, but bmv2 was compiled without -DBMELOG, and the event logger cannot be activated
You disabled logging macros when building this binary; however, the log level is currenty set to include 'debug' and possibly 'trace' messages; therefore the logs will be missing most messages
Calling target program-options parser
Adding interface l1-eth1 as port 1
Adding interface l1-eth2 as port 2
Adding interface l1-eth3 as port 3
Adding interface l1-eth4 as port 4
Adding interface l1-cpu-eth0 as port 5
Server listening on 0.0.0.0:50001
[17:53:52.411] [bmv2] [I] [thread 67794] Starting Thrift server on port 9091
[17:53:52.411] [bmv2] [I] [thread 67794] Thrift server was started
[17:54:12.741] [bmv2] [D] [thread 68465] simple_switch target has been notified of a config swap
[17:54:25.963] [bmv2] [T] [thread 72814] bm_get_config
[17:54:25.970] [bmv2] [T] [thread 72814] mirroring_sesssion_add
[17:54:25.970] [bmv2] [T] [thread 72814] bm_table_add_entry
[17:54:25.971] [bmv2] [T] [thread 72814] bm_table_add_entry
[17:54:25.973] [bmv2] [T] [thread 72814] bm_table_add_entry
[17:54:25.973] [bmv2] [T] [thread 72814] bm_table_add_entry
[17:54:25.974] [bmv2] [T] [thread 72814] bm_table_add_entry
[17:54:25.975] [bmv2] [T] [thread 72814] bm_table_add_entry
[17:54:25.976] [bmv2] [T] [thread 72814] bm_table_add_entry
[17:54:25.976] [bmv2] [T] [thread 72814] bm_table_add_entry
[17:54:25.977] [bmv2] [T] [thread 72814] bm_table_add_entry
[17:54:25.978] [bmv2] [T] [thread 72814] bm_table_add_entry
[17:54:25.979] [bmv2] [T] [thread 72814] bm_table_add_entry
[17:54:25.980] [bmv2] [T] [thread 72814] bm_table_add_entry
[17:54:25.981] [bmv2] [T] [thread 72814] bm_table_add_entry
[17:54:25.981] [bmv2] [T] [thread 72814] bm_table_add_entry
[17:54:25.982] [bmv2] [T] [thread 72814] bm_table_add_entry
[17:54:25.983] [bmv2] [T] [thread 72814] bm_table_add_entry
[17:54:25.983] [bmv2] [T] [thread 72814] bm_table_add_entry
[17:54:25.984] [bmv2] [T] [thread 72814] bm_table_add_entry
[17:54:25.985] [bmv2] [T] [thread 72814] bm_table_add_entry
[17:54:25.985] [bmv2] [T] [thread 72814] bm_table_add_entry
[17:54:25.986] [bmv2] [T] [thread 72814] bm_table_add_entry
[17:54:25.987] [bmv2] [T] [thread 72814] bm_table_add_entry
[17:54:25.988] [bmv2] [T] [thread 72814] bm_table_add_entry
[17:54:25.989] [bmv2] [T] [thread 72814] bm_table_add_entry
[17:54:25.989] [bmv2] [T] [thread 72814] bm_table_add_entry
[17:54:25.990] [bmv2] [T] [thread 72814] bm_table_add_entry
[17:54:25.991] [bmv2] [T] [thread 72814] bm_table_add_entry
[17:54:25.992] [bmv2] [T] [thread 72814] bm_table_add_entry
[17:54:25.993] [bmv2] [T] [thread 72814] bm_table_add_entry
[17:54:25.993] [bmv2] [T] [thread 72814] bm_table_add_entry
[17:54:25.994] [bmv2] [T] [thread 72814] bm_table_add_entry
[17:54:25.995] [bmv2] [T] [thread 72814] bm_table_add_entry
[17:54:25.996] [bmv2] [T] [thread 72814] bm_table_add_entry
[17:54:25.997] [bmv2] [T] [thread 72814] bm_table_add_entry
[17:54:25.998] [bmv2] [T] [thread 72814] bm_table_add_entry
[17:54:25.998] [bmv2] [T] [thread 72814] bm_table_add_entry
[17:54:25.999] [bmv2] [T] [thread 72814] bm_table_add_entry
[17:54:26.000] [bmv2] [T] [thread 72814] bm_table_add_entry
[17:54:26.001] [bmv2] [T] [thread 72814] bm_table_add_entry
[17:54:26.002] [bmv2] [T] [thread 72814] bm_table_add_entry
[17:54:26.003] [bmv2] [T] [thread 72814] bm_table_add_entry
[17:54:26.004] [bmv2] [T] [thread 72814] bm_table_add_entry
[17:54:26.005] [bmv2] [T] [thread 72814] bm_table_add_entry
[17:54:26.005] [bmv2] [T] [thread 72814] bm_table_add_entry
[17:54:26.006] [bmv2] [T] [thread 72814] bm_table_add_entry
[17:54:26.007] [bmv2] [T] [thread 72814] bm_table_add_entry
[17:54:26.007] [bmv2] [T] [thread 72814] bm_table_add_entry
[17:54:26.008] [bmv2] [T] [thread 72814] bm_table_add_entry
[17:54:26.009] [bmv2] [T] [thread 72814] bm_table_add_entry
[17:54:26.010] [bmv2] [T] [thread 72814] bm_table_add_entry
[17:54:26.011] [bmv2] [T] [thread 72814] bm_table_add_entry
[17:54:26.011] [bmv2] [T] [thread 72814] bm_table_add_entry
[17:54:26.012] [bmv2] [T] [thread 72814] bm_table_add_entry
[17:54:26.013] [bmv2] [T] [thread 72814] bm_table_add_entry
[17:54:26.014] [bmv2] [T] [thread 72814] bm_table_add_entry
[17:54:26.015] [bmv2] [T] [thread 72814] bm_table_add_entry
[17:54:26.016] [bmv2] [T] [thread 72814] bm_table_add_entry
[17:54:26.017] [bmv2] [T] [thread 72814] bm_table_add_entry
[17:54:26.017] [bmv2] [T] [thread 72814] bm_table_add_entry
[17:54:26.018] [bmv2] [T] [thread 72814] bm_table_add_entry
[17:54:26.019] [bmv2] [T] [thread 72814] bm_table_add_entry
[17:54:26.019] [bmv2] [T] [thread 72814] bm_table_add_entry
[17:54:26.020] [bmv2] [T] [thread 72814] bm_table_add_entry
[17:54:26.021] [bmv2] [T] [thread 72814] bm_table_add_entry
[17:54:26.021] [bmv2] [T] [thread 72814] bm_table_add_entry
[17:54:26.022] [bmv2] [T] [thread 72814] bm_table_add_entry
[17:54:26.022] [bmv2] [T] [thread 72814] bm_table_add_entry
[17:54:26.024] [bmv2] [T] [thread 72814] bm_table_add_entry
[17:54:26.024] [bmv2] [T] [thread 72814] bm_table_add_entry
[17:54:26.025] [bmv2] [T] [thread 72814] bm_table_add_entry
[17:54:26.026] [bmv2] [T] [thread 72814] bm_table_add_entry
[17:54:26.026] [bmv2] [T] [thread 72814] bm_table_add_entry
[17:54:26.027] [bmv2] [T] [thread 72814] bm_table_add_entry
[17:54:26.028] [bmv2] [T] [thread 72814] bm_table_add_entry
[17:54:26.029] [bmv2] [T] [thread 72814] bm_table_add_entry
[17:54:26.030] [bmv2] [T] [thread 72814] bm_table_add_entry
[17:54:26.030] [bmv2] [T] [thread 72814] bm_table_add_entry
[17:54:26.031] [bmv2] [T] [thread 72814] bm_table_add_entry
[17:54:26.032] [bmv2] [T] [thread 72814] bm_table_add_entry
[17:54:26.033] [bmv2] [T] [thread 72814] bm_table_add_entry
[17:54:26.034] [bmv2] [T] [thread 72814] bm_table_add_entry
[17:54:26.034] [bmv2] [T] [thread 72814] bm_table_add_entry
[17:54:26.038] [bmv2] [T] [thread 72814] bm_table_add_entry
[17:54:26.038] [bmv2] [T] [thread 72814] bm_table_add_entry
[17:54:26.039] [bmv2] [T] [thread 72814] bm_table_add_entry
[17:54:26.039] [bmv2] [T] [thread 72814] bm_table_add_entry
[17:54:26.040] [bmv2] [T] [thread 72814] bm_table_add_entry
[17:54:26.041] [bmv2] [T] [thread 72814] bm_table_add_entry
[17:54:26.041] [bmv2] [T] [thread 72814] bm_table_add_entry
[17:54:26.042] [bmv2] [T] [thread 72814] bm_table_add_entry
[17:54:26.042] [bmv2] [T] [thread 72814] bm_table_add_entry
[17:54:26.042] [bmv2] [T] [thread 72814] bm_table_add_entry
[17:54:26.043] [bmv2] [T] [thread 72814] bm_table_add_entry
[17:54:26.043] [bmv2] [T] [thread 72814] bm_table_add_entry
[17:54:26.044] [bmv2] [T] [thread 72814] bm_table_add_entry
[17:54:26.044] [bmv2] [T] [thread 72814] bm_table_add_entry
[17:54:26.045] [bmv2] [T] [thread 72814] bm_table_add_entry
[17:54:26.045] [bmv2] [T] [thread 72814] bm_table_add_entry
[17:55:44.152] [bmv2] [T] [thread 78193] bm_get_config
[17:55:44.158] [bmv2] [T] [thread 78193] mirroring_sesssion_add
[17:55:44.159] [bmv2] [T] [thread 78193] bm_table_add_entry
[17:55:44.159] [bmv2] [E] [thread 78193] Error when trying to add entry to table 'int_vxlan_ingress.local_forward.tb_local_forward': DUPLICATE_ENTRY
[17:55:44.159] [bmv2] [T] [thread 78193] bm_table_add_entry
[17:55:44.159] [bmv2] [E] [thread 78193] Error when trying to add entry to table 'int_vxlan_ingress.local_forward.tb_local_forward': DUPLICATE_ENTRY
[17:55:44.160] [bmv2] [T] [thread 78193] bm_table_add_entry
[17:55:44.161] [bmv2] [E] [thread 78193] Error when trying to add entry to table 'int_vxlan_ingress.vxlan_ingress_downstream.tb_dst_ip_to_mac': DUPLICATE_ENTRY
[17:55:44.162] [bmv2] [T] [thread 78193] bm_table_add_entry
[17:55:44.162] [bmv2] [E] [thread 78193] Error when trying to add entry to table 'int_vxlan_ingress.vxlan_ingress_downstream.tb_dst_ip_to_mac': DUPLICATE_ENTRY
[17:55:44.163] [bmv2] [T] [thread 78193] bm_table_add_entry
[17:55:44.163] [bmv2] [E] [thread 78193] Error when trying to add entry to table 'int_vxlan_ingress.vxlan_ingress_downstream.tb_dst_ip_to_mac': DUPLICATE_ENTRY
[17:55:44.163] [bmv2] [T] [thread 78193] bm_table_add_entry
[17:55:44.163] [bmv2] [E] [thread 78193] Error when trying to add entry to table 'int_vxlan_ingress.vxlan_ingress_downstream.tb_dst_ip_to_mac': DUPLICATE_ENTRY
[17:55:44.164] [bmv2] [T] [thread 78193] bm_table_add_entry
[17:55:44.164] [bmv2] [E] [thread 78193] Error when trying to add entry to table 'int_vxlan_ingress.vxlan_ingress_downstream.tb_dst_ip_to_mac': DUPLICATE_ENTRY
[17:55:44.165] [bmv2] [T] [thread 78193] bm_table_add_entry
[17:55:44.165] [bmv2] [E] [thread 78193] Error when trying to add entry to table 'int_vxlan_ingress.vxlan_ingress_downstream.tb_dst_ip_to_mac': DUPLICATE_ENTRY
[17:55:44.166] [bmv2] [T] [thread 78193] bm_table_add_entry
[17:55:44.166] [bmv2] [E] [thread 78193] Error when trying to add entry to table 'int_vxlan_ingress.vxlan_ingress_downstream.tb_dst_ip_to_mac': DUPLICATE_ENTRY
[17:55:44.167] [bmv2] [T] [thread 78193] bm_table_add_entry
[17:55:44.167] [bmv2] [E] [thread 78193] Error when trying to add entry to table 'int_vxlan_ingress.vxlan_ingress_downstream.tb_dst_ip_to_mac': DUPLICATE_ENTRY
[17:55:44.168] [bmv2] [T] [thread 78193] bm_table_add_entry
[17:55:44.168] [bmv2] [E] [thread 78193] Error when trying to add entry to table 'int_vxlan_ingress.vxlan_ingress_downstream.tb_dst_ip_to_mac': DUPLICATE_ENTRY
[17:55:44.168] [bmv2] [T] [thread 78193] bm_table_add_entry
[17:55:44.169] [bmv2] [E] [thread 78193] Error when trying to add entry to table 'int_vxlan_ingress.vxlan_ingress_downstream.tb_dst_ip_to_mac': DUPLICATE_ENTRY
[17:55:44.170] [bmv2] [T] [thread 78193] bm_table_add_entry
[17:55:44.170] [bmv2] [E] [thread 78193] Error when trying to add entry to table 'int_vxlan_ingress.vxlan_ingress_downstream.tb_dst_ip_to_mac': DUPLICATE_ENTRY
[17:55:44.170] [bmv2] [T] [thread 78193] bm_table_add_entry
[17:55:44.170] [bmv2] [E] [thread 78193] Error when trying to add entry to table 'int_vxlan_ingress.vxlan_ingress_downstream.tb_dst_ip_to_mac': DUPLICATE_ENTRY
[17:55:44.171] [bmv2] [T] [thread 78193] bm_table_add_entry
[17:55:44.172] [bmv2] [E] [thread 78193] Error when trying to add entry to table 'int_vxlan_ingress.vxlan_ingress_downstream.tb_dst_ip_to_mac': DUPLICATE_ENTRY
[17:55:44.172] [bmv2] [T] [thread 78193] bm_table_add_entry
[17:55:44.172] [bmv2] [E] [thread 78193] Error when trying to add entry to table 'int_vxlan_ingress.vxlan_ingress_downstream.tb_dst_ip_to_mac': DUPLICATE_ENTRY
[17:55:44.173] [bmv2] [T] [thread 78193] bm_table_add_entry
[17:55:44.173] [bmv2] [E] [thread 78193] Error when trying to add entry to table 'int_vxlan_ingress.vxlan_ingress_downstream.tb_dst_ip_to_mac': DUPLICATE_ENTRY
[17:55:44.174] [bmv2] [T] [thread 78193] bm_table_add_entry
[17:55:44.174] [bmv2] [E] [thread 78193] Error when trying to add entry to table 'int_vxlan_ingress.vxlan_ingress_downstream.tb_dst_ip_to_mac': DUPLICATE_ENTRY
[17:55:44.175] [bmv2] [T] [thread 78193] bm_table_add_entry
[17:55:44.175] [bmv2] [E] [thread 78193] Error when trying to add entry to table 'int_vxlan_ingress.vxlan_ingress_downstream.tb_vtep': DUPLICATE_ENTRY
[17:55:44.176] [bmv2] [T] [thread 78193] bm_table_add_entry
[17:55:44.176] [bmv2] [E] [thread 78193] Error when trying to add entry to table 'int_vxlan_ingress.vxlan_ingress_downstream.tb_vtep': DUPLICATE_ENTRY
[17:55:44.177] [bmv2] [T] [thread 78193] bm_table_add_entry
[17:55:44.177] [bmv2] [E] [thread 78193] Error when trying to add entry to table 'int_vxlan_ingress.vxlan_ingress_downstream.tb_vxlan_segment': DUPLICATE_ENTRY
[17:55:44.178] [bmv2] [T] [thread 78193] bm_table_add_entry
[17:55:44.178] [bmv2] [E] [thread 78193] Error when trying to add entry to table 'int_vxlan_ingress.vxlan_ingress_downstream.tb_peer_vtep': DUPLICATE_ENTRY
[17:55:44.179] [bmv2] [T] [thread 78193] bm_table_add_entry
[17:55:44.179] [bmv2] [E] [thread 78193] Error when trying to add entry to table 'int_vxlan_ingress.vxlan_ingress_downstream.tb_peer_vtep': DUPLICATE_ENTRY
[17:55:44.180] [bmv2] [T] [thread 78193] bm_table_add_entry
[17:55:44.180] [bmv2] [E] [thread 78193] Error when trying to add entry to table 'int_vxlan_ingress.vxlan_ingress_downstream.tb_peer_vtep': DUPLICATE_ENTRY
[17:55:44.181] [bmv2] [T] [thread 78193] bm_table_add_entry
[17:55:44.181] [bmv2] [E] [thread 78193] Error when trying to add entry to table 'int_vxlan_ingress.vxlan_ingress_downstream.tb_peer_vtep': DUPLICATE_ENTRY
[17:55:44.181] [bmv2] [T] [thread 78193] bm_table_add_entry
[17:55:44.182] [bmv2] [E] [thread 78193] Error when trying to add entry to table 'int_vxlan_ingress.vxlan_ingress_downstream.tb_peer_vtep': DUPLICATE_ENTRY
[17:55:44.182] [bmv2] [T] [thread 78193] bm_table_add_entry
[17:55:44.182] [bmv2] [E] [thread 78193] Error when trying to add entry to table 'int_vxlan_ingress.vxlan_ingress_downstream.tb_peer_vtep': DUPLICATE_ENTRY
[17:55:44.183] [bmv2] [T] [thread 78193] bm_table_add_entry
[17:55:44.183] [bmv2] [E] [thread 78193] Error when trying to add entry to table 'int_vxlan_ingress.vxlan_ingress_downstream.tb_peer_vtep': DUPLICATE_ENTRY
[17:55:44.184] [bmv2] [T] [thread 78193] bm_table_add_entry
[17:55:44.184] [bmv2] [E] [thread 78193] Error when trying to add entry to table 'int_vxlan_ingress.vxlan_ingress_downstream.tb_peer_vtep': DUPLICATE_ENTRY
[17:55:44.185] [bmv2] [T] [thread 78193] bm_table_add_entry
[17:55:44.185] [bmv2] [E] [thread 78193] Error when trying to add entry to table 'int_vxlan_ingress.vxlan_ingress_downstream.tb_peer_vtep': DUPLICATE_ENTRY
[17:55:44.186] [bmv2] [T] [thread 78193] bm_table_add_entry
[17:55:44.186] [bmv2] [E] [thread 78193] Error when trying to add entry to table 'int_vxlan_ingress.vxlan_ingress_downstream.tb_peer_vtep': DUPLICATE_ENTRY
[17:55:44.187] [bmv2] [T] [thread 78193] bm_table_add_entry
[17:55:44.187] [bmv2] [E] [thread 78193] Error when trying to add entry to table 'int_vxlan_ingress.vxlan_ingress_downstream.tb_peer_vtep': DUPLICATE_ENTRY
[17:55:44.188] [bmv2] [T] [thread 78193] bm_table_add_entry
[17:55:44.189] [bmv2] [E] [thread 78193] Error when trying to add entry to table 'int_vxlan_ingress.vxlan_ingress_downstream.tb_peer_vtep': DUPLICATE_ENTRY
[17:55:44.189] [bmv2] [T] [thread 78193] bm_table_add_entry
[17:55:44.189] [bmv2] [E] [thread 78193] Error when trying to add entry to table 'int_vxlan_ingress.vxlan_ingress_downstream.tb_peer_vtep': DUPLICATE_ENTRY
[17:55:44.190] [bmv2] [T] [thread 78193] bm_table_add_entry
[17:55:44.190] [bmv2] [E] [thread 78193] Error when trying to add entry to table 'int_vxlan_ingress.vxlan_ingress_downstream.tb_peer_vtep': DUPLICATE_ENTRY
[17:55:44.191] [bmv2] [T] [thread 78193] bm_table_add_entry
[17:55:44.191] [bmv2] [E] [thread 78193] Error when trying to add entry to table 'int_vxlan_ingress.int_source_activation.tb_activate_source': DUPLICATE_ENTRY
[17:55:44.192] [bmv2] [T] [thread 78193] bm_table_add_entry
[17:55:44.192] [bmv2] [E] [thread 78193] Error when trying to add entry to table 'int_vxlan_ingress.int_source_activation.tb_activate_source': DUPLICATE_ENTRY
[17:55:44.192] [bmv2] [T] [thread 78193] bm_table_add_entry
[17:55:44.192] [bmv2] [E] [thread 78193] Error when trying to add entry to table 'int_vxlan_ingress.int_source_activation.tb_flow_monitor': DUPLICATE_ENTRY
[17:55:44.193] [bmv2] [T] [thread 78193] bm_table_add_entry
[17:55:44.194] [bmv2] [E] [thread 78193] Error when trying to add entry to table 'int_vxlan_ingress.int_source_activation.tb_flow_monitor': DUPLICATE_ENTRY
[17:55:44.195] [bmv2] [T] [thread 78193] bm_table_add_entry
[17:55:44.195] [bmv2] [E] [thread 78193] Error when trying to add entry to table 'int_vxlan_ingress.int_source_activation.tb_flow_monitor': DUPLICATE_ENTRY
[17:55:44.197] [bmv2] [T] [thread 78193] bm_table_add_entry
[17:55:44.197] [bmv2] [E] [thread 78193] Error when trying to add entry to table 'int_vxlan_ingress.int_source_activation.tb_flow_monitor': DUPLICATE_ENTRY
[17:55:44.198] [bmv2] [T] [thread 78193] bm_table_add_entry
[17:55:44.198] [bmv2] [E] [thread 78193] Error when trying to add entry to table 'int_vxlan_ingress.int_source_activation.tb_flow_monitor': DUPLICATE_ENTRY
[17:55:44.199] [bmv2] [T] [thread 78193] bm_table_add_entry
[17:55:44.199] [bmv2] [E] [thread 78193] Error when trying to add entry to table 'int_vxlan_ingress.int_source_activation.tb_flow_monitor': DUPLICATE_ENTRY
[17:55:44.200] [bmv2] [T] [thread 78193] bm_table_add_entry
[17:55:44.200] [bmv2] [E] [thread 78193] Error when trying to add entry to table 'int_vxlan_ingress.int_source_activation.tb_flow_monitor': DUPLICATE_ENTRY
[17:55:44.201] [bmv2] [T] [thread 78193] bm_table_add_entry
[17:55:44.201] [bmv2] [E] [thread 78193] Error when trying to add entry to table 'int_vxlan_ingress.int_source_activation.tb_flow_monitor': DUPLICATE_ENTRY
[17:55:44.202] [bmv2] [T] [thread 78193] bm_table_add_entry
[17:55:44.202] [bmv2] [E] [thread 78193] Error when trying to add entry to table 'int_vxlan_ingress.int_source_activation.tb_flow_monitor': DUPLICATE_ENTRY
[17:55:44.203] [bmv2] [T] [thread 78193] bm_table_add_entry
[17:55:44.203] [bmv2] [E] [thread 78193] Error when trying to add entry to table 'int_vxlan_ingress.int_source_activation.tb_flow_monitor': DUPLICATE_ENTRY
[17:55:44.204] [bmv2] [T] [thread 78193] bm_table_add_entry
[17:55:44.204] [bmv2] [E] [thread 78193] Error when trying to add entry to table 'int_vxlan_ingress.int_source_activation.tb_flow_monitor': DUPLICATE_ENTRY
[17:55:44.205] [bmv2] [T] [thread 78193] bm_table_add_entry
[17:55:44.205] [bmv2] [E] [thread 78193] Error when trying to add entry to table 'int_vxlan_ingress.int_source_activation.tb_flow_monitor': DUPLICATE_ENTRY
[17:55:44.206] [bmv2] [T] [thread 78193] bm_table_add_entry
[17:55:44.206] [bmv2] [E] [thread 78193] Error when trying to add entry to table 'int_vxlan_ingress.int_source_activation.tb_flow_monitor': DUPLICATE_ENTRY
[17:55:44.207] [bmv2] [T] [thread 78193] bm_table_add_entry
[17:55:44.207] [bmv2] [E] [thread 78193] Error when trying to add entry to table 'int_vxlan_ingress.int_source_activation.tb_flow_monitor': DUPLICATE_ENTRY
[17:55:44.208] [bmv2] [T] [thread 78193] bm_table_add_entry
[17:55:44.208] [bmv2] [E] [thread 78193] Error when trying to add entry to table 'int_vxlan_ingress.int_source_activation.tb_flow_monitor': DUPLICATE_ENTRY
[17:55:44.209] [bmv2] [T] [thread 78193] bm_table_add_entry
[17:55:44.209] [bmv2] [E] [thread 78193] Error when trying to add entry to table 'int_vxlan_ingress.int_source_activation.tb_flow_monitor': DUPLICATE_ENTRY
[17:55:44.210] [bmv2] [T] [thread 78193] bm_table_add_entry
[17:55:44.211] [bmv2] [E] [thread 78193] Error when trying to add entry to table 'int_vxlan_ingress.int_source_activation.tb_flow_monitor': DUPLICATE_ENTRY
[17:55:44.212] [bmv2] [T] [thread 78193] bm_table_add_entry
[17:55:44.212] [bmv2] [E] [thread 78193] Error when trying to add entry to table 'int_vxlan_ingress.int_source_activation.tb_flow_monitor': DUPLICATE_ENTRY
[17:55:44.213] [bmv2] [T] [thread 78193] bm_table_add_entry
[17:55:44.213] [bmv2] [E] [thread 78193] Error when trying to add entry to table 'int_vxlan_ingress.int_source_activation.tb_flow_monitor': DUPLICATE_ENTRY
[17:55:44.214] [bmv2] [T] [thread 78193] bm_table_add_entry
[17:55:44.214] [bmv2] [E] [thread 78193] Error when trying to add entry to table 'int_vxlan_ingress.int_source_activation.tb_flow_monitor': DUPLICATE_ENTRY
[17:55:44.215] [bmv2] [T] [thread 78193] bm_table_add_entry
[17:55:44.215] [bmv2] [E] [thread 78193] Error when trying to add entry to table 'int_vxlan_ingress.int_source_activation.tb_flow_monitor': DUPLICATE_ENTRY
[17:55:44.216] [bmv2] [T] [thread 78193] bm_table_add_entry
[17:55:44.216] [bmv2] [E] [thread 78193] Error when trying to add entry to table 'int_vxlan_ingress.int_source_activation.tb_flow_monitor': DUPLICATE_ENTRY
[17:55:44.218] [bmv2] [T] [thread 78193] bm_table_add_entry
[17:55:44.218] [bmv2] [E] [thread 78193] Error when trying to add entry to table 'int_vxlan_ingress.int_source_activation.tb_flow_monitor': DUPLICATE_ENTRY
[17:55:44.219] [bmv2] [T] [thread 78193] bm_table_add_entry
[17:55:44.219] [bmv2] [E] [thread 78193] Error when trying to add entry to table 'int_vxlan_ingress.int_source_activation.tb_flow_monitor': DUPLICATE_ENTRY
[17:55:44.220] [bmv2] [T] [thread 78193] bm_table_add_entry
[17:55:44.220] [bmv2] [E] [thread 78193] Error when trying to add entry to table 'int_vxlan_ingress.int_source_activation.tb_flow_monitor': DUPLICATE_ENTRY
[17:55:44.220] [bmv2] [T] [thread 78193] bm_table_add_entry
[17:55:44.221] [bmv2] [E] [thread 78193] Error when trying to add entry to table 'int_vxlan_ingress.int_source_activation.tb_flow_monitor': DUPLICATE_ENTRY
[17:55:44.221] [bmv2] [T] [thread 78193] bm_table_add_entry
[17:55:44.221] [bmv2] [E] [thread 78193] Error when trying to add entry to table 'int_vxlan_ingress.int_source_activation.tb_flow_monitor': DUPLICATE_ENTRY
[17:55:44.222] [bmv2] [T] [thread 78193] bm_table_add_entry
[17:55:44.222] [bmv2] [E] [thread 78193] Error when trying to add entry to table 'int_vxlan_ingress.int_source_activation.tb_flow_monitor': DUPLICATE_ENTRY
[17:55:44.222] [bmv2] [T] [thread 78193] bm_table_add_entry
[17:55:44.222] [bmv2] [E] [thread 78193] Error when trying to add entry to table 'int_vxlan_ingress.int_source_activation.tb_flow_monitor': DUPLICATE_ENTRY
[17:55:44.224] [bmv2] [T] [thread 78193] bm_table_add_entry
[17:55:44.224] [bmv2] [E] [thread 78193] Error when trying to add entry to table 'int_vxlan_ingress.int_source_activation.tb_flow_monitor': DUPLICATE_ENTRY
[17:55:44.225] [bmv2] [T] [thread 78193] bm_table_add_entry
[17:55:44.225] [bmv2] [E] [thread 78193] Error when trying to add entry to table 'int_vxlan_ingress.int_source_activation.tb_flow_monitor': DUPLICATE_ENTRY
[17:55:44.225] [bmv2] [T] [thread 78193] bm_table_add_entry
[17:55:44.225] [bmv2] [E] [thread 78193] Error when trying to add entry to table 'int_vxlan_ingress.int_source_activation.tb_flow_monitor': DUPLICATE_ENTRY
[17:55:44.225] [bmv2] [T] [thread 78193] bm_table_add_entry
[17:55:44.226] [bmv2] [E] [thread 78193] Error when trying to add entry to table 'int_vxlan_ingress.int_source_activation.tb_flow_monitor': DUPLICATE_ENTRY
[17:55:44.226] [bmv2] [T] [thread 78193] bm_table_add_entry
[17:55:44.226] [bmv2] [E] [thread 78193] Error when trying to add entry to table 'int_vxlan_ingress.int_source_activation.tb_flow_monitor': DUPLICATE_ENTRY
[17:55:44.227] [bmv2] [T] [thread 78193] bm_table_add_entry
[17:55:44.227] [bmv2] [E] [thread 78193] Error when trying to add entry to table 'int_vxlan_ingress.int_source_activation.tb_flow_monitor': DUPLICATE_ENTRY
[17:55:44.227] [bmv2] [T] [thread 78193] bm_table_add_entry
[17:55:44.227] [bmv2] [E] [thread 78193] Error when trying to add entry to table 'int_vxlan_ingress.int_source_activation.tb_flow_monitor': DUPLICATE_ENTRY
[17:55:44.228] [bmv2] [T] [thread 78193] bm_table_add_entry
[17:55:44.228] [bmv2] [E] [thread 78193] Error when trying to add entry to table 'int_vxlan_ingress.int_source_activation.tb_flow_monitor': DUPLICATE_ENTRY
[17:55:44.228] [bmv2] [T] [thread 78193] bm_table_add_entry
[17:55:44.228] [bmv2] [E] [thread 78193] Error when trying to add entry to table 'int_vxlan_ingress.int_source_activation.tb_flow_monitor': DUPLICATE_ENTRY
[17:55:44.229] [bmv2] [T] [thread 78193] bm_table_add_entry
[17:55:44.229] [bmv2] [E] [thread 78193] Error when trying to add entry to table 'int_vxlan_ingress.int_source_activation.tb_flow_monitor': DUPLICATE_ENTRY
[17:55:44.229] [bmv2] [T] [thread 78193] bm_table_add_entry
[17:55:44.229] [bmv2] [E] [thread 78193] Error when trying to add entry to table 'int_vxlan_ingress.int_source_activation.tb_flow_monitor': DUPLICATE_ENTRY
[17:55:44.230] [bmv2] [T] [thread 78193] bm_table_add_entry
[17:55:44.230] [bmv2] [E] [thread 78193] Error when trying to add entry to table 'int_vxlan_ingress.int_source_activation.tb_flow_monitor': DUPLICATE_ENTRY
[17:55:44.230] [bmv2] [T] [thread 78193] bm_table_add_entry
[17:55:44.230] [bmv2] [E] [thread 78193] Error when trying to add entry to table 'int_vxlan_ingress.int_source_activation.tb_flow_monitor': DUPLICATE_ENTRY
[17:55:44.230] [bmv2] [T] [thread 78193] bm_table_add_entry
[17:55:44.231] [bmv2] [E] [thread 78193] Error when trying to add entry to table 'int_vxlan_ingress.int_source_activation.tb_flow_monitor': DUPLICATE_ENTRY
[17:55:44.231] [bmv2] [T] [thread 78193] bm_table_add_entry
[17:55:44.231] [bmv2] [E] [thread 78193] Error when trying to add entry to table 'int_vxlan_ingress.int_source_activation.tb_flow_monitor': DUPLICATE_ENTRY
[17:55:44.232] [bmv2] [T] [thread 78193] bm_table_add_entry
[17:55:44.232] [bmv2] [E] [thread 78193] Error when trying to add entry to table 'int_vxlan_ingress.int_source_activation.tb_flow_monitor': DUPLICATE_ENTRY
[17:55:44.232] [bmv2] [T] [thread 78193] bm_table_add_entry
[17:55:44.232] [bmv2] [E] [thread 78193] Error when trying to add entry to table 'int_vxlan_ingress.int_source_activation.tb_flow_monitor': DUPLICATE_ENTRY
[17:55:44.233] [bmv2] [T] [thread 78193] bm_table_add_entry
[17:55:44.233] [bmv2] [E] [thread 78193] Error when trying to add entry to table 'int_vxlan_ingress.int_source_activation.tb_flow_monitor': DUPLICATE_ENTRY
[17:55:44.233] [bmv2] [T] [thread 78193] bm_table_add_entry
[17:55:44.233] [bmv2] [E] [thread 78193] Error when trying to add entry to table 'int_vxlan_ingress.int_source_activation.tb_flow_monitor': DUPLICATE_ENTRY
[17:55:44.234] [bmv2] [T] [thread 78193] bm_table_add_entry
[17:55:44.234] [bmv2] [E] [thread 78193] Error when trying to add entry to table 'int_vxlan_ingress.int_source_activation.tb_flow_monitor': DUPLICATE_ENTRY
[17:55:44.234] [bmv2] [T] [thread 78193] bm_table_add_entry
[17:55:44.235] [bmv2] [E] [thread 78193] Error when trying to add entry to table 'int_vxlan_ingress.int_source_activation.tb_flow_monitor': DUPLICATE_ENTRY
[17:55:44.236] [bmv2] [T] [thread 78193] bm_table_add_entry
[17:55:44.236] [bmv2] [E] [thread 78193] Error when trying to add entry to table 'int_vxlan_ingress.int_source_activation.tb_flow_monitor': DUPLICATE_ENTRY
[17:55:44.236] [bmv2] [T] [thread 78193] bm_table_add_entry
[17:55:44.237] [bmv2] [E] [thread 78193] Error when trying to add entry to table 'int_vxlan_ingress.int_source_activation.tb_flow_monitor': DUPLICATE_ENTRY
[17:55:44.237] [bmv2] [T] [thread 78193] bm_table_add_entry
[17:55:44.237] [bmv2] [E] [thread 78193] Error when trying to add entry to table 'int_vxlan_ingress.int_source_activation.tb_flow_monitor': DUPLICATE_ENTRY
[17:55:44.237] [bmv2] [T] [thread 78193] bm_table_add_entry
[17:55:44.237] [bmv2] [E] [thread 78193] Error when trying to add entry to table 'int_vxlan_ingress.int_source_activation.tb_flow_monitor': DUPLICATE_ENTRY
[17:55:44.238] [bmv2] [T] [thread 78193] bm_table_add_entry
[17:55:44.238] [bmv2] [E] [thread 78193] Error when trying to add entry to table 'int_vxlan_ingress.int_source_activation.tb_flow_monitor': DUPLICATE_ENTRY
[17:55:44.238] [bmv2] [T] [thread 78193] bm_table_add_entry
[17:55:44.238] [bmv2] [E] [thread 78193] Error when trying to add entry to table 'int_vxlan_ingress.int_source_activation.tb_flow_monitor': DUPLICATE_ENTRY
[17:55:44.238] [bmv2] [T] [thread 78193] bm_table_add_entry
[17:55:44.239] [bmv2] [E] [thread 78193] Error when trying to add entry to table 'int_vxlan_ingress.vxlan_ingress_upstream.tb_vxlan_forward_l2': DUPLICATE_ENTRY
[17:55:44.239] [bmv2] [T] [thread 78193] bm_table_add_entry
[17:55:44.239] [bmv2] [E] [thread 78193] Error when trying to add entry to table 'int_vxlan_ingress.vxlan_ingress_upstream.tb_vxlan_forward_l2': DUPLICATE_ENTRY
[17:55:44.240] [bmv2] [T] [thread 78193] bm_table_add_entry
[17:55:44.240] [bmv2] [E] [thread 78193] Error when trying to add entry to table 'int_vxlan_ingress.int_sink_config.tb_int_sink': DUPLICATE_ENTRY
[17:55:44.240] [bmv2] [T] [thread 78193] bm_table_add_entry
[17:55:44.240] [bmv2] [E] [thread 78193] Error when trying to add entry to table 'int_vxlan_ingress.int_sink_config.tb_int_sink': DUPLICATE_ENTRY
[17:55:44.240] [bmv2] [T] [thread 78193] bm_table_add_entry
[17:55:44.240] [bmv2] [E] [thread 78193] Error when trying to add entry to table 'int_vxlan_egress.int_transit.tb_int_transit': DUPLICATE_ENTRY
