Warning: you requested the nanomsg event logger, but bmv2 was compiled without -DBMELOG, and the event logger cannot be activated
You disabled logging macros when building this binary; however, the log level is currenty set to include 'debug' and possibly 'trace' messages; therefore the logs will be missing most messages
Calling target program-options parser
Adding interface l8-eth1 as port 1
Adding interface l8-eth2 as port 2
Adding interface l8-eth3 as port 3
Adding interface l8-eth4 as port 4
Adding interface l8-cpu-eth0 as port 5
Server listening on 0.0.0.0:50008
[17:54:01.533] [bmv2] [I] [thread 67927] Starting Thrift server on port 9098
[17:54:01.534] [bmv2] [I] [thread 67927] Thrift server was started
[17:54:13.200] [bmv2] [D] [thread 68701] simple_switch target has been notified of a config swap
[17:54:26.904] [bmv2] [T] [thread 72840] bm_get_config
[17:54:26.911] [bmv2] [T] [thread 72840] mirroring_sesssion_add
[17:54:26.911] [bmv2] [T] [thread 72840] bm_table_add_entry
[17:54:26.912] [bmv2] [T] [thread 72840] bm_table_add_entry
[17:54:26.913] [bmv2] [T] [thread 72840] bm_table_add_entry
[17:54:26.914] [bmv2] [T] [thread 72840] bm_table_add_entry
[17:54:26.915] [bmv2] [T] [thread 72840] bm_table_add_entry
[17:54:26.916] [bmv2] [T] [thread 72840] bm_table_add_entry
[17:54:26.917] [bmv2] [T] [thread 72840] bm_table_add_entry
[17:54:26.917] [bmv2] [T] [thread 72840] bm_table_add_entry
[17:54:26.918] [bmv2] [T] [thread 72840] bm_table_add_entry
[17:54:26.919] [bmv2] [T] [thread 72840] bm_table_add_entry
[17:54:26.919] [bmv2] [T] [thread 72840] bm_table_add_entry
[17:54:26.920] [bmv2] [T] [thread 72840] bm_table_add_entry
[17:54:26.921] [bmv2] [T] [thread 72840] bm_table_add_entry
[17:54:26.922] [bmv2] [T] [thread 72840] bm_table_add_entry
[17:54:26.922] [bmv2] [T] [thread 72840] bm_table_add_entry
[17:54:26.923] [bmv2] [T] [thread 72840] bm_table_add_entry
[17:54:26.924] [bmv2] [T] [thread 72840] bm_table_add_entry
[17:54:26.924] [bmv2] [T] [thread 72840] bm_table_add_entry
[17:54:26.925] [bmv2] [T] [thread 72840] bm_table_add_entry
[17:54:26.926] [bmv2] [T] [thread 72840] bm_table_add_entry
[17:54:26.927] [bmv2] [T] [thread 72840] bm_table_add_entry
[17:54:26.927] [bmv2] [T] [thread 72840] bm_table_add_entry
[17:54:26.928] [bmv2] [T] [thread 72840] bm_table_add_entry
[17:54:26.928] [bmv2] [T] [thread 72840] bm_table_add_entry
[17:54:26.929] [bmv2] [T] [thread 72840] bm_table_add_entry
[17:54:26.930] [bmv2] [T] [thread 72840] bm_table_add_entry
[17:54:26.930] [bmv2] [T] [thread 72840] bm_table_add_entry
[17:54:26.931] [bmv2] [T] [thread 72840] bm_table_add_entry
[17:54:26.942] [bmv2] [T] [thread 72840] bm_table_add_entry
[17:54:26.945] [bmv2] [T] [thread 72840] bm_table_add_entry
[17:54:26.945] [bmv2] [T] [thread 72840] bm_table_add_entry
[17:54:26.947] [bmv2] [T] [thread 72840] bm_table_add_entry
[17:54:26.948] [bmv2] [T] [thread 72840] bm_table_add_entry
[17:54:26.948] [bmv2] [T] [thread 72840] bm_table_add_entry
[17:54:26.949] [bmv2] [T] [thread 72840] bm_table_add_entry
[17:54:26.950] [bmv2] [T] [thread 72840] bm_table_add_entry
[17:54:26.951] [bmv2] [T] [thread 72840] bm_table_add_entry
[17:54:26.953] [bmv2] [T] [thread 72840] bm_table_add_entry
[17:54:26.953] [bmv2] [T] [thread 72840] bm_table_add_entry
[17:54:26.954] [bmv2] [T] [thread 72840] bm_table_add_entry
[17:54:26.955] [bmv2] [T] [thread 72840] bm_table_add_entry
[17:54:26.956] [bmv2] [T] [thread 72840] bm_table_add_entry
[17:54:26.959] [bmv2] [T] [thread 72840] bm_table_add_entry
[17:54:26.960] [bmv2] [T] [thread 72840] bm_table_add_entry
[17:54:26.962] [bmv2] [T] [thread 72840] bm_table_add_entry
[17:54:26.968] [bmv2] [T] [thread 72840] bm_table_add_entry
[17:54:26.970] [bmv2] [T] [thread 72840] bm_table_add_entry
[17:54:26.977] [bmv2] [T] [thread 72840] bm_table_add_entry
[17:54:26.978] [bmv2] [T] [thread 72840] bm_table_add_entry
[17:54:26.987] [bmv2] [T] [thread 72840] bm_table_add_entry
[17:54:26.988] [bmv2] [T] [thread 72840] bm_table_add_entry
[17:54:26.988] [bmv2] [T] [thread 72840] bm_table_add_entry
[17:54:26.988] [bmv2] [E] [thread 72840] Error when trying to add entry to table 'int_vxlan_ingress.int_source_activation.tb_flow_monitor': DUPLICATE_ENTRY
[17:54:26.988] [bmv2] [T] [thread 72840] bm_table_add_entry
[17:54:26.988] [bmv2] [E] [thread 72840] Error when trying to add entry to table 'int_vxlan_ingress.int_source_activation.tb_flow_monitor': DUPLICATE_ENTRY
[17:54:26.989] [bmv2] [T] [thread 72840] bm_table_add_entry
[17:54:26.989] [bmv2] [E] [thread 72840] Error when trying to add entry to table 'int_vxlan_ingress.int_source_activation.tb_flow_monitor': DUPLICATE_ENTRY
[17:54:26.989] [bmv2] [T] [thread 72840] bm_table_add_entry
[17:54:27.000] [bmv2] [E] [thread 72840] Error when trying to add entry to table 'int_vxlan_ingress.int_source_activation.tb_flow_monitor': DUPLICATE_ENTRY
[17:54:27.001] [bmv2] [T] [thread 72840] bm_table_add_entry
[17:54:27.001] [bmv2] [E] [thread 72840] Error when trying to add entry to table 'int_vxlan_ingress.int_source_activation.tb_flow_monitor': DUPLICATE_ENTRY
[17:54:27.001] [bmv2] [T] [thread 72840] bm_table_add_entry
[17:54:27.001] [bmv2] [E] [thread 72840] Error when trying to add entry to table 'int_vxlan_ingress.int_source_activation.tb_flow_monitor': DUPLICATE_ENTRY
[17:54:27.002] [bmv2] [T] [thread 72840] bm_table_add_entry
[17:54:27.002] [bmv2] [E] [thread 72840] Error when trying to add entry to table 'int_vxlan_ingress.int_source_activation.tb_flow_monitor': DUPLICATE_ENTRY
[17:54:27.002] [bmv2] [T] [thread 72840] bm_table_add_entry
[17:54:27.002] [bmv2] [E] [thread 72840] Error when trying to add entry to table 'int_vxlan_ingress.int_source_activation.tb_flow_monitor': DUPLICATE_ENTRY
[17:54:27.003] [bmv2] [T] [thread 72840] bm_table_add_entry
[17:54:27.003] [bmv2] [E] [thread 72840] Error when trying to add entry to table 'int_vxlan_ingress.int_source_activation.tb_flow_monitor': DUPLICATE_ENTRY
[17:54:27.003] [bmv2] [T] [thread 72840] bm_table_add_entry
[17:54:27.003] [bmv2] [E] [thread 72840] Error when trying to add entry to table 'int_vxlan_ingress.int_source_activation.tb_flow_monitor': DUPLICATE_ENTRY
[17:54:27.003] [bmv2] [T] [thread 72840] bm_table_add_entry
[17:54:27.004] [bmv2] [E] [thread 72840] Error when trying to add entry to table 'int_vxlan_ingress.int_source_activation.tb_flow_monitor': DUPLICATE_ENTRY
[17:54:27.004] [bmv2] [T] [thread 72840] bm_table_add_entry
[17:54:27.004] [bmv2] [E] [thread 72840] Error when trying to add entry to table 'int_vxlan_ingress.int_source_activation.tb_flow_monitor': DUPLICATE_ENTRY
[17:54:27.004] [bmv2] [T] [thread 72840] bm_table_add_entry
[17:54:27.004] [bmv2] [E] [thread 72840] Error when trying to add entry to table 'int_vxlan_ingress.int_source_activation.tb_flow_monitor': DUPLICATE_ENTRY
[17:54:27.004] [bmv2] [T] [thread 72840] bm_table_add_entry
[17:54:27.005] [bmv2] [E] [thread 72840] Error when trying to add entry to table 'int_vxlan_ingress.int_source_activation.tb_flow_monitor': DUPLICATE_ENTRY
[17:54:27.005] [bmv2] [T] [thread 72840] bm_table_add_entry
[17:54:27.005] [bmv2] [T] [thread 72840] bm_table_add_entry
[17:54:27.005] [bmv2] [T] [thread 72840] bm_table_add_entry
[17:54:27.006] [bmv2] [T] [thread 72840] bm_table_add_entry
[17:54:27.006] [bmv2] [T] [thread 72840] bm_table_add_entry
[17:54:27.006] [bmv2] [T] [thread 72840] bm_table_add_entry
[17:54:27.007] [bmv2] [T] [thread 72840] bm_table_add_entry
[17:54:27.007] [bmv2] [T] [thread 72840] bm_table_add_entry
[17:54:27.007] [bmv2] [T] [thread 72840] bm_table_add_entry
[17:54:27.007] [bmv2] [T] [thread 72840] bm_table_add_entry
[17:54:27.008] [bmv2] [T] [thread 72840] bm_table_add_entry
[17:54:27.008] [bmv2] [T] [thread 72840] bm_table_add_entry
[17:54:27.009] [bmv2] [T] [thread 72840] bm_table_add_entry
[17:54:27.009] [bmv2] [T] [thread 72840] bm_table_add_entry
[17:54:27.009] [bmv2] [T] [thread 72840] bm_table_add_entry
[17:54:27.009] [bmv2] [E] [thread 72840] Error when trying to add entry to table 'int_vxlan_ingress.int_source_activation.tb_flow_monitor': DUPLICATE_ENTRY
[17:54:27.010] [bmv2] [T] [thread 72840] bm_table_add_entry
[17:54:27.010] [bmv2] [E] [thread 72840] Error when trying to add entry to table 'int_vxlan_ingress.int_source_activation.tb_flow_monitor': DUPLICATE_ENTRY
[17:54:27.010] [bmv2] [T] [thread 72840] bm_table_add_entry
[17:54:27.010] [bmv2] [E] [thread 72840] Error when trying to add entry to table 'int_vxlan_ingress.int_source_activation.tb_flow_monitor': DUPLICATE_ENTRY
[17:54:27.010] [bmv2] [T] [thread 72840] bm_table_add_entry
[17:54:27.010] [bmv2] [E] [thread 72840] Error when trying to add entry to table 'int_vxlan_ingress.int_source_activation.tb_flow_monitor': DUPLICATE_ENTRY
[17:54:27.011] [bmv2] [T] [thread 72840] bm_table_add_entry
[17:54:27.011] [bmv2] [E] [thread 72840] Error when trying to add entry to table 'int_vxlan_ingress.int_source_activation.tb_flow_monitor': DUPLICATE_ENTRY
[17:54:27.011] [bmv2] [T] [thread 72840] bm_table_add_entry
[17:54:27.011] [bmv2] [E] [thread 72840] Error when trying to add entry to table 'int_vxlan_ingress.int_source_activation.tb_flow_monitor': DUPLICATE_ENTRY
[17:54:27.011] [bmv2] [T] [thread 72840] bm_table_add_entry
[17:54:27.011] [bmv2] [E] [thread 72840] Error when trying to add entry to table 'int_vxlan_ingress.int_source_activation.tb_flow_monitor': DUPLICATE_ENTRY
[17:54:27.012] [bmv2] [T] [thread 72840] bm_table_add_entry
[17:54:27.012] [bmv2] [E] [thread 72840] Error when trying to add entry to table 'int_vxlan_ingress.int_source_activation.tb_flow_monitor': DUPLICATE_ENTRY
[17:54:27.012] [bmv2] [T] [thread 72840] bm_table_add_entry
[17:54:27.012] [bmv2] [E] [thread 72840] Error when trying to add entry to table 'int_vxlan_ingress.int_source_activation.tb_flow_monitor': DUPLICATE_ENTRY
[17:54:27.013] [bmv2] [T] [thread 72840] bm_table_add_entry
[17:54:27.013] [bmv2] [E] [thread 72840] Error when trying to add entry to table 'int_vxlan_ingress.int_source_activation.tb_flow_monitor': DUPLICATE_ENTRY
[17:54:27.013] [bmv2] [T] [thread 72840] bm_table_add_entry
[17:54:27.013] [bmv2] [E] [thread 72840] Error when trying to add entry to table 'int_vxlan_ingress.int_source_activation.tb_flow_monitor': DUPLICATE_ENTRY
[17:54:27.014] [bmv2] [T] [thread 72840] bm_table_add_entry
[17:54:27.014] [bmv2] [E] [thread 72840] Error when trying to add entry to table 'int_vxlan_ingress.int_source_activation.tb_flow_monitor': DUPLICATE_ENTRY
[17:54:27.014] [bmv2] [T] [thread 72840] bm_table_add_entry
[17:54:27.014] [bmv2] [E] [thread 72840] Error when trying to add entry to table 'int_vxlan_ingress.int_source_activation.tb_flow_monitor': DUPLICATE_ENTRY
[17:54:27.014] [bmv2] [T] [thread 72840] bm_table_add_entry
[17:54:27.015] [bmv2] [E] [thread 72840] Error when trying to add entry to table 'int_vxlan_ingress.int_source_activation.tb_flow_monitor': DUPLICATE_ENTRY
[17:54:27.015] [bmv2] [T] [thread 72840] bm_table_add_entry
[17:54:27.015] [bmv2] [T] [thread 72840] bm_table_add_entry
[17:54:27.015] [bmv2] [T] [thread 72840] bm_table_add_entry
[17:54:27.016] [bmv2] [T] [thread 72840] bm_table_add_entry
[17:54:27.016] [bmv2] [T] [thread 72840] bm_table_add_entry
[17:55:45.106] [bmv2] [T] [thread 78217] bm_get_config
[17:55:45.111] [bmv2] [T] [thread 78217] mirroring_sesssion_add
[17:55:45.112] [bmv2] [T] [thread 78217] bm_table_add_entry
[17:55:45.112] [bmv2] [E] [thread 78217] Error when trying to add entry to table 'int_vxlan_ingress.local_forward.tb_local_forward': DUPLICATE_ENTRY
[17:55:45.112] [bmv2] [T] [thread 78217] bm_table_add_entry
[17:55:45.112] [bmv2] [E] [thread 78217] Error when trying to add entry to table 'int_vxlan_ingress.local_forward.tb_local_forward': DUPLICATE_ENTRY
[17:55:45.113] [bmv2] [T] [thread 78217] bm_table_add_entry
[17:55:45.113] [bmv2] [E] [thread 78217] Error when trying to add entry to table 'int_vxlan_ingress.vxlan_ingress_downstream.tb_dst_ip_to_mac': DUPLICATE_ENTRY
[17:55:45.114] [bmv2] [T] [thread 78217] bm_table_add_entry
[17:55:45.114] [bmv2] [E] [thread 78217] Error when trying to add entry to table 'int_vxlan_ingress.vxlan_ingress_downstream.tb_dst_ip_to_mac': DUPLICATE_ENTRY
[17:55:45.115] [bmv2] [T] [thread 78217] bm_table_add_entry
[17:55:45.115] [bmv2] [E] [thread 78217] Error when trying to add entry to table 'int_vxlan_ingress.vxlan_ingress_downstream.tb_dst_ip_to_mac': DUPLICATE_ENTRY
[17:55:45.116] [bmv2] [T] [thread 78217] bm_table_add_entry
[17:55:45.116] [bmv2] [E] [thread 78217] Error when trying to add entry to table 'int_vxlan_ingress.vxlan_ingress_downstream.tb_dst_ip_to_mac': DUPLICATE_ENTRY
[17:55:45.117] [bmv2] [T] [thread 78217] bm_table_add_entry
[17:55:45.117] [bmv2] [E] [thread 78217] Error when trying to add entry to table 'int_vxlan_ingress.vxlan_ingress_downstream.tb_dst_ip_to_mac': DUPLICATE_ENTRY
[17:55:45.118] [bmv2] [T] [thread 78217] bm_table_add_entry
[17:55:45.118] [bmv2] [E] [thread 78217] Error when trying to add entry to table 'int_vxlan_ingress.vxlan_ingress_downstream.tb_dst_ip_to_mac': DUPLICATE_ENTRY
[17:55:45.118] [bmv2] [T] [thread 78217] bm_table_add_entry
[17:55:45.118] [bmv2] [E] [thread 78217] Error when trying to add entry to table 'int_vxlan_ingress.vxlan_ingress_downstream.tb_dst_ip_to_mac': DUPLICATE_ENTRY
[17:55:45.119] [bmv2] [T] [thread 78217] bm_table_add_entry
[17:55:45.119] [bmv2] [E] [thread 78217] Error when trying to add entry to table 'int_vxlan_ingress.vxlan_ingress_downstream.tb_dst_ip_to_mac': DUPLICATE_ENTRY
[17:55:45.119] [bmv2] [T] [thread 78217] bm_table_add_entry
[17:55:45.120] [bmv2] [E] [thread 78217] Error when trying to add entry to table 'int_vxlan_ingress.vxlan_ingress_downstream.tb_dst_ip_to_mac': DUPLICATE_ENTRY
[17:55:45.120] [bmv2] [T] [thread 78217] bm_table_add_entry
[17:55:45.120] [bmv2] [E] [thread 78217] Error when trying to add entry to table 'int_vxlan_ingress.vxlan_ingress_downstream.tb_dst_ip_to_mac': DUPLICATE_ENTRY
[17:55:45.121] [bmv2] [T] [thread 78217] bm_table_add_entry
[17:55:45.121] [bmv2] [E] [thread 78217] Error when trying to add entry to table 'int_vxlan_ingress.vxlan_ingress_downstream.tb_dst_ip_to_mac': DUPLICATE_ENTRY
[17:55:45.122] [bmv2] [T] [thread 78217] bm_table_add_entry
[17:55:45.122] [bmv2] [E] [thread 78217] Error when trying to add entry to table 'int_vxlan_ingress.vxlan_ingress_downstream.tb_dst_ip_to_mac': DUPLICATE_ENTRY
[17:55:45.123] [bmv2] [T] [thread 78217] bm_table_add_entry
[17:55:45.123] [bmv2] [E] [thread 78217] Error when trying to add entry to table 'int_vxlan_ingress.vxlan_ingress_downstream.tb_dst_ip_to_mac': DUPLICATE_ENTRY
[17:55:45.123] [bmv2] [T] [thread 78217] bm_table_add_entry
[17:55:45.123] [bmv2] [E] [thread 78217] Error when trying to add entry to table 'int_vxlan_ingress.vxlan_ingress_downstream.tb_dst_ip_to_mac': DUPLICATE_ENTRY
[17:55:45.124] [bmv2] [T] [thread 78217] bm_table_add_entry
[17:55:45.124] [bmv2] [E] [thread 78217] Error when trying to add entry to table 'int_vxlan_ingress.vxlan_ingress_downstream.tb_dst_ip_to_mac': DUPLICATE_ENTRY
[17:55:45.125] [bmv2] [T] [thread 78217] bm_table_add_entry
[17:55:45.125] [bmv2] [E] [thread 78217] Error when trying to add entry to table 'int_vxlan_ingress.vxlan_ingress_downstream.tb_dst_ip_to_mac': DUPLICATE_ENTRY
[17:55:45.126] [bmv2] [T] [thread 78217] bm_table_add_entry
[17:55:45.126] [bmv2] [E] [thread 78217] Error when trying to add entry to table 'int_vxlan_ingress.vxlan_ingress_downstream.tb_vtep': DUPLICATE_ENTRY
[17:55:45.126] [bmv2] [T] [thread 78217] bm_table_add_entry
[17:55:45.127] [bmv2] [E] [thread 78217] Error when trying to add entry to table 'int_vxlan_ingress.vxlan_ingress_downstream.tb_vtep': DUPLICATE_ENTRY
[17:55:45.127] [bmv2] [T] [thread 78217] bm_table_add_entry
[17:55:45.127] [bmv2] [E] [thread 78217] Error when trying to add entry to table 'int_vxlan_ingress.vxlan_ingress_downstream.tb_vxlan_segment': DUPLICATE_ENTRY
[17:55:45.128] [bmv2] [T] [thread 78217] bm_table_add_entry
[17:55:45.128] [bmv2] [E] [thread 78217] Error when trying to add entry to table 'int_vxlan_ingress.vxlan_ingress_downstream.tb_peer_vtep': DUPLICATE_ENTRY
[17:55:45.129] [bmv2] [T] [thread 78217] bm_table_add_entry
[17:55:45.129] [bmv2] [E] [thread 78217] Error when trying to add entry to table 'int_vxlan_ingress.vxlan_ingress_downstream.tb_peer_vtep': DUPLICATE_ENTRY
[17:55:45.130] [bmv2] [T] [thread 78217] bm_table_add_entry
[17:55:45.130] [bmv2] [E] [thread 78217] Error when trying to add entry to table 'int_vxlan_ingress.vxlan_ingress_downstream.tb_peer_vtep': DUPLICATE_ENTRY
[17:55:45.131] [bmv2] [T] [thread 78217] bm_table_add_entry
[17:55:45.131] [bmv2] [E] [thread 78217] Error when trying to add entry to table 'int_vxlan_ingress.vxlan_ingress_downstream.tb_peer_vtep': DUPLICATE_ENTRY
[17:55:45.131] [bmv2] [T] [thread 78217] bm_table_add_entry
[17:55:45.131] [bmv2] [E] [thread 78217] Error when trying to add entry to table 'int_vxlan_ingress.vxlan_ingress_downstream.tb_peer_vtep': DUPLICATE_ENTRY
[17:55:45.132] [bmv2] [T] [thread 78217] bm_table_add_entry
[17:55:45.132] [bmv2] [E] [thread 78217] Error when trying to add entry to table 'int_vxlan_ingress.vxlan_ingress_downstream.tb_peer_vtep': DUPLICATE_ENTRY
[17:55:45.133] [bmv2] [T] [thread 78217] bm_table_add_entry
[17:55:45.133] [bmv2] [E] [thread 78217] Error when trying to add entry to table 'int_vxlan_ingress.vxlan_ingress_downstream.tb_peer_vtep': DUPLICATE_ENTRY
[17:55:45.133] [bmv2] [T] [thread 78217] bm_table_add_entry
[17:55:45.133] [bmv2] [E] [thread 78217] Error when trying to add entry to table 'int_vxlan_ingress.vxlan_ingress_downstream.tb_peer_vtep': DUPLICATE_ENTRY
[17:55:45.134] [bmv2] [T] [thread 78217] bm_table_add_entry
[17:55:45.134] [bmv2] [E] [thread 78217] Error when trying to add entry to table 'int_vxlan_ingress.vxlan_ingress_downstream.tb_peer_vtep': DUPLICATE_ENTRY
[17:55:45.135] [bmv2] [T] [thread 78217] bm_table_add_entry
[17:55:45.135] [bmv2] [E] [thread 78217] Error when trying to add entry to table 'int_vxlan_ingress.vxlan_ingress_downstream.tb_peer_vtep': DUPLICATE_ENTRY
[17:55:45.135] [bmv2] [T] [thread 78217] bm_table_add_entry
[17:55:45.135] [bmv2] [E] [thread 78217] Error when trying to add entry to table 'int_vxlan_ingress.vxlan_ingress_downstream.tb_peer_vtep': DUPLICATE_ENTRY
[17:55:45.136] [bmv2] [T] [thread 78217] bm_table_add_entry
[17:55:45.136] [bmv2] [E] [thread 78217] Error when trying to add entry to table 'int_vxlan_ingress.vxlan_ingress_downstream.tb_peer_vtep': DUPLICATE_ENTRY
[17:55:45.136] [bmv2] [T] [thread 78217] bm_table_add_entry
[17:55:45.136] [bmv2] [E] [thread 78217] Error when trying to add entry to table 'int_vxlan_ingress.vxlan_ingress_downstream.tb_peer_vtep': DUPLICATE_ENTRY
[17:55:45.137] [bmv2] [T] [thread 78217] bm_table_add_entry
[17:55:45.137] [bmv2] [E] [thread 78217] Error when trying to add entry to table 'int_vxlan_ingress.vxlan_ingress_downstream.tb_peer_vtep': DUPLICATE_ENTRY
[17:55:45.138] [bmv2] [T] [thread 78217] bm_table_add_entry
[17:55:45.138] [bmv2] [E] [thread 78217] Error when trying to add entry to table 'int_vxlan_ingress.int_source_activation.tb_activate_source': DUPLICATE_ENTRY
[17:55:45.138] [bmv2] [T] [thread 78217] bm_table_add_entry
[17:55:45.138] [bmv2] [E] [thread 78217] Error when trying to add entry to table 'int_vxlan_ingress.int_source_activation.tb_activate_source': DUPLICATE_ENTRY
[17:55:45.139] [bmv2] [T] [thread 78217] bm_table_add_entry
[17:55:45.139] [bmv2] [E] [thread 78217] Error when trying to add entry to table 'int_vxlan_ingress.int_source_activation.tb_flow_monitor': DUPLICATE_ENTRY
[17:55:45.140] [bmv2] [T] [thread 78217] bm_table_add_entry
[17:55:45.140] [bmv2] [E] [thread 78217] Error when trying to add entry to table 'int_vxlan_ingress.int_source_activation.tb_flow_monitor': DUPLICATE_ENTRY
[17:55:45.141] [bmv2] [T] [thread 78217] bm_table_add_entry
[17:55:45.141] [bmv2] [E] [thread 78217] Error when trying to add entry to table 'int_vxlan_ingress.int_source_activation.tb_flow_monitor': DUPLICATE_ENTRY
[17:55:45.142] [bmv2] [T] [thread 78217] bm_table_add_entry
[17:55:45.142] [bmv2] [E] [thread 78217] Error when trying to add entry to table 'int_vxlan_ingress.int_source_activation.tb_flow_monitor': DUPLICATE_ENTRY
[17:55:45.142] [bmv2] [T] [thread 78217] bm_table_add_entry
[17:55:45.142] [bmv2] [E] [thread 78217] Error when trying to add entry to table 'int_vxlan_ingress.int_source_activation.tb_flow_monitor': DUPLICATE_ENTRY
[17:55:45.143] [bmv2] [T] [thread 78217] bm_table_add_entry
[17:55:45.143] [bmv2] [E] [thread 78217] Error when trying to add entry to table 'int_vxlan_ingress.int_source_activation.tb_flow_monitor': DUPLICATE_ENTRY
[17:55:45.143] [bmv2] [T] [thread 78217] bm_table_add_entry
[17:55:45.143] [bmv2] [E] [thread 78217] Error when trying to add entry to table 'int_vxlan_ingress.int_source_activation.tb_flow_monitor': DUPLICATE_ENTRY
[17:55:45.144] [bmv2] [T] [thread 78217] bm_table_add_entry
[17:55:45.144] [bmv2] [E] [thread 78217] Error when trying to add entry to table 'int_vxlan_ingress.int_source_activation.tb_flow_monitor': DUPLICATE_ENTRY
[17:55:45.145] [bmv2] [T] [thread 78217] bm_table_add_entry
[17:55:45.145] [bmv2] [E] [thread 78217] Error when trying to add entry to table 'int_vxlan_ingress.int_source_activation.tb_flow_monitor': DUPLICATE_ENTRY
[17:55:45.146] [bmv2] [T] [thread 78217] bm_table_add_entry
[17:55:45.146] [bmv2] [E] [thread 78217] Error when trying to add entry to table 'int_vxlan_ingress.int_source_activation.tb_flow_monitor': DUPLICATE_ENTRY
[17:55:45.146] [bmv2] [T] [thread 78217] bm_table_add_entry
[17:55:45.146] [bmv2] [E] [thread 78217] Error when trying to add entry to table 'int_vxlan_ingress.int_source_activation.tb_flow_monitor': DUPLICATE_ENTRY
[17:55:45.147] [bmv2] [T] [thread 78217] bm_table_add_entry
[17:55:45.147] [bmv2] [E] [thread 78217] Error when trying to add entry to table 'int_vxlan_ingress.int_source_activation.tb_flow_monitor': DUPLICATE_ENTRY
[17:55:45.148] [bmv2] [T] [thread 78217] bm_table_add_entry
[17:55:45.148] [bmv2] [E] [thread 78217] Error when trying to add entry to table 'int_vxlan_ingress.int_source_activation.tb_flow_monitor': DUPLICATE_ENTRY
[17:55:45.148] [bmv2] [T] [thread 78217] bm_table_add_entry
[17:55:45.148] [bmv2] [E] [thread 78217] Error when trying to add entry to table 'int_vxlan_ingress.int_source_activation.tb_flow_monitor': DUPLICATE_ENTRY
[17:55:45.149] [bmv2] [T] [thread 78217] bm_table_add_entry
[17:55:45.149] [bmv2] [E] [thread 78217] Error when trying to add entry to table 'int_vxlan_ingress.int_source_activation.tb_flow_monitor': DUPLICATE_ENTRY
[17:55:45.149] [bmv2] [T] [thread 78217] bm_table_add_entry
[17:55:45.149] [bmv2] [E] [thread 78217] Error when trying to add entry to table 'int_vxlan_ingress.int_source_activation.tb_flow_monitor': DUPLICATE_ENTRY
[17:55:45.150] [bmv2] [T] [thread 78217] bm_table_add_entry
[17:55:45.150] [bmv2] [E] [thread 78217] Error when trying to add entry to table 'int_vxlan_ingress.int_source_activation.tb_flow_monitor': DUPLICATE_ENTRY
[17:55:45.150] [bmv2] [T] [thread 78217] bm_table_add_entry
[17:55:45.150] [bmv2] [E] [thread 78217] Error when trying to add entry to table 'int_vxlan_ingress.int_source_activation.tb_flow_monitor': DUPLICATE_ENTRY
[17:55:45.151] [bmv2] [T] [thread 78217] bm_table_add_entry
[17:55:45.151] [bmv2] [E] [thread 78217] Error when trying to add entry to table 'int_vxlan_ingress.int_source_activation.tb_flow_monitor': DUPLICATE_ENTRY
[17:55:45.151] [bmv2] [T] [thread 78217] bm_table_add_entry
[17:55:45.151] [bmv2] [E] [thread 78217] Error when trying to add entry to table 'int_vxlan_ingress.int_source_activation.tb_flow_monitor': DUPLICATE_ENTRY
[17:55:45.152] [bmv2] [T] [thread 78217] bm_table_add_entry
[17:55:45.152] [bmv2] [E] [thread 78217] Error when trying to add entry to table 'int_vxlan_ingress.int_source_activation.tb_flow_monitor': DUPLICATE_ENTRY
[17:55:45.152] [bmv2] [T] [thread 78217] bm_table_add_entry
[17:55:45.152] [bmv2] [E] [thread 78217] Error when trying to add entry to table 'int_vxlan_ingress.int_source_activation.tb_flow_monitor': DUPLICATE_ENTRY
[17:55:45.154] [bmv2] [T] [thread 78217] bm_table_add_entry
[17:55:45.154] [bmv2] [E] [thread 78217] Error when trying to add entry to table 'int_vxlan_ingress.int_source_activation.tb_flow_monitor': DUPLICATE_ENTRY
[17:55:45.154] [bmv2] [T] [thread 78217] bm_table_add_entry
[17:55:45.154] [bmv2] [E] [thread 78217] Error when trying to add entry to table 'int_vxlan_ingress.int_source_activation.tb_flow_monitor': DUPLICATE_ENTRY
[17:55:45.155] [bmv2] [T] [thread 78217] bm_table_add_entry
[17:55:45.155] [bmv2] [E] [thread 78217] Error when trying to add entry to table 'int_vxlan_ingress.int_source_activation.tb_flow_monitor': DUPLICATE_ENTRY
[17:55:45.156] [bmv2] [T] [thread 78217] bm_table_add_entry
[17:55:45.156] [bmv2] [E] [thread 78217] Error when trying to add entry to table 'int_vxlan_ingress.int_source_activation.tb_flow_monitor': DUPLICATE_ENTRY
[17:55:45.157] [bmv2] [T] [thread 78217] bm_table_add_entry
[17:55:45.157] [bmv2] [E] [thread 78217] Error when trying to add entry to table 'int_vxlan_ingress.int_source_activation.tb_flow_monitor': DUPLICATE_ENTRY
[17:55:45.157] [bmv2] [T] [thread 78217] bm_table_add_entry
[17:55:45.158] [bmv2] [E] [thread 78217] Error when trying to add entry to table 'int_vxlan_ingress.int_source_activation.tb_flow_monitor': DUPLICATE_ENTRY
[17:55:45.158] [bmv2] [T] [thread 78217] bm_table_add_entry
[17:55:45.158] [bmv2] [E] [thread 78217] Error when trying to add entry to table 'int_vxlan_ingress.int_source_activation.tb_flow_monitor': DUPLICATE_ENTRY
[17:55:45.159] [bmv2] [T] [thread 78217] bm_table_add_entry
[17:55:45.159] [bmv2] [E] [thread 78217] Error when trying to add entry to table 'int_vxlan_ingress.int_source_activation.tb_flow_monitor': DUPLICATE_ENTRY
[17:55:45.160] [bmv2] [T] [thread 78217] bm_table_add_entry
[17:55:45.160] [bmv2] [E] [thread 78217] Error when trying to add entry to table 'int_vxlan_ingress.int_source_activation.tb_flow_monitor': DUPLICATE_ENTRY
[17:55:45.161] [bmv2] [T] [thread 78217] bm_table_add_entry
[17:55:45.161] [bmv2] [E] [thread 78217] Error when trying to add entry to table 'int_vxlan_ingress.int_source_activation.tb_flow_monitor': DUPLICATE_ENTRY
[17:55:45.161] [bmv2] [T] [thread 78217] bm_table_add_entry
[17:55:45.161] [bmv2] [E] [thread 78217] Error when trying to add entry to table 'int_vxlan_ingress.int_source_activation.tb_flow_monitor': DUPLICATE_ENTRY
[17:55:45.162] [bmv2] [T] [thread 78217] bm_table_add_entry
[17:55:45.162] [bmv2] [E] [thread 78217] Error when trying to add entry to table 'int_vxlan_ingress.int_source_activation.tb_flow_monitor': DUPLICATE_ENTRY
[17:55:45.163] [bmv2] [T] [thread 78217] bm_table_add_entry
[17:55:45.163] [bmv2] [E] [thread 78217] Error when trying to add entry to table 'int_vxlan_ingress.int_source_activation.tb_flow_monitor': DUPLICATE_ENTRY
[17:55:45.163] [bmv2] [T] [thread 78217] bm_table_add_entry
[17:55:45.163] [bmv2] [E] [thread 78217] Error when trying to add entry to table 'int_vxlan_ingress.int_source_activation.tb_flow_monitor': DUPLICATE_ENTRY
[17:55:45.164] [bmv2] [T] [thread 78217] bm_table_add_entry
[17:55:45.164] [bmv2] [E] [thread 78217] Error when trying to add entry to table 'int_vxlan_ingress.int_source_activation.tb_flow_monitor': DUPLICATE_ENTRY
[17:55:45.165] [bmv2] [T] [thread 78217] bm_table_add_entry
[17:55:45.165] [bmv2] [E] [thread 78217] Error when trying to add entry to table 'int_vxlan_ingress.int_source_activation.tb_flow_monitor': DUPLICATE_ENTRY
[17:55:45.166] [bmv2] [T] [thread 78217] bm_table_add_entry
[17:55:45.166] [bmv2] [E] [thread 78217] Error when trying to add entry to table 'int_vxlan_ingress.int_source_activation.tb_flow_monitor': DUPLICATE_ENTRY
[17:55:45.167] [bmv2] [T] [thread 78217] bm_table_add_entry
[17:55:45.167] [bmv2] [E] [thread 78217] Error when trying to add entry to table 'int_vxlan_ingress.int_source_activation.tb_flow_monitor': DUPLICATE_ENTRY
[17:55:45.167] [bmv2] [T] [thread 78217] bm_table_add_entry
[17:55:45.167] [bmv2] [E] [thread 78217] Error when trying to add entry to table 'int_vxlan_ingress.int_source_activation.tb_flow_monitor': DUPLICATE_ENTRY
[17:55:45.168] [bmv2] [T] [thread 78217] bm_table_add_entry
[17:55:45.168] [bmv2] [E] [thread 78217] Error when trying to add entry to table 'int_vxlan_ingress.int_source_activation.tb_flow_monitor': DUPLICATE_ENTRY
[17:55:45.169] [bmv2] [T] [thread 78217] bm_table_add_entry
[17:55:45.169] [bmv2] [E] [thread 78217] Error when trying to add entry to table 'int_vxlan_ingress.int_source_activation.tb_flow_monitor': DUPLICATE_ENTRY
[17:55:45.170] [bmv2] [T] [thread 78217] bm_table_add_entry
[17:55:45.170] [bmv2] [E] [thread 78217] Error when trying to add entry to table 'int_vxlan_ingress.int_source_activation.tb_flow_monitor': DUPLICATE_ENTRY
[17:55:45.171] [bmv2] [T] [thread 78217] bm_table_add_entry
[17:55:45.171] [bmv2] [E] [thread 78217] Error when trying to add entry to table 'int_vxlan_ingress.int_source_activation.tb_flow_monitor': DUPLICATE_ENTRY
[17:55:45.171] [bmv2] [T] [thread 78217] bm_table_add_entry
[17:55:45.171] [bmv2] [E] [thread 78217] Error when trying to add entry to table 'int_vxlan_ingress.int_source_activation.tb_flow_monitor': DUPLICATE_ENTRY
[17:55:45.172] [bmv2] [T] [thread 78217] bm_table_add_entry
[17:55:45.172] [bmv2] [E] [thread 78217] Error when trying to add entry to table 'int_vxlan_ingress.int_source_activation.tb_flow_monitor': DUPLICATE_ENTRY
[17:55:45.173] [bmv2] [T] [thread 78217] bm_table_add_entry
[17:55:45.173] [bmv2] [E] [thread 78217] Error when trying to add entry to table 'int_vxlan_ingress.int_source_activation.tb_flow_monitor': DUPLICATE_ENTRY
[17:55:45.173] [bmv2] [T] [thread 78217] bm_table_add_entry
[17:55:45.174] [bmv2] [E] [thread 78217] Error when trying to add entry to table 'int_vxlan_ingress.int_source_activation.tb_flow_monitor': DUPLICATE_ENTRY
[17:55:45.175] [bmv2] [T] [thread 78217] bm_table_add_entry
[17:55:45.175] [bmv2] [E] [thread 78217] Error when trying to add entry to table 'int_vxlan_ingress.int_source_activation.tb_flow_monitor': DUPLICATE_ENTRY
[17:55:45.176] [bmv2] [T] [thread 78217] bm_table_add_entry
[17:55:45.176] [bmv2] [E] [thread 78217] Error when trying to add entry to table 'int_vxlan_ingress.int_source_activation.tb_flow_monitor': DUPLICATE_ENTRY
[17:55:45.177] [bmv2] [T] [thread 78217] bm_table_add_entry
[17:55:45.177] [bmv2] [E] [thread 78217] Error when trying to add entry to table 'int_vxlan_ingress.int_source_activation.tb_flow_monitor': DUPLICATE_ENTRY
[17:55:45.178] [bmv2] [T] [thread 78217] bm_table_add_entry
[17:55:45.178] [bmv2] [E] [thread 78217] Error when trying to add entry to table 'int_vxlan_ingress.int_source_activation.tb_flow_monitor': DUPLICATE_ENTRY
[17:55:45.182] [bmv2] [T] [thread 78217] bm_table_add_entry
[17:55:45.182] [bmv2] [E] [thread 78217] Error when trying to add entry to table 'int_vxlan_ingress.int_source_activation.tb_flow_monitor': DUPLICATE_ENTRY
[17:55:45.182] [bmv2] [T] [thread 78217] bm_table_add_entry
[17:55:45.183] [bmv2] [E] [thread 78217] Error when trying to add entry to table 'int_vxlan_ingress.int_source_activation.tb_flow_monitor': DUPLICATE_ENTRY
[17:55:45.183] [bmv2] [T] [thread 78217] bm_table_add_entry
[17:55:45.183] [bmv2] [E] [thread 78217] Error when trying to add entry to table 'int_vxlan_ingress.int_source_activation.tb_flow_monitor': DUPLICATE_ENTRY
[17:55:45.184] [bmv2] [T] [thread 78217] bm_table_add_entry
[17:55:45.184] [bmv2] [E] [thread 78217] Error when trying to add entry to table 'int_vxlan_ingress.vxlan_ingress_upstream.tb_vxlan_forward_l2': DUPLICATE_ENTRY
[17:55:45.184] [bmv2] [T] [thread 78217] bm_table_add_entry
[17:55:45.184] [bmv2] [E] [thread 78217] Error when trying to add entry to table 'int_vxlan_ingress.vxlan_ingress_upstream.tb_vxlan_forward_l2': DUPLICATE_ENTRY
[17:55:45.185] [bmv2] [T] [thread 78217] bm_table_add_entry
[17:55:45.185] [bmv2] [E] [thread 78217] Error when trying to add entry to table 'int_vxlan_ingress.int_sink_config.tb_int_sink': DUPLICATE_ENTRY
[17:55:45.185] [bmv2] [T] [thread 78217] bm_table_add_entry
[17:55:45.185] [bmv2] [E] [thread 78217] Error when trying to add entry to table 'int_vxlan_ingress.int_sink_config.tb_int_sink': DUPLICATE_ENTRY
[17:55:45.186] [bmv2] [T] [thread 78217] bm_table_add_entry
[17:55:45.186] [bmv2] [E] [thread 78217] Error when trying to add entry to table 'int_vxlan_egress.int_transit.tb_int_transit': DUPLICATE_ENTRY
