Warning: you requested the nanomsg event logger, but bmv2 was compiled without -DBMELOG, and the event logger cannot be activated
You disabled logging macros when building this binary; however, the log level is currenty set to include 'debug' and possibly 'trace' messages; therefore the logs will be missing most messages
Calling target program-options parser
Adding interface l3-eth1 as port 1
Adding interface l3-eth2 as port 2
Adding interface l3-eth3 as port 3
Adding interface l3-eth4 as port 4
Adding interface l3-cpu-eth0 as port 5
Server listening on 0.0.0.0:50003
[17:53:52.858] [bmv2] [I] [thread 67830] Starting Thrift server on port 9093
[17:53:52.858] [bmv2] [I] [thread 67830] Thrift server was started
[17:54:12.867] [bmv2] [D] [thread 68547] simple_switch target has been notified of a config swap
[17:54:26.245] [bmv2] [T] [thread 72821] bm_get_config
[17:54:26.252] [bmv2] [T] [thread 72821] mirroring_sesssion_add
[17:54:26.252] [bmv2] [T] [thread 72821] bm_table_add_entry
[17:54:26.253] [bmv2] [T] [thread 72821] bm_table_add_entry
[17:54:26.254] [bmv2] [T] [thread 72821] bm_table_add_entry
[17:54:26.254] [bmv2] [T] [thread 72821] bm_table_add_entry
[17:54:26.255] [bmv2] [T] [thread 72821] bm_table_add_entry
[17:54:26.255] [bmv2] [T] [thread 72821] bm_table_add_entry
[17:54:26.255] [bmv2] [T] [thread 72821] bm_table_add_entry
[17:54:26.255] [bmv2] [T] [thread 72821] bm_table_add_entry
[17:54:26.256] [bmv2] [T] [thread 72821] bm_table_add_entry
[17:54:26.256] [bmv2] [T] [thread 72821] bm_table_add_entry
[17:54:26.256] [bmv2] [T] [thread 72821] bm_table_add_entry
[17:54:26.256] [bmv2] [T] [thread 72821] bm_table_add_entry
[17:54:26.256] [bmv2] [T] [thread 72821] bm_table_add_entry
[17:54:26.257] [bmv2] [T] [thread 72821] bm_table_add_entry
[17:54:26.257] [bmv2] [T] [thread 72821] bm_table_add_entry
[17:54:26.257] [bmv2] [T] [thread 72821] bm_table_add_entry
[17:54:26.257] [bmv2] [T] [thread 72821] bm_table_add_entry
[17:54:26.258] [bmv2] [T] [thread 72821] bm_table_add_entry
[17:54:26.258] [bmv2] [T] [thread 72821] bm_table_add_entry
[17:54:26.258] [bmv2] [T] [thread 72821] bm_table_add_entry
[17:54:26.258] [bmv2] [T] [thread 72821] bm_table_add_entry
[17:54:26.259] [bmv2] [T] [thread 72821] bm_table_add_entry
[17:54:26.259] [bmv2] [T] [thread 72821] bm_table_add_entry
[17:54:26.259] [bmv2] [T] [thread 72821] bm_table_add_entry
[17:54:26.260] [bmv2] [T] [thread 72821] bm_table_add_entry
[17:54:26.260] [bmv2] [T] [thread 72821] bm_table_add_entry
[17:54:26.260] [bmv2] [T] [thread 72821] bm_table_add_entry
[17:54:26.260] [bmv2] [T] [thread 72821] bm_table_add_entry
[17:54:26.260] [bmv2] [T] [thread 72821] bm_table_add_entry
[17:54:26.261] [bmv2] [T] [thread 72821] bm_table_add_entry
[17:54:26.261] [bmv2] [T] [thread 72821] bm_table_add_entry
[17:54:26.261] [bmv2] [T] [thread 72821] bm_table_add_entry
[17:54:26.261] [bmv2] [T] [thread 72821] bm_table_add_entry
[17:54:26.262] [bmv2] [T] [thread 72821] bm_table_add_entry
[17:54:26.262] [bmv2] [T] [thread 72821] bm_table_add_entry
[17:54:26.262] [bmv2] [T] [thread 72821] bm_table_add_entry
[17:54:26.262] [bmv2] [T] [thread 72821] bm_table_add_entry
[17:54:26.263] [bmv2] [T] [thread 72821] bm_table_add_entry
[17:54:26.263] [bmv2] [T] [thread 72821] bm_table_add_entry
[17:54:26.263] [bmv2] [T] [thread 72821] bm_table_add_entry
[17:54:26.263] [bmv2] [T] [thread 72821] bm_table_add_entry
[17:54:26.264] [bmv2] [T] [thread 72821] bm_table_add_entry
[17:54:26.264] [bmv2] [T] [thread 72821] bm_table_add_entry
[17:54:26.264] [bmv2] [T] [thread 72821] bm_table_add_entry
[17:54:26.265] [bmv2] [T] [thread 72821] bm_table_add_entry
[17:54:26.265] [bmv2] [T] [thread 72821] bm_table_add_entry
[17:54:26.265] [bmv2] [T] [thread 72821] bm_table_add_entry
[17:54:26.266] [bmv2] [T] [thread 72821] bm_table_add_entry
[17:54:26.266] [bmv2] [T] [thread 72821] bm_table_add_entry
[17:54:26.266] [bmv2] [T] [thread 72821] bm_table_add_entry
[17:54:26.266] [bmv2] [T] [thread 72821] bm_table_add_entry
[17:54:26.267] [bmv2] [T] [thread 72821] bm_table_add_entry
[17:54:26.267] [bmv2] [T] [thread 72821] bm_table_add_entry
[17:54:26.267] [bmv2] [T] [thread 72821] bm_table_add_entry
[17:54:26.268] [bmv2] [T] [thread 72821] bm_table_add_entry
[17:54:26.268] [bmv2] [T] [thread 72821] bm_table_add_entry
[17:54:26.268] [bmv2] [T] [thread 72821] bm_table_add_entry
[17:54:26.269] [bmv2] [T] [thread 72821] bm_table_add_entry
[17:54:26.269] [bmv2] [T] [thread 72821] bm_table_add_entry
[17:54:26.269] [bmv2] [T] [thread 72821] bm_table_add_entry
[17:54:26.270] [bmv2] [T] [thread 72821] bm_table_add_entry
[17:54:26.270] [bmv2] [T] [thread 72821] bm_table_add_entry
[17:54:26.270] [bmv2] [T] [thread 72821] bm_table_add_entry
[17:54:26.270] [bmv2] [T] [thread 72821] bm_table_add_entry
[17:54:26.271] [bmv2] [T] [thread 72821] bm_table_add_entry
[17:54:26.271] [bmv2] [T] [thread 72821] bm_table_add_entry
[17:54:26.272] [bmv2] [T] [thread 72821] bm_table_add_entry
[17:54:26.272] [bmv2] [T] [thread 72821] bm_table_add_entry
[17:54:26.273] [bmv2] [T] [thread 72821] bm_table_add_entry
[17:54:26.273] [bmv2] [T] [thread 72821] bm_table_add_entry
[17:54:26.273] [bmv2] [T] [thread 72821] bm_table_add_entry
[17:54:26.273] [bmv2] [T] [thread 72821] bm_table_add_entry
[17:54:26.274] [bmv2] [T] [thread 72821] bm_table_add_entry
[17:54:26.274] [bmv2] [T] [thread 72821] bm_table_add_entry
[17:54:26.275] [bmv2] [T] [thread 72821] bm_table_add_entry
[17:54:26.275] [bmv2] [T] [thread 72821] bm_table_add_entry
[17:54:26.275] [bmv2] [T] [thread 72821] bm_table_add_entry
[17:54:26.275] [bmv2] [T] [thread 72821] bm_table_add_entry
[17:54:26.276] [bmv2] [T] [thread 72821] bm_table_add_entry
[17:54:26.276] [bmv2] [T] [thread 72821] bm_table_add_entry
[17:54:26.276] [bmv2] [T] [thread 72821] bm_table_add_entry
[17:54:26.277] [bmv2] [T] [thread 72821] bm_table_add_entry
[17:54:26.277] [bmv2] [T] [thread 72821] bm_table_add_entry
[17:54:26.277] [bmv2] [T] [thread 72821] bm_table_add_entry
[17:54:26.277] [bmv2] [T] [thread 72821] bm_table_add_entry
[17:54:26.278] [bmv2] [T] [thread 72821] bm_table_add_entry
[17:54:26.278] [bmv2] [T] [thread 72821] bm_table_add_entry
[17:54:26.278] [bmv2] [T] [thread 72821] bm_table_add_entry
[17:54:26.279] [bmv2] [T] [thread 72821] bm_table_add_entry
[17:54:26.279] [bmv2] [T] [thread 72821] bm_table_add_entry
[17:54:26.280] [bmv2] [T] [thread 72821] bm_table_add_entry
[17:54:26.280] [bmv2] [T] [thread 72821] bm_table_add_entry
[17:54:26.280] [bmv2] [T] [thread 72821] bm_table_add_entry
[17:54:26.280] [bmv2] [T] [thread 72821] bm_table_add_entry
[17:54:26.281] [bmv2] [T] [thread 72821] bm_table_add_entry
[17:54:26.281] [bmv2] [T] [thread 72821] bm_table_add_entry
[17:54:26.281] [bmv2] [T] [thread 72821] bm_table_add_entry
[17:54:26.282] [bmv2] [T] [thread 72821] bm_table_add_entry
[17:55:44.475] [bmv2] [T] [thread 78200] bm_get_config
[17:55:44.483] [bmv2] [T] [thread 78200] mirroring_sesssion_add
[17:55:44.483] [bmv2] [T] [thread 78200] bm_table_add_entry
[17:55:44.483] [bmv2] [E] [thread 78200] Error when trying to add entry to table 'int_vxlan_ingress.local_forward.tb_local_forward': DUPLICATE_ENTRY
[17:55:44.484] [bmv2] [T] [thread 78200] bm_table_add_entry
[17:55:44.484] [bmv2] [E] [thread 78200] Error when trying to add entry to table 'int_vxlan_ingress.local_forward.tb_local_forward': DUPLICATE_ENTRY
[17:55:44.485] [bmv2] [T] [thread 78200] bm_table_add_entry
[17:55:44.485] [bmv2] [E] [thread 78200] Error when trying to add entry to table 'int_vxlan_ingress.vxlan_ingress_downstream.tb_dst_ip_to_mac': DUPLICATE_ENTRY
[17:55:44.486] [bmv2] [T] [thread 78200] bm_table_add_entry
[17:55:44.487] [bmv2] [E] [thread 78200] Error when trying to add entry to table 'int_vxlan_ingress.vxlan_ingress_downstream.tb_dst_ip_to_mac': DUPLICATE_ENTRY
[17:55:44.488] [bmv2] [T] [thread 78200] bm_table_add_entry
[17:55:44.488] [bmv2] [E] [thread 78200] Error when trying to add entry to table 'int_vxlan_ingress.vxlan_ingress_downstream.tb_dst_ip_to_mac': DUPLICATE_ENTRY
[17:55:44.489] [bmv2] [T] [thread 78200] bm_table_add_entry
[17:55:44.489] [bmv2] [E] [thread 78200] Error when trying to add entry to table 'int_vxlan_ingress.vxlan_ingress_downstream.tb_dst_ip_to_mac': DUPLICATE_ENTRY
[17:55:44.490] [bmv2] [T] [thread 78200] bm_table_add_entry
[17:55:44.490] [bmv2] [E] [thread 78200] Error when trying to add entry to table 'int_vxlan_ingress.vxlan_ingress_downstream.tb_dst_ip_to_mac': DUPLICATE_ENTRY
[17:55:44.491] [bmv2] [T] [thread 78200] bm_table_add_entry
[17:55:44.491] [bmv2] [E] [thread 78200] Error when trying to add entry to table 'int_vxlan_ingress.vxlan_ingress_downstream.tb_dst_ip_to_mac': DUPLICATE_ENTRY
[17:55:44.492] [bmv2] [T] [thread 78200] bm_table_add_entry
[17:55:44.492] [bmv2] [E] [thread 78200] Error when trying to add entry to table 'int_vxlan_ingress.vxlan_ingress_downstream.tb_dst_ip_to_mac': DUPLICATE_ENTRY
[17:55:44.492] [bmv2] [T] [thread 78200] bm_table_add_entry
[17:55:44.492] [bmv2] [E] [thread 78200] Error when trying to add entry to table 'int_vxlan_ingress.vxlan_ingress_downstream.tb_dst_ip_to_mac': DUPLICATE_ENTRY
[17:55:44.493] [bmv2] [T] [thread 78200] bm_table_add_entry
[17:55:44.493] [bmv2] [E] [thread 78200] Error when trying to add entry to table 'int_vxlan_ingress.vxlan_ingress_downstream.tb_dst_ip_to_mac': DUPLICATE_ENTRY
[17:55:44.494] [bmv2] [T] [thread 78200] bm_table_add_entry
[17:55:44.494] [bmv2] [E] [thread 78200] Error when trying to add entry to table 'int_vxlan_ingress.vxlan_ingress_downstream.tb_dst_ip_to_mac': DUPLICATE_ENTRY
[17:55:44.495] [bmv2] [T] [thread 78200] bm_table_add_entry
[17:55:44.495] [bmv2] [E] [thread 78200] Error when trying to add entry to table 'int_vxlan_ingress.vxlan_ingress_downstream.tb_dst_ip_to_mac': DUPLICATE_ENTRY
[17:55:44.496] [bmv2] [T] [thread 78200] bm_table_add_entry
[17:55:44.496] [bmv2] [E] [thread 78200] Error when trying to add entry to table 'int_vxlan_ingress.vxlan_ingress_downstream.tb_dst_ip_to_mac': DUPLICATE_ENTRY
[17:55:44.497] [bmv2] [T] [thread 78200] bm_table_add_entry
[17:55:44.497] [bmv2] [E] [thread 78200] Error when trying to add entry to table 'int_vxlan_ingress.vxlan_ingress_downstream.tb_dst_ip_to_mac': DUPLICATE_ENTRY
[17:55:44.498] [bmv2] [T] [thread 78200] bm_table_add_entry
[17:55:44.498] [bmv2] [E] [thread 78200] Error when trying to add entry to table 'int_vxlan_ingress.vxlan_ingress_downstream.tb_dst_ip_to_mac': DUPLICATE_ENTRY
[17:55:44.499] [bmv2] [T] [thread 78200] bm_table_add_entry
[17:55:44.499] [bmv2] [E] [thread 78200] Error when trying to add entry to table 'int_vxlan_ingress.vxlan_ingress_downstream.tb_dst_ip_to_mac': DUPLICATE_ENTRY
[17:55:44.500] [bmv2] [T] [thread 78200] bm_table_add_entry
[17:55:44.500] [bmv2] [E] [thread 78200] Error when trying to add entry to table 'int_vxlan_ingress.vxlan_ingress_downstream.tb_dst_ip_to_mac': DUPLICATE_ENTRY
[17:55:44.500] [bmv2] [T] [thread 78200] bm_table_add_entry
[17:55:44.500] [bmv2] [E] [thread 78200] Error when trying to add entry to table 'int_vxlan_ingress.vxlan_ingress_downstream.tb_vtep': DUPLICATE_ENTRY
[17:55:44.501] [bmv2] [T] [thread 78200] bm_table_add_entry
[17:55:44.501] [bmv2] [E] [thread 78200] Error when trying to add entry to table 'int_vxlan_ingress.vxlan_ingress_downstream.tb_vtep': DUPLICATE_ENTRY
[17:55:44.502] [bmv2] [T] [thread 78200] bm_table_add_entry
[17:55:44.502] [bmv2] [E] [thread 78200] Error when trying to add entry to table 'int_vxlan_ingress.vxlan_ingress_downstream.tb_vxlan_segment': DUPLICATE_ENTRY
[17:55:44.503] [bmv2] [T] [thread 78200] bm_table_add_entry
[17:55:44.503] [bmv2] [E] [thread 78200] Error when trying to add entry to table 'int_vxlan_ingress.vxlan_ingress_downstream.tb_peer_vtep': DUPLICATE_ENTRY
[17:55:44.503] [bmv2] [T] [thread 78200] bm_table_add_entry
[17:55:44.503] [bmv2] [E] [thread 78200] Error when trying to add entry to table 'int_vxlan_ingress.vxlan_ingress_downstream.tb_peer_vtep': DUPLICATE_ENTRY
[17:55:44.504] [bmv2] [T] [thread 78200] bm_table_add_entry
[17:55:44.505] [bmv2] [E] [thread 78200] Error when trying to add entry to table 'int_vxlan_ingress.vxlan_ingress_downstream.tb_peer_vtep': DUPLICATE_ENTRY
[17:55:44.506] [bmv2] [T] [thread 78200] bm_table_add_entry
[17:55:44.506] [bmv2] [E] [thread 78200] Error when trying to add entry to table 'int_vxlan_ingress.vxlan_ingress_downstream.tb_peer_vtep': DUPLICATE_ENTRY
[17:55:44.506] [bmv2] [T] [thread 78200] bm_table_add_entry
[17:55:44.506] [bmv2] [E] [thread 78200] Error when trying to add entry to table 'int_vxlan_ingress.vxlan_ingress_downstream.tb_peer_vtep': DUPLICATE_ENTRY
[17:55:44.507] [bmv2] [T] [thread 78200] bm_table_add_entry
[17:55:44.507] [bmv2] [E] [thread 78200] Error when trying to add entry to table 'int_vxlan_ingress.vxlan_ingress_downstream.tb_peer_vtep': DUPLICATE_ENTRY
[17:55:44.508] [bmv2] [T] [thread 78200] bm_table_add_entry
[17:55:44.508] [bmv2] [E] [thread 78200] Error when trying to add entry to table 'int_vxlan_ingress.vxlan_ingress_downstream.tb_peer_vtep': DUPLICATE_ENTRY
[17:55:44.509] [bmv2] [T] [thread 78200] bm_table_add_entry
[17:55:44.509] [bmv2] [E] [thread 78200] Error when trying to add entry to table 'int_vxlan_ingress.vxlan_ingress_downstream.tb_peer_vtep': DUPLICATE_ENTRY
[17:55:44.510] [bmv2] [T] [thread 78200] bm_table_add_entry
[17:55:44.510] [bmv2] [E] [thread 78200] Error when trying to add entry to table 'int_vxlan_ingress.vxlan_ingress_downstream.tb_peer_vtep': DUPLICATE_ENTRY
[17:55:44.511] [bmv2] [T] [thread 78200] bm_table_add_entry
[17:55:44.511] [bmv2] [E] [thread 78200] Error when trying to add entry to table 'int_vxlan_ingress.vxlan_ingress_downstream.tb_peer_vtep': DUPLICATE_ENTRY
[17:55:44.512] [bmv2] [T] [thread 78200] bm_table_add_entry
[17:55:44.512] [bmv2] [E] [thread 78200] Error when trying to add entry to table 'int_vxlan_ingress.vxlan_ingress_downstream.tb_peer_vtep': DUPLICATE_ENTRY
[17:55:44.512] [bmv2] [T] [thread 78200] bm_table_add_entry
[17:55:44.512] [bmv2] [E] [thread 78200] Error when trying to add entry to table 'int_vxlan_ingress.vxlan_ingress_downstream.tb_peer_vtep': DUPLICATE_ENTRY
[17:55:44.513] [bmv2] [T] [thread 78200] bm_table_add_entry
[17:55:44.513] [bmv2] [E] [thread 78200] Error when trying to add entry to table 'int_vxlan_ingress.vxlan_ingress_downstream.tb_peer_vtep': DUPLICATE_ENTRY
[17:55:44.514] [bmv2] [T] [thread 78200] bm_table_add_entry
[17:55:44.514] [bmv2] [E] [thread 78200] Error when trying to add entry to table 'int_vxlan_ingress.vxlan_ingress_downstream.tb_peer_vtep': DUPLICATE_ENTRY
[17:55:44.515] [bmv2] [T] [thread 78200] bm_table_add_entry
[17:55:44.515] [bmv2] [E] [thread 78200] Error when trying to add entry to table 'int_vxlan_ingress.int_source_activation.tb_activate_source': DUPLICATE_ENTRY
[17:55:44.516] [bmv2] [T] [thread 78200] bm_table_add_entry
[17:55:44.516] [bmv2] [E] [thread 78200] Error when trying to add entry to table 'int_vxlan_ingress.int_source_activation.tb_activate_source': DUPLICATE_ENTRY
[17:55:44.517] [bmv2] [T] [thread 78200] bm_table_add_entry
[17:55:44.517] [bmv2] [E] [thread 78200] Error when trying to add entry to table 'int_vxlan_ingress.int_source_activation.tb_flow_monitor': DUPLICATE_ENTRY
[17:55:44.518] [bmv2] [T] [thread 78200] bm_table_add_entry
[17:55:44.518] [bmv2] [E] [thread 78200] Error when trying to add entry to table 'int_vxlan_ingress.int_source_activation.tb_flow_monitor': DUPLICATE_ENTRY
[17:55:44.519] [bmv2] [T] [thread 78200] bm_table_add_entry
[17:55:44.519] [bmv2] [E] [thread 78200] Error when trying to add entry to table 'int_vxlan_ingress.int_source_activation.tb_flow_monitor': DUPLICATE_ENTRY
[17:55:44.520] [bmv2] [T] [thread 78200] bm_table_add_entry
[17:55:44.520] [bmv2] [E] [thread 78200] Error when trying to add entry to table 'int_vxlan_ingress.int_source_activation.tb_flow_monitor': DUPLICATE_ENTRY
[17:55:44.521] [bmv2] [T] [thread 78200] bm_table_add_entry
[17:55:44.521] [bmv2] [E] [thread 78200] Error when trying to add entry to table 'int_vxlan_ingress.int_source_activation.tb_flow_monitor': DUPLICATE_ENTRY
[17:55:44.522] [bmv2] [T] [thread 78200] bm_table_add_entry
[17:55:44.522] [bmv2] [E] [thread 78200] Error when trying to add entry to table 'int_vxlan_ingress.int_source_activation.tb_flow_monitor': DUPLICATE_ENTRY
[17:55:44.523] [bmv2] [T] [thread 78200] bm_table_add_entry
[17:55:44.523] [bmv2] [E] [thread 78200] Error when trying to add entry to table 'int_vxlan_ingress.int_source_activation.tb_flow_monitor': DUPLICATE_ENTRY
[17:55:44.524] [bmv2] [T] [thread 78200] bm_table_add_entry
[17:55:44.524] [bmv2] [E] [thread 78200] Error when trying to add entry to table 'int_vxlan_ingress.int_source_activation.tb_flow_monitor': DUPLICATE_ENTRY
[17:55:44.524] [bmv2] [T] [thread 78200] bm_table_add_entry
[17:55:44.524] [bmv2] [E] [thread 78200] Error when trying to add entry to table 'int_vxlan_ingress.int_source_activation.tb_flow_monitor': DUPLICATE_ENTRY
[17:55:44.525] [bmv2] [T] [thread 78200] bm_table_add_entry
[17:55:44.525] [bmv2] [E] [thread 78200] Error when trying to add entry to table 'int_vxlan_ingress.int_source_activation.tb_flow_monitor': DUPLICATE_ENTRY
[17:55:44.526] [bmv2] [T] [thread 78200] bm_table_add_entry
[17:55:44.526] [bmv2] [E] [thread 78200] Error when trying to add entry to table 'int_vxlan_ingress.int_source_activation.tb_flow_monitor': DUPLICATE_ENTRY
[17:55:44.527] [bmv2] [T] [thread 78200] bm_table_add_entry
[17:55:44.527] [bmv2] [E] [thread 78200] Error when trying to add entry to table 'int_vxlan_ingress.int_source_activation.tb_flow_monitor': DUPLICATE_ENTRY
[17:55:44.528] [bmv2] [T] [thread 78200] bm_table_add_entry
[17:55:44.528] [bmv2] [E] [thread 78200] Error when trying to add entry to table 'int_vxlan_ingress.int_source_activation.tb_flow_monitor': DUPLICATE_ENTRY
[17:55:44.529] [bmv2] [T] [thread 78200] bm_table_add_entry
[17:55:44.529] [bmv2] [E] [thread 78200] Error when trying to add entry to table 'int_vxlan_ingress.int_source_activation.tb_flow_monitor': DUPLICATE_ENTRY
[17:55:44.530] [bmv2] [T] [thread 78200] bm_table_add_entry
[17:55:44.530] [bmv2] [E] [thread 78200] Error when trying to add entry to table 'int_vxlan_ingress.int_source_activation.tb_flow_monitor': DUPLICATE_ENTRY
[17:55:44.530] [bmv2] [T] [thread 78200] bm_table_add_entry
[17:55:44.531] [bmv2] [E] [thread 78200] Error when trying to add entry to table 'int_vxlan_ingress.int_source_activation.tb_flow_monitor': DUPLICATE_ENTRY
[17:55:44.531] [bmv2] [T] [thread 78200] bm_table_add_entry
[17:55:44.531] [bmv2] [E] [thread 78200] Error when trying to add entry to table 'int_vxlan_ingress.int_source_activation.tb_flow_monitor': DUPLICATE_ENTRY
[17:55:44.532] [bmv2] [T] [thread 78200] bm_table_add_entry
[17:55:44.532] [bmv2] [E] [thread 78200] Error when trying to add entry to table 'int_vxlan_ingress.int_source_activation.tb_flow_monitor': DUPLICATE_ENTRY
[17:55:44.533] [bmv2] [T] [thread 78200] bm_table_add_entry
[17:55:44.533] [bmv2] [E] [thread 78200] Error when trying to add entry to table 'int_vxlan_ingress.int_source_activation.tb_flow_monitor': DUPLICATE_ENTRY
[17:55:44.534] [bmv2] [T] [thread 78200] bm_table_add_entry
[17:55:44.534] [bmv2] [E] [thread 78200] Error when trying to add entry to table 'int_vxlan_ingress.int_source_activation.tb_flow_monitor': DUPLICATE_ENTRY
[17:55:44.535] [bmv2] [T] [thread 78200] bm_table_add_entry
[17:55:44.535] [bmv2] [E] [thread 78200] Error when trying to add entry to table 'int_vxlan_ingress.int_source_activation.tb_flow_monitor': DUPLICATE_ENTRY
[17:55:44.536] [bmv2] [T] [thread 78200] bm_table_add_entry
[17:55:44.536] [bmv2] [E] [thread 78200] Error when trying to add entry to table 'int_vxlan_ingress.int_source_activation.tb_flow_monitor': DUPLICATE_ENTRY
[17:55:44.537] [bmv2] [T] [thread 78200] bm_table_add_entry
[17:55:44.537] [bmv2] [E] [thread 78200] Error when trying to add entry to table 'int_vxlan_ingress.int_source_activation.tb_flow_monitor': DUPLICATE_ENTRY
[17:55:44.538] [bmv2] [T] [thread 78200] bm_table_add_entry
[17:55:44.538] [bmv2] [E] [thread 78200] Error when trying to add entry to table 'int_vxlan_ingress.int_source_activation.tb_flow_monitor': DUPLICATE_ENTRY
[17:55:44.539] [bmv2] [T] [thread 78200] bm_table_add_entry
[17:55:44.539] [bmv2] [E] [thread 78200] Error when trying to add entry to table 'int_vxlan_ingress.int_source_activation.tb_flow_monitor': DUPLICATE_ENTRY
[17:55:44.540] [bmv2] [T] [thread 78200] bm_table_add_entry
[17:55:44.540] [bmv2] [E] [thread 78200] Error when trying to add entry to table 'int_vxlan_ingress.int_source_activation.tb_flow_monitor': DUPLICATE_ENTRY
[17:55:44.541] [bmv2] [T] [thread 78200] bm_table_add_entry
[17:55:44.541] [bmv2] [E] [thread 78200] Error when trying to add entry to table 'int_vxlan_ingress.int_source_activation.tb_flow_monitor': DUPLICATE_ENTRY
[17:55:44.542] [bmv2] [T] [thread 78200] bm_table_add_entry
[17:55:44.542] [bmv2] [E] [thread 78200] Error when trying to add entry to table 'int_vxlan_ingress.int_source_activation.tb_flow_monitor': DUPLICATE_ENTRY
[17:55:44.543] [bmv2] [T] [thread 78200] bm_table_add_entry
[17:55:44.543] [bmv2] [E] [thread 78200] Error when trying to add entry to table 'int_vxlan_ingress.int_source_activation.tb_flow_monitor': DUPLICATE_ENTRY
[17:55:44.544] [bmv2] [T] [thread 78200] bm_table_add_entry
[17:55:44.544] [bmv2] [E] [thread 78200] Error when trying to add entry to table 'int_vxlan_ingress.int_source_activation.tb_flow_monitor': DUPLICATE_ENTRY
[17:55:44.545] [bmv2] [T] [thread 78200] bm_table_add_entry
[17:55:44.545] [bmv2] [E] [thread 78200] Error when trying to add entry to table 'int_vxlan_ingress.int_source_activation.tb_flow_monitor': DUPLICATE_ENTRY
[17:55:44.546] [bmv2] [T] [thread 78200] bm_table_add_entry
[17:55:44.546] [bmv2] [E] [thread 78200] Error when trying to add entry to table 'int_vxlan_ingress.int_source_activation.tb_flow_monitor': DUPLICATE_ENTRY
[17:55:44.547] [bmv2] [T] [thread 78200] bm_table_add_entry
[17:55:44.547] [bmv2] [E] [thread 78200] Error when trying to add entry to table 'int_vxlan_ingress.int_source_activation.tb_flow_monitor': DUPLICATE_ENTRY
[17:55:44.548] [bmv2] [T] [thread 78200] bm_table_add_entry
[17:55:44.548] [bmv2] [E] [thread 78200] Error when trying to add entry to table 'int_vxlan_ingress.int_source_activation.tb_flow_monitor': DUPLICATE_ENTRY
[17:55:44.549] [bmv2] [T] [thread 78200] bm_table_add_entry
[17:55:44.549] [bmv2] [E] [thread 78200] Error when trying to add entry to table 'int_vxlan_ingress.int_source_activation.tb_flow_monitor': DUPLICATE_ENTRY
[17:55:44.550] [bmv2] [T] [thread 78200] bm_table_add_entry
[17:55:44.550] [bmv2] [E] [thread 78200] Error when trying to add entry to table 'int_vxlan_ingress.int_source_activation.tb_flow_monitor': DUPLICATE_ENTRY
[17:55:44.550] [bmv2] [T] [thread 78200] bm_table_add_entry
[17:55:44.550] [bmv2] [E] [thread 78200] Error when trying to add entry to table 'int_vxlan_ingress.int_source_activation.tb_flow_monitor': DUPLICATE_ENTRY
[17:55:44.551] [bmv2] [T] [thread 78200] bm_table_add_entry
[17:55:44.551] [bmv2] [E] [thread 78200] Error when trying to add entry to table 'int_vxlan_ingress.int_source_activation.tb_flow_monitor': DUPLICATE_ENTRY
[17:55:44.552] [bmv2] [T] [thread 78200] bm_table_add_entry
[17:55:44.552] [bmv2] [E] [thread 78200] Error when trying to add entry to table 'int_vxlan_ingress.int_source_activation.tb_flow_monitor': DUPLICATE_ENTRY
[17:55:44.553] [bmv2] [T] [thread 78200] bm_table_add_entry
[17:55:44.553] [bmv2] [E] [thread 78200] Error when trying to add entry to table 'int_vxlan_ingress.int_source_activation.tb_flow_monitor': DUPLICATE_ENTRY
[17:55:44.554] [bmv2] [T] [thread 78200] bm_table_add_entry
[17:55:44.554] [bmv2] [E] [thread 78200] Error when trying to add entry to table 'int_vxlan_ingress.int_source_activation.tb_flow_monitor': DUPLICATE_ENTRY
[17:55:44.555] [bmv2] [T] [thread 78200] bm_table_add_entry
[17:55:44.555] [bmv2] [E] [thread 78200] Error when trying to add entry to table 'int_vxlan_ingress.int_source_activation.tb_flow_monitor': DUPLICATE_ENTRY
[17:55:44.556] [bmv2] [T] [thread 78200] bm_table_add_entry
[17:55:44.556] [bmv2] [E] [thread 78200] Error when trying to add entry to table 'int_vxlan_ingress.int_source_activation.tb_flow_monitor': DUPLICATE_ENTRY
[17:55:44.557] [bmv2] [T] [thread 78200] bm_table_add_entry
[17:55:44.557] [bmv2] [E] [thread 78200] Error when trying to add entry to table 'int_vxlan_ingress.int_source_activation.tb_flow_monitor': DUPLICATE_ENTRY
[17:55:44.558] [bmv2] [T] [thread 78200] bm_table_add_entry
[17:55:44.558] [bmv2] [E] [thread 78200] Error when trying to add entry to table 'int_vxlan_ingress.int_source_activation.tb_flow_monitor': DUPLICATE_ENTRY
[17:55:44.559] [bmv2] [T] [thread 78200] bm_table_add_entry
[17:55:44.559] [bmv2] [E] [thread 78200] Error when trying to add entry to table 'int_vxlan_ingress.int_source_activation.tb_flow_monitor': DUPLICATE_ENTRY
[17:55:44.560] [bmv2] [T] [thread 78200] bm_table_add_entry
[17:55:44.560] [bmv2] [E] [thread 78200] Error when trying to add entry to table 'int_vxlan_ingress.int_source_activation.tb_flow_monitor': DUPLICATE_ENTRY
[17:55:44.561] [bmv2] [T] [thread 78200] bm_table_add_entry
[17:55:44.561] [bmv2] [E] [thread 78200] Error when trying to add entry to table 'int_vxlan_ingress.int_source_activation.tb_flow_monitor': DUPLICATE_ENTRY
[17:55:44.561] [bmv2] [T] [thread 78200] bm_table_add_entry
[17:55:44.562] [bmv2] [E] [thread 78200] Error when trying to add entry to table 'int_vxlan_ingress.int_source_activation.tb_flow_monitor': DUPLICATE_ENTRY
[17:55:44.563] [bmv2] [T] [thread 78200] bm_table_add_entry
[17:55:44.563] [bmv2] [E] [thread 78200] Error when trying to add entry to table 'int_vxlan_ingress.int_source_activation.tb_flow_monitor': DUPLICATE_ENTRY
[17:55:44.564] [bmv2] [T] [thread 78200] bm_table_add_entry
[17:55:44.564] [bmv2] [E] [thread 78200] Error when trying to add entry to table 'int_vxlan_ingress.int_source_activation.tb_flow_monitor': DUPLICATE_ENTRY
[17:55:44.565] [bmv2] [T] [thread 78200] bm_table_add_entry
[17:55:44.565] [bmv2] [E] [thread 78200] Error when trying to add entry to table 'int_vxlan_ingress.int_source_activation.tb_flow_monitor': DUPLICATE_ENTRY
[17:55:44.566] [bmv2] [T] [thread 78200] bm_table_add_entry
[17:55:44.566] [bmv2] [E] [thread 78200] Error when trying to add entry to table 'int_vxlan_ingress.int_source_activation.tb_flow_monitor': DUPLICATE_ENTRY
[17:55:44.566] [bmv2] [T] [thread 78200] bm_table_add_entry
[17:55:44.567] [bmv2] [E] [thread 78200] Error when trying to add entry to table 'int_vxlan_ingress.int_source_activation.tb_flow_monitor': DUPLICATE_ENTRY
[17:55:44.568] [bmv2] [T] [thread 78200] bm_table_add_entry
[17:55:44.568] [bmv2] [E] [thread 78200] Error when trying to add entry to table 'int_vxlan_ingress.int_source_activation.tb_flow_monitor': DUPLICATE_ENTRY
[17:55:44.569] [bmv2] [T] [thread 78200] bm_table_add_entry
[17:55:44.569] [bmv2] [E] [thread 78200] Error when trying to add entry to table 'int_vxlan_ingress.int_source_activation.tb_flow_monitor': DUPLICATE_ENTRY
[17:55:44.569] [bmv2] [T] [thread 78200] bm_table_add_entry
[17:55:44.570] [bmv2] [E] [thread 78200] Error when trying to add entry to table 'int_vxlan_ingress.vxlan_ingress_upstream.tb_vxlan_forward_l2': DUPLICATE_ENTRY
[17:55:44.571] [bmv2] [T] [thread 78200] bm_table_add_entry
[17:55:44.571] [bmv2] [E] [thread 78200] Error when trying to add entry to table 'int_vxlan_ingress.vxlan_ingress_upstream.tb_vxlan_forward_l2': DUPLICATE_ENTRY
[17:55:44.572] [bmv2] [T] [thread 78200] bm_table_add_entry
[17:55:44.572] [bmv2] [E] [thread 78200] Error when trying to add entry to table 'int_vxlan_ingress.int_sink_config.tb_int_sink': DUPLICATE_ENTRY
[17:55:44.573] [bmv2] [T] [thread 78200] bm_table_add_entry
[17:55:44.573] [bmv2] [E] [thread 78200] Error when trying to add entry to table 'int_vxlan_ingress.int_sink_config.tb_int_sink': DUPLICATE_ENTRY
[17:55:44.574] [bmv2] [T] [thread 78200] bm_table_add_entry
[17:55:44.574] [bmv2] [E] [thread 78200] Error when trying to add entry to table 'int_vxlan_egress.int_transit.tb_int_transit': DUPLICATE_ENTRY
