Warning: you requested the nanomsg event logger, but bmv2 was compiled without -DBMELOG, and the event logger cannot be activated
You disabled logging macros when building this binary; however, the log level is currenty set to include 'debug' and possibly 'trace' messages; therefore the logs will be missing most messages
Calling target program-options parser
Adding interface l7-eth1 as port 1
Adding interface l7-eth2 as port 2
Adding interface l7-eth3 as port 3
Adding interface l7-eth4 as port 4
Adding interface l7-cpu-eth0 as port 5
Server listening on 0.0.0.0:50007
[17:54:01.326] [bmv2] [I] [thread 67909] Starting Thrift server on port 9097
[17:54:01.327] [bmv2] [I] [thread 67909] Thrift server was started
[17:54:13.145] [bmv2] [D] [thread 68683] simple_switch target has been notified of a config swap
[17:54:26.761] [bmv2] [T] [thread 72836] bm_get_config
[17:54:26.769] [bmv2] [T] [thread 72836] mirroring_sesssion_add
[17:54:26.769] [bmv2] [T] [thread 72836] bm_table_add_entry
[17:54:26.770] [bmv2] [T] [thread 72836] bm_table_add_entry
[17:54:26.770] [bmv2] [T] [thread 72836] bm_table_add_entry
[17:54:26.772] [bmv2] [T] [thread 72836] bm_table_add_entry
[17:54:26.773] [bmv2] [T] [thread 72836] bm_table_add_entry
[17:54:26.774] [bmv2] [T] [thread 72836] bm_table_add_entry
[17:54:26.774] [bmv2] [T] [thread 72836] bm_table_add_entry
[17:54:26.775] [bmv2] [T] [thread 72836] bm_table_add_entry
[17:54:26.775] [bmv2] [T] [thread 72836] bm_table_add_entry
[17:54:26.776] [bmv2] [T] [thread 72836] bm_table_add_entry
[17:54:26.777] [bmv2] [T] [thread 72836] bm_table_add_entry
[17:54:26.777] [bmv2] [T] [thread 72836] bm_table_add_entry
[17:54:26.777] [bmv2] [T] [thread 72836] bm_table_add_entry
[17:54:26.778] [bmv2] [T] [thread 72836] bm_table_add_entry
[17:54:26.779] [bmv2] [T] [thread 72836] bm_table_add_entry
[17:54:26.779] [bmv2] [T] [thread 72836] bm_table_add_entry
[17:54:26.780] [bmv2] [T] [thread 72836] bm_table_add_entry
[17:54:26.781] [bmv2] [T] [thread 72836] bm_table_add_entry
[17:54:26.781] [bmv2] [T] [thread 72836] bm_table_add_entry
[17:54:26.782] [bmv2] [T] [thread 72836] bm_table_add_entry
[17:54:26.782] [bmv2] [T] [thread 72836] bm_table_add_entry
[17:54:26.782] [bmv2] [T] [thread 72836] bm_table_add_entry
[17:54:26.783] [bmv2] [T] [thread 72836] bm_table_add_entry
[17:54:26.784] [bmv2] [T] [thread 72836] bm_table_add_entry
[17:54:26.784] [bmv2] [T] [thread 72836] bm_table_add_entry
[17:54:26.785] [bmv2] [T] [thread 72836] bm_table_add_entry
[17:54:26.785] [bmv2] [T] [thread 72836] bm_table_add_entry
[17:54:26.786] [bmv2] [T] [thread 72836] bm_table_add_entry
[17:54:26.787] [bmv2] [T] [thread 72836] bm_table_add_entry
[17:54:26.787] [bmv2] [T] [thread 72836] bm_table_add_entry
[17:54:26.788] [bmv2] [T] [thread 72836] bm_table_add_entry
[17:54:26.790] [bmv2] [T] [thread 72836] bm_table_add_entry
[17:54:26.791] [bmv2] [T] [thread 72836] bm_table_add_entry
[17:54:26.791] [bmv2] [T] [thread 72836] bm_table_add_entry
[17:54:26.792] [bmv2] [T] [thread 72836] bm_table_add_entry
[17:54:26.792] [bmv2] [T] [thread 72836] bm_table_add_entry
[17:54:26.793] [bmv2] [T] [thread 72836] bm_table_add_entry
[17:54:26.794] [bmv2] [T] [thread 72836] bm_table_add_entry
[17:54:26.794] [bmv2] [T] [thread 72836] bm_table_add_entry
[17:54:26.795] [bmv2] [T] [thread 72836] bm_table_add_entry
[17:54:26.795] [bmv2] [T] [thread 72836] bm_table_add_entry
[17:54:26.796] [bmv2] [T] [thread 72836] bm_table_add_entry
[17:54:26.797] [bmv2] [T] [thread 72836] bm_table_add_entry
[17:54:26.797] [bmv2] [T] [thread 72836] bm_table_add_entry
[17:54:26.798] [bmv2] [T] [thread 72836] bm_table_add_entry
[17:54:26.799] [bmv2] [T] [thread 72836] bm_table_add_entry
[17:54:26.799] [bmv2] [T] [thread 72836] bm_table_add_entry
[17:54:26.800] [bmv2] [T] [thread 72836] bm_table_add_entry
[17:54:26.801] [bmv2] [T] [thread 72836] bm_table_add_entry
[17:54:26.801] [bmv2] [T] [thread 72836] bm_table_add_entry
[17:54:26.802] [bmv2] [T] [thread 72836] bm_table_add_entry
[17:54:26.803] [bmv2] [T] [thread 72836] bm_table_add_entry
[17:54:26.804] [bmv2] [T] [thread 72836] bm_table_add_entry
[17:54:26.805] [bmv2] [T] [thread 72836] bm_table_add_entry
[17:54:26.805] [bmv2] [T] [thread 72836] bm_table_add_entry
[17:54:26.806] [bmv2] [T] [thread 72836] bm_table_add_entry
[17:54:26.807] [bmv2] [T] [thread 72836] bm_table_add_entry
[17:54:26.808] [bmv2] [T] [thread 72836] bm_table_add_entry
[17:54:26.809] [bmv2] [T] [thread 72836] bm_table_add_entry
[17:54:26.809] [bmv2] [T] [thread 72836] bm_table_add_entry
[17:54:26.810] [bmv2] [T] [thread 72836] bm_table_add_entry
[17:54:26.811] [bmv2] [T] [thread 72836] bm_table_add_entry
[17:54:26.811] [bmv2] [T] [thread 72836] bm_table_add_entry
[17:54:26.812] [bmv2] [T] [thread 72836] bm_table_add_entry
[17:54:26.813] [bmv2] [T] [thread 72836] bm_table_add_entry
[17:54:26.814] [bmv2] [T] [thread 72836] bm_table_add_entry
[17:54:26.815] [bmv2] [T] [thread 72836] bm_table_add_entry
[17:54:26.815] [bmv2] [T] [thread 72836] bm_table_add_entry
[17:54:26.816] [bmv2] [T] [thread 72836] bm_table_add_entry
[17:54:26.817] [bmv2] [T] [thread 72836] bm_table_add_entry
[17:54:26.818] [bmv2] [T] [thread 72836] bm_table_add_entry
[17:54:26.818] [bmv2] [T] [thread 72836] bm_table_add_entry
[17:54:26.819] [bmv2] [T] [thread 72836] bm_table_add_entry
[17:54:26.820] [bmv2] [T] [thread 72836] bm_table_add_entry
[17:54:26.821] [bmv2] [T] [thread 72836] bm_table_add_entry
[17:54:26.821] [bmv2] [T] [thread 72836] bm_table_add_entry
[17:54:26.822] [bmv2] [T] [thread 72836] bm_table_add_entry
[17:54:26.822] [bmv2] [T] [thread 72836] bm_table_add_entry
[17:54:26.823] [bmv2] [T] [thread 72836] bm_table_add_entry
[17:54:26.824] [bmv2] [T] [thread 72836] bm_table_add_entry
[17:54:26.825] [bmv2] [T] [thread 72836] bm_table_add_entry
[17:54:26.825] [bmv2] [T] [thread 72836] bm_table_add_entry
[17:54:26.826] [bmv2] [T] [thread 72836] bm_table_add_entry
[17:54:26.827] [bmv2] [T] [thread 72836] bm_table_add_entry
[17:54:26.827] [bmv2] [T] [thread 72836] bm_table_add_entry
[17:54:26.828] [bmv2] [T] [thread 72836] bm_table_add_entry
[17:54:26.829] [bmv2] [T] [thread 72836] bm_table_add_entry
[17:54:26.830] [bmv2] [T] [thread 72836] bm_table_add_entry
[17:54:26.830] [bmv2] [T] [thread 72836] bm_table_add_entry
[17:54:26.831] [bmv2] [T] [thread 72836] bm_table_add_entry
[17:54:26.831] [bmv2] [T] [thread 72836] bm_table_add_entry
[17:54:26.832] [bmv2] [T] [thread 72836] bm_table_add_entry
[17:54:26.833] [bmv2] [T] [thread 72836] bm_table_add_entry
[17:54:26.833] [bmv2] [T] [thread 72836] bm_table_add_entry
[17:54:26.834] [bmv2] [T] [thread 72836] bm_table_add_entry
[17:54:26.835] [bmv2] [T] [thread 72836] bm_table_add_entry
[17:54:26.835] [bmv2] [T] [thread 72836] bm_table_add_entry
[17:54:26.836] [bmv2] [T] [thread 72836] bm_table_add_entry
[17:55:45.014] [bmv2] [T] [thread 78214] bm_get_config
[17:55:45.022] [bmv2] [T] [thread 78214] mirroring_sesssion_add
[17:55:45.023] [bmv2] [T] [thread 78214] bm_table_add_entry
[17:55:45.023] [bmv2] [E] [thread 78214] Error when trying to add entry to table 'int_vxlan_ingress.local_forward.tb_local_forward': DUPLICATE_ENTRY
[17:55:45.023] [bmv2] [T] [thread 78214] bm_table_add_entry
[17:55:45.023] [bmv2] [E] [thread 78214] Error when trying to add entry to table 'int_vxlan_ingress.local_forward.tb_local_forward': DUPLICATE_ENTRY
[17:55:45.024] [bmv2] [T] [thread 78214] bm_table_add_entry
[17:55:45.024] [bmv2] [E] [thread 78214] Error when trying to add entry to table 'int_vxlan_ingress.vxlan_ingress_downstream.tb_dst_ip_to_mac': DUPLICATE_ENTRY
[17:55:45.024] [bmv2] [T] [thread 78214] bm_table_add_entry
[17:55:45.024] [bmv2] [E] [thread 78214] Error when trying to add entry to table 'int_vxlan_ingress.vxlan_ingress_downstream.tb_dst_ip_to_mac': DUPLICATE_ENTRY
[17:55:45.024] [bmv2] [T] [thread 78214] bm_table_add_entry
[17:55:45.024] [bmv2] [E] [thread 78214] Error when trying to add entry to table 'int_vxlan_ingress.vxlan_ingress_downstream.tb_dst_ip_to_mac': DUPLICATE_ENTRY
[17:55:45.024] [bmv2] [T] [thread 78214] bm_table_add_entry
[17:55:45.024] [bmv2] [E] [thread 78214] Error when trying to add entry to table 'int_vxlan_ingress.vxlan_ingress_downstream.tb_dst_ip_to_mac': DUPLICATE_ENTRY
[17:55:45.025] [bmv2] [T] [thread 78214] bm_table_add_entry
[17:55:45.025] [bmv2] [E] [thread 78214] Error when trying to add entry to table 'int_vxlan_ingress.vxlan_ingress_downstream.tb_dst_ip_to_mac': DUPLICATE_ENTRY
[17:55:45.025] [bmv2] [T] [thread 78214] bm_table_add_entry
[17:55:45.025] [bmv2] [E] [thread 78214] Error when trying to add entry to table 'int_vxlan_ingress.vxlan_ingress_downstream.tb_dst_ip_to_mac': DUPLICATE_ENTRY
[17:55:45.025] [bmv2] [T] [thread 78214] bm_table_add_entry
[17:55:45.025] [bmv2] [E] [thread 78214] Error when trying to add entry to table 'int_vxlan_ingress.vxlan_ingress_downstream.tb_dst_ip_to_mac': DUPLICATE_ENTRY
[17:55:45.026] [bmv2] [T] [thread 78214] bm_table_add_entry
[17:55:45.026] [bmv2] [E] [thread 78214] Error when trying to add entry to table 'int_vxlan_ingress.vxlan_ingress_downstream.tb_dst_ip_to_mac': DUPLICATE_ENTRY
[17:55:45.026] [bmv2] [T] [thread 78214] bm_table_add_entry
[17:55:45.026] [bmv2] [E] [thread 78214] Error when trying to add entry to table 'int_vxlan_ingress.vxlan_ingress_downstream.tb_dst_ip_to_mac': DUPLICATE_ENTRY
[17:55:45.026] [bmv2] [T] [thread 78214] bm_table_add_entry
[17:55:45.026] [bmv2] [E] [thread 78214] Error when trying to add entry to table 'int_vxlan_ingress.vxlan_ingress_downstream.tb_dst_ip_to_mac': DUPLICATE_ENTRY
[17:55:45.026] [bmv2] [T] [thread 78214] bm_table_add_entry
[17:55:45.026] [bmv2] [E] [thread 78214] Error when trying to add entry to table 'int_vxlan_ingress.vxlan_ingress_downstream.tb_dst_ip_to_mac': DUPLICATE_ENTRY
[17:55:45.027] [bmv2] [T] [thread 78214] bm_table_add_entry
[17:55:45.027] [bmv2] [E] [thread 78214] Error when trying to add entry to table 'int_vxlan_ingress.vxlan_ingress_downstream.tb_dst_ip_to_mac': DUPLICATE_ENTRY
[17:55:45.027] [bmv2] [T] [thread 78214] bm_table_add_entry
[17:55:45.027] [bmv2] [E] [thread 78214] Error when trying to add entry to table 'int_vxlan_ingress.vxlan_ingress_downstream.tb_dst_ip_to_mac': DUPLICATE_ENTRY
[17:55:45.027] [bmv2] [T] [thread 78214] bm_table_add_entry
[17:55:45.027] [bmv2] [E] [thread 78214] Error when trying to add entry to table 'int_vxlan_ingress.vxlan_ingress_downstream.tb_dst_ip_to_mac': DUPLICATE_ENTRY
[17:55:45.027] [bmv2] [T] [thread 78214] bm_table_add_entry
[17:55:45.027] [bmv2] [E] [thread 78214] Error when trying to add entry to table 'int_vxlan_ingress.vxlan_ingress_downstream.tb_dst_ip_to_mac': DUPLICATE_ENTRY
[17:55:45.028] [bmv2] [T] [thread 78214] bm_table_add_entry
[17:55:45.028] [bmv2] [E] [thread 78214] Error when trying to add entry to table 'int_vxlan_ingress.vxlan_ingress_downstream.tb_dst_ip_to_mac': DUPLICATE_ENTRY
[17:55:45.028] [bmv2] [T] [thread 78214] bm_table_add_entry
[17:55:45.028] [bmv2] [E] [thread 78214] Error when trying to add entry to table 'int_vxlan_ingress.vxlan_ingress_downstream.tb_vtep': DUPLICATE_ENTRY
[17:55:45.028] [bmv2] [T] [thread 78214] bm_table_add_entry
[17:55:45.028] [bmv2] [E] [thread 78214] Error when trying to add entry to table 'int_vxlan_ingress.vxlan_ingress_downstream.tb_vtep': DUPLICATE_ENTRY
[17:55:45.028] [bmv2] [T] [thread 78214] bm_table_add_entry
[17:55:45.028] [bmv2] [E] [thread 78214] Error when trying to add entry to table 'int_vxlan_ingress.vxlan_ingress_downstream.tb_vxlan_segment': DUPLICATE_ENTRY
[17:55:45.029] [bmv2] [T] [thread 78214] bm_table_add_entry
[17:55:45.029] [bmv2] [E] [thread 78214] Error when trying to add entry to table 'int_vxlan_ingress.vxlan_ingress_downstream.tb_peer_vtep': DUPLICATE_ENTRY
[17:55:45.029] [bmv2] [T] [thread 78214] bm_table_add_entry
[17:55:45.029] [bmv2] [E] [thread 78214] Error when trying to add entry to table 'int_vxlan_ingress.vxlan_ingress_downstream.tb_peer_vtep': DUPLICATE_ENTRY
[17:55:45.029] [bmv2] [T] [thread 78214] bm_table_add_entry
[17:55:45.029] [bmv2] [E] [thread 78214] Error when trying to add entry to table 'int_vxlan_ingress.vxlan_ingress_downstream.tb_peer_vtep': DUPLICATE_ENTRY
[17:55:45.029] [bmv2] [T] [thread 78214] bm_table_add_entry
[17:55:45.030] [bmv2] [E] [thread 78214] Error when trying to add entry to table 'int_vxlan_ingress.vxlan_ingress_downstream.tb_peer_vtep': DUPLICATE_ENTRY
[17:55:45.030] [bmv2] [T] [thread 78214] bm_table_add_entry
[17:55:45.030] [bmv2] [E] [thread 78214] Error when trying to add entry to table 'int_vxlan_ingress.vxlan_ingress_downstream.tb_peer_vtep': DUPLICATE_ENTRY
[17:55:45.030] [bmv2] [T] [thread 78214] bm_table_add_entry
[17:55:45.030] [bmv2] [E] [thread 78214] Error when trying to add entry to table 'int_vxlan_ingress.vxlan_ingress_downstream.tb_peer_vtep': DUPLICATE_ENTRY
[17:55:45.030] [bmv2] [T] [thread 78214] bm_table_add_entry
[17:55:45.030] [bmv2] [E] [thread 78214] Error when trying to add entry to table 'int_vxlan_ingress.vxlan_ingress_downstream.tb_peer_vtep': DUPLICATE_ENTRY
[17:55:45.030] [bmv2] [T] [thread 78214] bm_table_add_entry
[17:55:45.031] [bmv2] [E] [thread 78214] Error when trying to add entry to table 'int_vxlan_ingress.vxlan_ingress_downstream.tb_peer_vtep': DUPLICATE_ENTRY
[17:55:45.031] [bmv2] [T] [thread 78214] bm_table_add_entry
[17:55:45.031] [bmv2] [E] [thread 78214] Error when trying to add entry to table 'int_vxlan_ingress.vxlan_ingress_downstream.tb_peer_vtep': DUPLICATE_ENTRY
[17:55:45.031] [bmv2] [T] [thread 78214] bm_table_add_entry
[17:55:45.031] [bmv2] [E] [thread 78214] Error when trying to add entry to table 'int_vxlan_ingress.vxlan_ingress_downstream.tb_peer_vtep': DUPLICATE_ENTRY
[17:55:45.031] [bmv2] [T] [thread 78214] bm_table_add_entry
[17:55:45.031] [bmv2] [E] [thread 78214] Error when trying to add entry to table 'int_vxlan_ingress.vxlan_ingress_downstream.tb_peer_vtep': DUPLICATE_ENTRY
[17:55:45.032] [bmv2] [T] [thread 78214] bm_table_add_entry
[17:55:45.032] [bmv2] [E] [thread 78214] Error when trying to add entry to table 'int_vxlan_ingress.vxlan_ingress_downstream.tb_peer_vtep': DUPLICATE_ENTRY
[17:55:45.032] [bmv2] [T] [thread 78214] bm_table_add_entry
[17:55:45.032] [bmv2] [E] [thread 78214] Error when trying to add entry to table 'int_vxlan_ingress.vxlan_ingress_downstream.tb_peer_vtep': DUPLICATE_ENTRY
[17:55:45.032] [bmv2] [T] [thread 78214] bm_table_add_entry
[17:55:45.032] [bmv2] [E] [thread 78214] Error when trying to add entry to table 'int_vxlan_ingress.vxlan_ingress_downstream.tb_peer_vtep': DUPLICATE_ENTRY
[17:55:45.032] [bmv2] [T] [thread 78214] bm_table_add_entry
[17:55:45.032] [bmv2] [E] [thread 78214] Error when trying to add entry to table 'int_vxlan_ingress.int_source_activation.tb_activate_source': DUPLICATE_ENTRY
[17:55:45.033] [bmv2] [T] [thread 78214] bm_table_add_entry
[17:55:45.033] [bmv2] [E] [thread 78214] Error when trying to add entry to table 'int_vxlan_ingress.int_source_activation.tb_activate_source': DUPLICATE_ENTRY
[17:55:45.033] [bmv2] [T] [thread 78214] bm_table_add_entry
[17:55:45.033] [bmv2] [E] [thread 78214] Error when trying to add entry to table 'int_vxlan_ingress.int_source_activation.tb_flow_monitor': DUPLICATE_ENTRY
[17:55:45.034] [bmv2] [T] [thread 78214] bm_table_add_entry
[17:55:45.034] [bmv2] [E] [thread 78214] Error when trying to add entry to table 'int_vxlan_ingress.int_source_activation.tb_flow_monitor': DUPLICATE_ENTRY
[17:55:45.034] [bmv2] [T] [thread 78214] bm_table_add_entry
[17:55:45.034] [bmv2] [E] [thread 78214] Error when trying to add entry to table 'int_vxlan_ingress.int_source_activation.tb_flow_monitor': DUPLICATE_ENTRY
[17:55:45.034] [bmv2] [T] [thread 78214] bm_table_add_entry
[17:55:45.034] [bmv2] [E] [thread 78214] Error when trying to add entry to table 'int_vxlan_ingress.int_source_activation.tb_flow_monitor': DUPLICATE_ENTRY
[17:55:45.034] [bmv2] [T] [thread 78214] bm_table_add_entry
[17:55:45.034] [bmv2] [E] [thread 78214] Error when trying to add entry to table 'int_vxlan_ingress.int_source_activation.tb_flow_monitor': DUPLICATE_ENTRY
[17:55:45.035] [bmv2] [T] [thread 78214] bm_table_add_entry
[17:55:45.035] [bmv2] [E] [thread 78214] Error when trying to add entry to table 'int_vxlan_ingress.int_source_activation.tb_flow_monitor': DUPLICATE_ENTRY
[17:55:45.035] [bmv2] [T] [thread 78214] bm_table_add_entry
[17:55:45.035] [bmv2] [E] [thread 78214] Error when trying to add entry to table 'int_vxlan_ingress.int_source_activation.tb_flow_monitor': DUPLICATE_ENTRY
[17:55:45.035] [bmv2] [T] [thread 78214] bm_table_add_entry
[17:55:45.035] [bmv2] [E] [thread 78214] Error when trying to add entry to table 'int_vxlan_ingress.int_source_activation.tb_flow_monitor': DUPLICATE_ENTRY
[17:55:45.035] [bmv2] [T] [thread 78214] bm_table_add_entry
[17:55:45.036] [bmv2] [E] [thread 78214] Error when trying to add entry to table 'int_vxlan_ingress.int_source_activation.tb_flow_monitor': DUPLICATE_ENTRY
[17:55:45.036] [bmv2] [T] [thread 78214] bm_table_add_entry
[17:55:45.036] [bmv2] [E] [thread 78214] Error when trying to add entry to table 'int_vxlan_ingress.int_source_activation.tb_flow_monitor': DUPLICATE_ENTRY
[17:55:45.036] [bmv2] [T] [thread 78214] bm_table_add_entry
[17:55:45.036] [bmv2] [E] [thread 78214] Error when trying to add entry to table 'int_vxlan_ingress.int_source_activation.tb_flow_monitor': DUPLICATE_ENTRY
[17:55:45.036] [bmv2] [T] [thread 78214] bm_table_add_entry
[17:55:45.036] [bmv2] [E] [thread 78214] Error when trying to add entry to table 'int_vxlan_ingress.int_source_activation.tb_flow_monitor': DUPLICATE_ENTRY
[17:55:45.037] [bmv2] [T] [thread 78214] bm_table_add_entry
[17:55:45.037] [bmv2] [E] [thread 78214] Error when trying to add entry to table 'int_vxlan_ingress.int_source_activation.tb_flow_monitor': DUPLICATE_ENTRY
[17:55:45.037] [bmv2] [T] [thread 78214] bm_table_add_entry
[17:55:45.037] [bmv2] [E] [thread 78214] Error when trying to add entry to table 'int_vxlan_ingress.int_source_activation.tb_flow_monitor': DUPLICATE_ENTRY
[17:55:45.037] [bmv2] [T] [thread 78214] bm_table_add_entry
[17:55:45.037] [bmv2] [E] [thread 78214] Error when trying to add entry to table 'int_vxlan_ingress.int_source_activation.tb_flow_monitor': DUPLICATE_ENTRY
[17:55:45.038] [bmv2] [T] [thread 78214] bm_table_add_entry
[17:55:45.038] [bmv2] [E] [thread 78214] Error when trying to add entry to table 'int_vxlan_ingress.int_source_activation.tb_flow_monitor': DUPLICATE_ENTRY
[17:55:45.038] [bmv2] [T] [thread 78214] bm_table_add_entry
[17:55:45.038] [bmv2] [E] [thread 78214] Error when trying to add entry to table 'int_vxlan_ingress.int_source_activation.tb_flow_monitor': DUPLICATE_ENTRY
[17:55:45.038] [bmv2] [T] [thread 78214] bm_table_add_entry
[17:55:45.038] [bmv2] [E] [thread 78214] Error when trying to add entry to table 'int_vxlan_ingress.int_source_activation.tb_flow_monitor': DUPLICATE_ENTRY
[17:55:45.038] [bmv2] [T] [thread 78214] bm_table_add_entry
[17:55:45.039] [bmv2] [E] [thread 78214] Error when trying to add entry to table 'int_vxlan_ingress.int_source_activation.tb_flow_monitor': DUPLICATE_ENTRY
[17:55:45.039] [bmv2] [T] [thread 78214] bm_table_add_entry
[17:55:45.039] [bmv2] [E] [thread 78214] Error when trying to add entry to table 'int_vxlan_ingress.int_source_activation.tb_flow_monitor': DUPLICATE_ENTRY
[17:55:45.039] [bmv2] [T] [thread 78214] bm_table_add_entry
[17:55:45.039] [bmv2] [E] [thread 78214] Error when trying to add entry to table 'int_vxlan_ingress.int_source_activation.tb_flow_monitor': DUPLICATE_ENTRY
[17:55:45.039] [bmv2] [T] [thread 78214] bm_table_add_entry
[17:55:45.039] [bmv2] [E] [thread 78214] Error when trying to add entry to table 'int_vxlan_ingress.int_source_activation.tb_flow_monitor': DUPLICATE_ENTRY
[17:55:45.040] [bmv2] [T] [thread 78214] bm_table_add_entry
[17:55:45.040] [bmv2] [E] [thread 78214] Error when trying to add entry to table 'int_vxlan_ingress.int_source_activation.tb_flow_monitor': DUPLICATE_ENTRY
[17:55:45.040] [bmv2] [T] [thread 78214] bm_table_add_entry
[17:55:45.040] [bmv2] [E] [thread 78214] Error when trying to add entry to table 'int_vxlan_ingress.int_source_activation.tb_flow_monitor': DUPLICATE_ENTRY
[17:55:45.040] [bmv2] [T] [thread 78214] bm_table_add_entry
[17:55:45.040] [bmv2] [E] [thread 78214] Error when trying to add entry to table 'int_vxlan_ingress.int_source_activation.tb_flow_monitor': DUPLICATE_ENTRY
[17:55:45.040] [bmv2] [T] [thread 78214] bm_table_add_entry
[17:55:45.040] [bmv2] [E] [thread 78214] Error when trying to add entry to table 'int_vxlan_ingress.int_source_activation.tb_flow_monitor': DUPLICATE_ENTRY
[17:55:45.041] [bmv2] [T] [thread 78214] bm_table_add_entry
[17:55:45.041] [bmv2] [E] [thread 78214] Error when trying to add entry to table 'int_vxlan_ingress.int_source_activation.tb_flow_monitor': DUPLICATE_ENTRY
[17:55:45.041] [bmv2] [T] [thread 78214] bm_table_add_entry
[17:55:45.041] [bmv2] [E] [thread 78214] Error when trying to add entry to table 'int_vxlan_ingress.int_source_activation.tb_flow_monitor': DUPLICATE_ENTRY
[17:55:45.041] [bmv2] [T] [thread 78214] bm_table_add_entry
[17:55:45.041] [bmv2] [E] [thread 78214] Error when trying to add entry to table 'int_vxlan_ingress.int_source_activation.tb_flow_monitor': DUPLICATE_ENTRY
[17:55:45.041] [bmv2] [T] [thread 78214] bm_table_add_entry
[17:55:45.041] [bmv2] [E] [thread 78214] Error when trying to add entry to table 'int_vxlan_ingress.int_source_activation.tb_flow_monitor': DUPLICATE_ENTRY
[17:55:45.042] [bmv2] [T] [thread 78214] bm_table_add_entry
[17:55:45.042] [bmv2] [E] [thread 78214] Error when trying to add entry to table 'int_vxlan_ingress.int_source_activation.tb_flow_monitor': DUPLICATE_ENTRY
[17:55:45.042] [bmv2] [T] [thread 78214] bm_table_add_entry
[17:55:45.042] [bmv2] [E] [thread 78214] Error when trying to add entry to table 'int_vxlan_ingress.int_source_activation.tb_flow_monitor': DUPLICATE_ENTRY
[17:55:45.042] [bmv2] [T] [thread 78214] bm_table_add_entry
[17:55:45.042] [bmv2] [E] [thread 78214] Error when trying to add entry to table 'int_vxlan_ingress.int_source_activation.tb_flow_monitor': DUPLICATE_ENTRY
[17:55:45.042] [bmv2] [T] [thread 78214] bm_table_add_entry
[17:55:45.042] [bmv2] [E] [thread 78214] Error when trying to add entry to table 'int_vxlan_ingress.int_source_activation.tb_flow_monitor': DUPLICATE_ENTRY
[17:55:45.042] [bmv2] [T] [thread 78214] bm_table_add_entry
[17:55:45.043] [bmv2] [E] [thread 78214] Error when trying to add entry to table 'int_vxlan_ingress.int_source_activation.tb_flow_monitor': DUPLICATE_ENTRY
[17:55:45.043] [bmv2] [T] [thread 78214] bm_table_add_entry
[17:55:45.043] [bmv2] [E] [thread 78214] Error when trying to add entry to table 'int_vxlan_ingress.int_source_activation.tb_flow_monitor': DUPLICATE_ENTRY
[17:55:45.043] [bmv2] [T] [thread 78214] bm_table_add_entry
[17:55:45.043] [bmv2] [E] [thread 78214] Error when trying to add entry to table 'int_vxlan_ingress.int_source_activation.tb_flow_monitor': DUPLICATE_ENTRY
[17:55:45.043] [bmv2] [T] [thread 78214] bm_table_add_entry
[17:55:45.043] [bmv2] [E] [thread 78214] Error when trying to add entry to table 'int_vxlan_ingress.int_source_activation.tb_flow_monitor': DUPLICATE_ENTRY
[17:55:45.043] [bmv2] [T] [thread 78214] bm_table_add_entry
[17:55:45.044] [bmv2] [E] [thread 78214] Error when trying to add entry to table 'int_vxlan_ingress.int_source_activation.tb_flow_monitor': DUPLICATE_ENTRY
[17:55:45.044] [bmv2] [T] [thread 78214] bm_table_add_entry
[17:55:45.044] [bmv2] [E] [thread 78214] Error when trying to add entry to table 'int_vxlan_ingress.int_source_activation.tb_flow_monitor': DUPLICATE_ENTRY
[17:55:45.044] [bmv2] [T] [thread 78214] bm_table_add_entry
[17:55:45.044] [bmv2] [E] [thread 78214] Error when trying to add entry to table 'int_vxlan_ingress.int_source_activation.tb_flow_monitor': DUPLICATE_ENTRY
[17:55:45.044] [bmv2] [T] [thread 78214] bm_table_add_entry
[17:55:45.044] [bmv2] [E] [thread 78214] Error when trying to add entry to table 'int_vxlan_ingress.int_source_activation.tb_flow_monitor': DUPLICATE_ENTRY
[17:55:45.044] [bmv2] [T] [thread 78214] bm_table_add_entry
[17:55:45.044] [bmv2] [E] [thread 78214] Error when trying to add entry to table 'int_vxlan_ingress.int_source_activation.tb_flow_monitor': DUPLICATE_ENTRY
[17:55:45.045] [bmv2] [T] [thread 78214] bm_table_add_entry
[17:55:45.045] [bmv2] [E] [thread 78214] Error when trying to add entry to table 'int_vxlan_ingress.int_source_activation.tb_flow_monitor': DUPLICATE_ENTRY
[17:55:45.045] [bmv2] [T] [thread 78214] bm_table_add_entry
[17:55:45.045] [bmv2] [E] [thread 78214] Error when trying to add entry to table 'int_vxlan_ingress.int_source_activation.tb_flow_monitor': DUPLICATE_ENTRY
[17:55:45.045] [bmv2] [T] [thread 78214] bm_table_add_entry
[17:55:45.045] [bmv2] [E] [thread 78214] Error when trying to add entry to table 'int_vxlan_ingress.int_source_activation.tb_flow_monitor': DUPLICATE_ENTRY
[17:55:45.046] [bmv2] [T] [thread 78214] bm_table_add_entry
[17:55:45.046] [bmv2] [E] [thread 78214] Error when trying to add entry to table 'int_vxlan_ingress.int_source_activation.tb_flow_monitor': DUPLICATE_ENTRY
[17:55:45.046] [bmv2] [T] [thread 78214] bm_table_add_entry
[17:55:45.046] [bmv2] [E] [thread 78214] Error when trying to add entry to table 'int_vxlan_ingress.int_source_activation.tb_flow_monitor': DUPLICATE_ENTRY
[17:55:45.046] [bmv2] [T] [thread 78214] bm_table_add_entry
[17:55:45.046] [bmv2] [E] [thread 78214] Error when trying to add entry to table 'int_vxlan_ingress.int_source_activation.tb_flow_monitor': DUPLICATE_ENTRY
[17:55:45.046] [bmv2] [T] [thread 78214] bm_table_add_entry
[17:55:45.046] [bmv2] [E] [thread 78214] Error when trying to add entry to table 'int_vxlan_ingress.int_source_activation.tb_flow_monitor': DUPLICATE_ENTRY
[17:55:45.047] [bmv2] [T] [thread 78214] bm_table_add_entry
[17:55:45.047] [bmv2] [E] [thread 78214] Error when trying to add entry to table 'int_vxlan_ingress.int_source_activation.tb_flow_monitor': DUPLICATE_ENTRY
[17:55:45.047] [bmv2] [T] [thread 78214] bm_table_add_entry
[17:55:45.047] [bmv2] [E] [thread 78214] Error when trying to add entry to table 'int_vxlan_ingress.int_source_activation.tb_flow_monitor': DUPLICATE_ENTRY
[17:55:45.047] [bmv2] [T] [thread 78214] bm_table_add_entry
[17:55:45.047] [bmv2] [E] [thread 78214] Error when trying to add entry to table 'int_vxlan_ingress.int_source_activation.tb_flow_monitor': DUPLICATE_ENTRY
[17:55:45.047] [bmv2] [T] [thread 78214] bm_table_add_entry
[17:55:45.048] [bmv2] [E] [thread 78214] Error when trying to add entry to table 'int_vxlan_ingress.int_source_activation.tb_flow_monitor': DUPLICATE_ENTRY
[17:55:45.048] [bmv2] [T] [thread 78214] bm_table_add_entry
[17:55:45.048] [bmv2] [E] [thread 78214] Error when trying to add entry to table 'int_vxlan_ingress.int_source_activation.tb_flow_monitor': DUPLICATE_ENTRY
[17:55:45.048] [bmv2] [T] [thread 78214] bm_table_add_entry
[17:55:45.048] [bmv2] [E] [thread 78214] Error when trying to add entry to table 'int_vxlan_ingress.int_source_activation.tb_flow_monitor': DUPLICATE_ENTRY
[17:55:45.048] [bmv2] [T] [thread 78214] bm_table_add_entry
[17:55:45.048] [bmv2] [E] [thread 78214] Error when trying to add entry to table 'int_vxlan_ingress.vxlan_ingress_upstream.tb_vxlan_forward_l2': DUPLICATE_ENTRY
[17:55:45.048] [bmv2] [T] [thread 78214] bm_table_add_entry
[17:55:45.048] [bmv2] [E] [thread 78214] Error when trying to add entry to table 'int_vxlan_ingress.vxlan_ingress_upstream.tb_vxlan_forward_l2': DUPLICATE_ENTRY
[17:55:45.049] [bmv2] [T] [thread 78214] bm_table_add_entry
[17:55:45.049] [bmv2] [E] [thread 78214] Error when trying to add entry to table 'int_vxlan_ingress.int_sink_config.tb_int_sink': DUPLICATE_ENTRY
[17:55:45.049] [bmv2] [T] [thread 78214] bm_table_add_entry
[17:55:45.049] [bmv2] [E] [thread 78214] Error when trying to add entry to table 'int_vxlan_ingress.int_sink_config.tb_int_sink': DUPLICATE_ENTRY
[17:55:45.049] [bmv2] [T] [thread 78214] bm_table_add_entry
[17:55:45.049] [bmv2] [E] [thread 78214] Error when trying to add entry to table 'int_vxlan_egress.int_transit.tb_int_transit': DUPLICATE_ENTRY
